[0.073s] DEBUG:colcon:Command line arguments: ['/usr/bin/colcon', 'build']
[0.073s] DEBUG:colcon:Parsed command line arguments: Namespace(log_base=None, log_level=None, verb_name='build', build_base='build', install_base='install', merge_install=False, symlink_install=False, test_result_base=None, continue_on_error=False, executor='parallel', parallel_workers=20, event_handlers=None, ignore_user_meta=False, metas=['./colcon.meta'], base_paths=['.'], packages_ignore=None, packages_ignore_regex=None, paths=None, packages_up_to=None, packages_up_to_regex=None, packages_above=None, packages_above_and_dependencies=None, packages_above_depth=None, packages_select_by_dep=None, packages_skip_by_dep=None, packages_skip_up_to=None, packages_select_build_failed=False, packages_skip_build_finished=False, packages_select_test_failures=False, packages_skip_test_passed=False, packages_select=None, packages_skip=None, packages_select_regex=None, packages_skip_regex=None, packages_start=None, packages_end=None, allow_overriding=[], cmake_args=None, cmake_target=None, cmake_target_skip_unavailable=False, cmake_clean_cache=False, cmake_clean_first=False, cmake_force_configure=False, ament_cmake_args=None, catkin_cmake_args=None, catkin_skip_building_tests=False, verb_parser=<colcon_defaults.argument_parser.defaults.DefaultArgumentsDecorator object at 0x73ccccaf8970>, verb_extension=<colcon_core.verb.build.BuildVerb object at 0x73ccccaf8190>, main=<bound method BuildVerb.main of <colcon_core.verb.build.BuildVerb object at 0x73ccccaf8190>>)
[0.174s] Level 1:colcon.colcon_core.package_discovery:discover_packages(colcon_meta) check parameters
[0.174s] Level 1:colcon.colcon_core.package_discovery:discover_packages(recursive) check parameters
[0.174s] Level 1:colcon.colcon_core.package_discovery:discover_packages(ignore) check parameters
[0.174s] Level 1:colcon.colcon_core.package_discovery:discover_packages(path) check parameters
[0.174s] Level 1:colcon.colcon_core.package_discovery:discover_packages(colcon_meta) discover
[0.174s] Level 1:colcon.colcon_core.package_discovery:discover_packages(recursive) discover
[0.174s] INFO:colcon.colcon_core.package_discovery:Crawling recursively for packages in '/home/zkl/chapt7/chapt7_ws/src'
[0.174s] Level 1:colcon.colcon_core.package_identification:_identify(.) by extensions ['ignore', 'ignore_ament_install']
[0.174s] Level 1:colcon.colcon_core.package_identification:_identify(.) by extension 'ignore'
[0.174s] Level 1:colcon.colcon_core.package_identification:_identify(.) by extension 'ignore_ament_install'
[0.174s] Level 1:colcon.colcon_core.package_identification:_identify(.) by extensions ['colcon_pkg']
[0.174s] Level 1:colcon.colcon_core.package_identification:_identify(.) by extension 'colcon_pkg'
[0.174s] Level 1:colcon.colcon_core.package_identification:_identify(.) by extensions ['colcon_meta']
[0.175s] Level 1:colcon.colcon_core.package_identification:_identify(.) by extension 'colcon_meta'
[0.175s] Level 1:colcon.colcon_core.package_identification:_identify(.) by extensions ['ros']
[0.175s] Level 1:colcon.colcon_core.package_identification:_identify(.) by extension 'ros'
[0.182s] Level 1:colcon.colcon_core.package_identification:_identify(.) by extensions ['cmake', 'python']
[0.182s] Level 1:colcon.colcon_core.package_identification:_identify(.) by extension 'cmake'
[0.182s] Level 1:colcon.colcon_core.package_identification:_identify(.) by extension 'python'
[0.182s] Level 1:colcon.colcon_core.package_identification:_identify(.) by extensions ['python_setup_py']
[0.182s] Level 1:colcon.colcon_core.package_identification:_identify(.) by extension 'python_setup_py'
[0.182s] Level 1:colcon.colcon_core.package_identification:_identify(autopatrol_interfaces) by extensions ['ignore', 'ignore_ament_install']
[0.183s] Level 1:colcon.colcon_core.package_identification:_identify(autopatrol_interfaces) by extension 'ignore'
[0.183s] Level 1:colcon.colcon_core.package_identification:_identify(autopatrol_interfaces) by extension 'ignore_ament_install'
[0.183s] Level 1:colcon.colcon_core.package_identification:_identify(autopatrol_interfaces) by extensions ['colcon_pkg']
[0.183s] Level 1:colcon.colcon_core.package_identification:_identify(autopatrol_interfaces) by extension 'colcon_pkg'
[0.183s] Level 1:colcon.colcon_core.package_identification:_identify(autopatrol_interfaces) by extensions ['colcon_meta']
[0.183s] Level 1:colcon.colcon_core.package_identification:_identify(autopatrol_interfaces) by extension 'colcon_meta'
[0.183s] Level 1:colcon.colcon_core.package_identification:_identify(autopatrol_interfaces) by extensions ['ros']
[0.183s] Level 1:colcon.colcon_core.package_identification:_identify(autopatrol_interfaces) by extension 'ros'
[0.184s] DEBUG:colcon.colcon_core.package_identification:Package 'autopatrol_interfaces' with type 'ros.ament_cmake' and name 'autopatrol_interfaces'
[0.185s] Level 1:colcon.colcon_core.package_identification:_identify(autopatrol_robot) by extensions ['ignore', 'ignore_ament_install']
[0.185s] Level 1:colcon.colcon_core.package_identification:_identify(autopatrol_robot) by extension 'ignore'
[0.185s] Level 1:colcon.colcon_core.package_identification:_identify(autopatrol_robot) by extension 'ignore_ament_install'
[0.185s] Level 1:colcon.colcon_core.package_identification:_identify(autopatrol_robot) by extensions ['colcon_pkg']
[0.185s] Level 1:colcon.colcon_core.package_identification:_identify(autopatrol_robot) by extension 'colcon_pkg'
[0.185s] Level 1:colcon.colcon_core.package_identification:_identify(autopatrol_robot) by extensions ['colcon_meta']
[0.185s] Level 1:colcon.colcon_core.package_identification:_identify(autopatrol_robot) by extension 'colcon_meta'
[0.185s] Level 1:colcon.colcon_core.package_identification:_identify(autopatrol_robot) by extensions ['ros']
[0.185s] Level 1:colcon.colcon_core.package_identification:_identify(autopatrol_robot) by extension 'ros'
[0.185s] DEBUG:colcon.colcon_core.package_identification:Package 'autopatrol_robot' with type 'ros.ament_python' and name 'autopatrol_robot'
[0.186s] Level 1:colcon.colcon_core.package_identification:_identify(build) by extensions ['ignore', 'ignore_ament_install']
[0.186s] Level 1:colcon.colcon_core.package_identification:_identify(build) by extension 'ignore'
[0.186s] Level 1:colcon.colcon_core.package_identification:_identify(build) ignored
[0.186s] Level 1:colcon.colcon_core.package_identification:_identify(fishbot_application) by extensions ['ignore', 'ignore_ament_install']
[0.186s] Level 1:colcon.colcon_core.package_identification:_identify(fishbot_application) by extension 'ignore'
[0.186s] Level 1:colcon.colcon_core.package_identification:_identify(fishbot_application) by extension 'ignore_ament_install'
[0.186s] Level 1:colcon.colcon_core.package_identification:_identify(fishbot_application) by extensions ['colcon_pkg']
[0.186s] Level 1:colcon.colcon_core.package_identification:_identify(fishbot_application) by extension 'colcon_pkg'
[0.186s] Level 1:colcon.colcon_core.package_identification:_identify(fishbot_application) by extensions ['colcon_meta']
[0.186s] Level 1:colcon.colcon_core.package_identification:_identify(fishbot_application) by extension 'colcon_meta'
[0.186s] Level 1:colcon.colcon_core.package_identification:_identify(fishbot_application) by extensions ['ros']
[0.186s] Level 1:colcon.colcon_core.package_identification:_identify(fishbot_application) by extension 'ros'
[0.187s] DEBUG:colcon.colcon_core.package_identification:Package 'fishbot_application' with type 'ros.ament_python' and name 'fishbot_application'
[0.187s] Level 1:colcon.colcon_core.package_identification:_identify(fishbot_description) by extensions ['ignore', 'ignore_ament_install']
[0.187s] Level 1:colcon.colcon_core.package_identification:_identify(fishbot_description) by extension 'ignore'
[0.187s] Level 1:colcon.colcon_core.package_identification:_identify(fishbot_description) by extension 'ignore_ament_install'
[0.187s] Level 1:colcon.colcon_core.package_identification:_identify(fishbot_description) by extensions ['colcon_pkg']
[0.187s] Level 1:colcon.colcon_core.package_identification:_identify(fishbot_description) by extension 'colcon_pkg'
[0.187s] Level 1:colcon.colcon_core.package_identification:_identify(fishbot_description) by extensions ['colcon_meta']
[0.187s] Level 1:colcon.colcon_core.package_identification:_identify(fishbot_description) by extension 'colcon_meta'
[0.187s] Level 1:colcon.colcon_core.package_identification:_identify(fishbot_description) by extensions ['ros']
[0.187s] Level 1:colcon.colcon_core.package_identification:_identify(fishbot_description) by extension 'ros'
[0.188s] DEBUG:colcon.colcon_core.package_identification:Package 'fishbot_description' with type 'ros.ament_cmake' and name 'fishbot_description'
[0.188s] Level 1:colcon.colcon_core.package_identification:_identify(fishbot_navigation2) by extensions ['ignore', 'ignore_ament_install']
[0.188s] Level 1:colcon.colcon_core.package_identification:_identify(fishbot_navigation2) by extension 'ignore'
[0.188s] Level 1:colcon.colcon_core.package_identification:_identify(fishbot_navigation2) by extension 'ignore_ament_install'
[0.188s] Level 1:colcon.colcon_core.package_identification:_identify(fishbot_navigation2) by extensions ['colcon_pkg']
[0.188s] Level 1:colcon.colcon_core.package_identification:_identify(fishbot_navigation2) by extension 'colcon_pkg'
[0.189s] Level 1:colcon.colcon_core.package_identification:_identify(fishbot_navigation2) by extensions ['colcon_meta']
[0.189s] Level 1:colcon.colcon_core.package_identification:_identify(fishbot_navigation2) by extension 'colcon_meta'
[0.189s] Level 1:colcon.colcon_core.package_identification:_identify(fishbot_navigation2) by extensions ['ros']
[0.189s] Level 1:colcon.colcon_core.package_identification:_identify(fishbot_navigation2) by extension 'ros'
[0.189s] DEBUG:colcon.colcon_core.package_identification:Package 'fishbot_navigation2' with type 'ros.ament_cmake' and name 'fishbot_navigation2'
[0.189s] Level 1:colcon.colcon_core.package_identification:_identify(install) by extensions ['ignore', 'ignore_ament_install']
[0.190s] Level 1:colcon.colcon_core.package_identification:_identify(install) by extension 'ignore'
[0.190s] Level 1:colcon.colcon_core.package_identification:_identify(install) ignored
[0.190s] Level 1:colcon.colcon_core.package_identification:_identify(log) by extensions ['ignore', 'ignore_ament_install']
[0.190s] Level 1:colcon.colcon_core.package_identification:_identify(log) by extension 'ignore'
[0.190s] Level 1:colcon.colcon_core.package_identification:_identify(log) ignored
[0.190s] Level 1:colcon.colcon_core.package_discovery:discover_packages(recursive) using defaults
[0.190s] Level 1:colcon.colcon_core.package_discovery:discover_packages(ignore) discover
[0.190s] Level 1:colcon.colcon_core.package_discovery:discover_packages(ignore) using defaults
[0.190s] Level 1:colcon.colcon_core.package_discovery:discover_packages(path) discover
[0.190s] Level 1:colcon.colcon_core.package_discovery:discover_packages(path) using defaults
[0.203s] Level 1:colcon.colcon_core.package_discovery:discover_packages(prefix_path) check parameters
[0.203s] Level 1:colcon.colcon_core.package_discovery:discover_packages(prefix_path) discover
[0.204s] DEBUG:colcon.colcon_installed_package_information.package_discovery:Found 5 installed packages in /home/zkl/chapt7/chapt7_ws/src/install
[0.204s] DEBUG:colcon.colcon_installed_package_information.package_discovery:Found 4 installed packages in /home/zkl/chapt7/chapt7_ws/install
[0.206s] DEBUG:colcon.colcon_installed_package_information.package_discovery:Found 363 installed packages in /opt/ros/humble
[0.207s] Level 1:colcon.colcon_core.package_discovery:discover_packages(prefix_path) using defaults
[0.242s] Level 5:colcon.colcon_core.verb:set package 'autopatrol_interfaces' build argument 'cmake_args' from command line to 'None'
[0.242s] Level 5:colcon.colcon_core.verb:set package 'autopatrol_interfaces' build argument 'cmake_target' from command line to 'None'
[0.242s] Level 5:colcon.colcon_core.verb:set package 'autopatrol_interfaces' build argument 'cmake_target_skip_unavailable' from command line to 'False'
[0.242s] Level 5:colcon.colcon_core.verb:set package 'autopatrol_interfaces' build argument 'cmake_clean_cache' from command line to 'False'
[0.242s] Level 5:colcon.colcon_core.verb:set package 'autopatrol_interfaces' build argument 'cmake_clean_first' from command line to 'False'
[0.242s] Level 5:colcon.colcon_core.verb:set package 'autopatrol_interfaces' build argument 'cmake_force_configure' from command line to 'False'
[0.243s] Level 5:colcon.colcon_core.verb:set package 'autopatrol_interfaces' build argument 'ament_cmake_args' from command line to 'None'
[0.243s] Level 5:colcon.colcon_core.verb:set package 'autopatrol_interfaces' build argument 'catkin_cmake_args' from command line to 'None'
[0.243s] Level 5:colcon.colcon_core.verb:set package 'autopatrol_interfaces' build argument 'catkin_skip_building_tests' from command line to 'False'
[0.243s] DEBUG:colcon.colcon_core.verb:Building package 'autopatrol_interfaces' with the following arguments: {'ament_cmake_args': None, 'build_base': '/home/zkl/chapt7/chapt7_ws/src/build/autopatrol_interfaces', 'catkin_cmake_args': None, 'catkin_skip_building_tests': False, 'cmake_args': None, 'cmake_clean_cache': False, 'cmake_clean_first': False, 'cmake_force_configure': False, 'cmake_target': None, 'cmake_target_skip_unavailable': False, 'install_base': '/home/zkl/chapt7/chapt7_ws/src/install/autopatrol_interfaces', 'merge_install': False, 'path': '/home/zkl/chapt7/chapt7_ws/src/autopatrol_interfaces', 'symlink_install': False, 'test_result_base': None}
[0.243s] Level 5:colcon.colcon_core.verb:set package 'autopatrol_robot' build argument 'cmake_args' from command line to 'None'
[0.243s] Level 5:colcon.colcon_core.verb:set package 'autopatrol_robot' build argument 'cmake_target' from command line to 'None'
[0.243s] Level 5:colcon.colcon_core.verb:set package 'autopatrol_robot' build argument 'cmake_target_skip_unavailable' from command line to 'False'
[0.243s] Level 5:colcon.colcon_core.verb:set package 'autopatrol_robot' build argument 'cmake_clean_cache' from command line to 'False'
[0.243s] Level 5:colcon.colcon_core.verb:set package 'autopatrol_robot' build argument 'cmake_clean_first' from command line to 'False'
[0.243s] Level 5:colcon.colcon_core.verb:set package 'autopatrol_robot' build argument 'cmake_force_configure' from command line to 'False'
[0.243s] Level 5:colcon.colcon_core.verb:set package 'autopatrol_robot' build argument 'ament_cmake_args' from command line to 'None'
[0.243s] Level 5:colcon.colcon_core.verb:set package 'autopatrol_robot' build argument 'catkin_cmake_args' from command line to 'None'
[0.243s] Level 5:colcon.colcon_core.verb:set package 'autopatrol_robot' build argument 'catkin_skip_building_tests' from command line to 'False'
[0.243s] DEBUG:colcon.colcon_core.verb:Building package 'autopatrol_robot' with the following arguments: {'ament_cmake_args': None, 'build_base': '/home/zkl/chapt7/chapt7_ws/src/build/autopatrol_robot', 'catkin_cmake_args': None, 'catkin_skip_building_tests': False, 'cmake_args': None, 'cmake_clean_cache': False, 'cmake_clean_first': False, 'cmake_force_configure': False, 'cmake_target': None, 'cmake_target_skip_unavailable': False, 'install_base': '/home/zkl/chapt7/chapt7_ws/src/install/autopatrol_robot', 'merge_install': False, 'path': '/home/zkl/chapt7/chapt7_ws/src/autopatrol_robot', 'symlink_install': False, 'test_result_base': None}
[0.243s] Level 5:colcon.colcon_core.verb:set package 'fishbot_application' build argument 'cmake_args' from command line to 'None'
[0.243s] Level 5:colcon.colcon_core.verb:set package 'fishbot_application' build argument 'cmake_target' from command line to 'None'
[0.243s] Level 5:colcon.colcon_core.verb:set package 'fishbot_application' build argument 'cmake_target_skip_unavailable' from command line to 'False'
[0.243s] Level 5:colcon.colcon_core.verb:set package 'fishbot_application' build argument 'cmake_clean_cache' from command line to 'False'
[0.243s] Level 5:colcon.colcon_core.verb:set package 'fishbot_application' build argument 'cmake_clean_first' from command line to 'False'
[0.243s] Level 5:colcon.colcon_core.verb:set package 'fishbot_application' build argument 'cmake_force_configure' from command line to 'False'
[0.243s] Level 5:colcon.colcon_core.verb:set package 'fishbot_application' build argument 'ament_cmake_args' from command line to 'None'
[0.243s] Level 5:colcon.colcon_core.verb:set package 'fishbot_application' build argument 'catkin_cmake_args' from command line to 'None'
[0.243s] Level 5:colcon.colcon_core.verb:set package 'fishbot_application' build argument 'catkin_skip_building_tests' from command line to 'False'
[0.243s] DEBUG:colcon.colcon_core.verb:Building package 'fishbot_application' with the following arguments: {'ament_cmake_args': None, 'build_base': '/home/zkl/chapt7/chapt7_ws/src/build/fishbot_application', 'catkin_cmake_args': None, 'catkin_skip_building_tests': False, 'cmake_args': None, 'cmake_clean_cache': False, 'cmake_clean_first': False, 'cmake_force_configure': False, 'cmake_target': None, 'cmake_target_skip_unavailable': False, 'install_base': '/home/zkl/chapt7/chapt7_ws/src/install/fishbot_application', 'merge_install': False, 'path': '/home/zkl/chapt7/chapt7_ws/src/fishbot_application', 'symlink_install': False, 'test_result_base': None}
[0.243s] Level 5:colcon.colcon_core.verb:set package 'fishbot_description' build argument 'cmake_args' from command line to 'None'
[0.243s] Level 5:colcon.colcon_core.verb:set package 'fishbot_description' build argument 'cmake_target' from command line to 'None'
[0.243s] Level 5:colcon.colcon_core.verb:set package 'fishbot_description' build argument 'cmake_target_skip_unavailable' from command line to 'False'
[0.243s] Level 5:colcon.colcon_core.verb:set package 'fishbot_description' build argument 'cmake_clean_cache' from command line to 'False'
[0.243s] Level 5:colcon.colcon_core.verb:set package 'fishbot_description' build argument 'cmake_clean_first' from command line to 'False'
[0.243s] Level 5:colcon.colcon_core.verb:set package 'fishbot_description' build argument 'cmake_force_configure' from command line to 'False'
[0.243s] Level 5:colcon.colcon_core.verb:set package 'fishbot_description' build argument 'ament_cmake_args' from command line to 'None'
[0.243s] Level 5:colcon.colcon_core.verb:set package 'fishbot_description' build argument 'catkin_cmake_args' from command line to 'None'
[0.244s] Level 5:colcon.colcon_core.verb:set package 'fishbot_description' build argument 'catkin_skip_building_tests' from command line to 'False'
[0.244s] DEBUG:colcon.colcon_core.verb:Building package 'fishbot_description' with the following arguments: {'ament_cmake_args': None, 'build_base': '/home/zkl/chapt7/chapt7_ws/src/build/fishbot_description', 'catkin_cmake_args': None, 'catkin_skip_building_tests': False, 'cmake_args': None, 'cmake_clean_cache': False, 'cmake_clean_first': False, 'cmake_force_configure': False, 'cmake_target': None, 'cmake_target_skip_unavailable': False, 'install_base': '/home/zkl/chapt7/chapt7_ws/src/install/fishbot_description', 'merge_install': False, 'path': '/home/zkl/chapt7/chapt7_ws/src/fishbot_description', 'symlink_install': False, 'test_result_base': None}
[0.244s] Level 5:colcon.colcon_core.verb:set package 'fishbot_navigation2' build argument 'cmake_args' from command line to 'None'
[0.244s] Level 5:colcon.colcon_core.verb:set package 'fishbot_navigation2' build argument 'cmake_target' from command line to 'None'
[0.244s] Level 5:colcon.colcon_core.verb:set package 'fishbot_navigation2' build argument 'cmake_target_skip_unavailable' from command line to 'False'
[0.244s] Level 5:colcon.colcon_core.verb:set package 'fishbot_navigation2' build argument 'cmake_clean_cache' from command line to 'False'
[0.244s] Level 5:colcon.colcon_core.verb:set package 'fishbot_navigation2' build argument 'cmake_clean_first' from command line to 'False'
[0.244s] Level 5:colcon.colcon_core.verb:set package 'fishbot_navigation2' build argument 'cmake_force_configure' from command line to 'False'
[0.244s] Level 5:colcon.colcon_core.verb:set package 'fishbot_navigation2' build argument 'ament_cmake_args' from command line to 'None'
[0.244s] Level 5:colcon.colcon_core.verb:set package 'fishbot_navigation2' build argument 'catkin_cmake_args' from command line to 'None'
[0.244s] Level 5:colcon.colcon_core.verb:set package 'fishbot_navigation2' build argument 'catkin_skip_building_tests' from command line to 'False'
[0.244s] DEBUG:colcon.colcon_core.verb:Building package 'fishbot_navigation2' with the following arguments: {'ament_cmake_args': None, 'build_base': '/home/zkl/chapt7/chapt7_ws/src/build/fishbot_navigation2', 'catkin_cmake_args': None, 'catkin_skip_building_tests': False, 'cmake_args': None, 'cmake_clean_cache': False, 'cmake_clean_first': False, 'cmake_force_configure': False, 'cmake_target': None, 'cmake_target_skip_unavailable': False, 'install_base': '/home/zkl/chapt7/chapt7_ws/src/install/fishbot_navigation2', 'merge_install': False, 'path': '/home/zkl/chapt7/chapt7_ws/src/fishbot_navigation2', 'symlink_install': False, 'test_result_base': None}
[0.244s] INFO:colcon.colcon_core.executor:Executing jobs using 'parallel' executor
[0.244s] DEBUG:colcon.colcon_parallel_executor.executor.parallel:run_until_complete
[0.245s] INFO:colcon.colcon_ros.task.ament_cmake.build:Building ROS package in '/home/zkl/chapt7/chapt7_ws/src/autopatrol_interfaces' with build type 'ament_cmake'
[0.245s] INFO:colcon.colcon_cmake.task.cmake.build:Building CMake package in '/home/zkl/chapt7/chapt7_ws/src/autopatrol_interfaces'
[0.246s] INFO:colcon.colcon_core.plugin_system:Skipping extension 'colcon_core.shell.bat': Not used on non-Windows systems
[0.247s] INFO:colcon.colcon_core.shell:Skip shell extension 'powershell' for command environment: Not usable outside of PowerShell
[0.247s] DEBUG:colcon.colcon_core.shell:Skip shell extension 'dsv' for command environment
[0.249s] INFO:colcon.colcon_ros.task.ament_python.build:Building ROS package in '/home/zkl/chapt7/chapt7_ws/src/autopatrol_robot' with build type 'ament_python'
[0.250s] Level 1:colcon.colcon_core.shell:create_environment_hook('autopatrol_robot', 'ament_prefix_path')
[0.250s] INFO:colcon.colcon_core.shell:Creating environment hook '/home/zkl/chapt7/chapt7_ws/src/install/autopatrol_robot/share/autopatrol_robot/hook/ament_prefix_path.ps1'
[0.250s] INFO:colcon.colcon_core.shell:Creating environment descriptor '/home/zkl/chapt7/chapt7_ws/src/install/autopatrol_robot/share/autopatrol_robot/hook/ament_prefix_path.dsv'
[0.250s] INFO:colcon.colcon_core.shell:Creating environment hook '/home/zkl/chapt7/chapt7_ws/src/install/autopatrol_robot/share/autopatrol_robot/hook/ament_prefix_path.sh'
[0.251s] INFO:colcon.colcon_core.shell:Skip shell extension 'powershell' for command environment: Not usable outside of PowerShell
[0.251s] DEBUG:colcon.colcon_core.shell:Skip shell extension 'dsv' for command environment
[0.253s] INFO:colcon.colcon_ros.task.ament_python.build:Building ROS package in '/home/zkl/chapt7/chapt7_ws/src/fishbot_application' with build type 'ament_python'
[0.254s] Level 1:colcon.colcon_core.shell:create_environment_hook('fishbot_application', 'ament_prefix_path')
[0.254s] INFO:colcon.colcon_core.shell:Creating environment hook '/home/zkl/chapt7/chapt7_ws/src/install/fishbot_application/share/fishbot_application/hook/ament_prefix_path.ps1'
[0.255s] INFO:colcon.colcon_core.shell:Creating environment descriptor '/home/zkl/chapt7/chapt7_ws/src/install/fishbot_application/share/fishbot_application/hook/ament_prefix_path.dsv'
[0.255s] INFO:colcon.colcon_core.shell:Creating environment hook '/home/zkl/chapt7/chapt7_ws/src/install/fishbot_application/share/fishbot_application/hook/ament_prefix_path.sh'
[0.256s] INFO:colcon.colcon_core.shell:Skip shell extension 'powershell' for command environment: Not usable outside of PowerShell
[0.256s] DEBUG:colcon.colcon_core.shell:Skip shell extension 'dsv' for command environment
[0.258s] INFO:colcon.colcon_ros.task.ament_cmake.build:Building ROS package in '/home/zkl/chapt7/chapt7_ws/src/fishbot_description' with build type 'ament_cmake'
[0.258s] INFO:colcon.colcon_cmake.task.cmake.build:Building CMake package in '/home/zkl/chapt7/chapt7_ws/src/fishbot_description'
[0.258s] INFO:colcon.colcon_core.shell:Skip shell extension 'powershell' for command environment: Not usable outside of PowerShell
[0.258s] DEBUG:colcon.colcon_core.shell:Skip shell extension 'dsv' for command environment
[0.262s] INFO:colcon.colcon_ros.task.ament_cmake.build:Building ROS package in '/home/zkl/chapt7/chapt7_ws/src/fishbot_navigation2' with build type 'ament_cmake'
[0.262s] INFO:colcon.colcon_cmake.task.cmake.build:Building CMake package in '/home/zkl/chapt7/chapt7_ws/src/fishbot_navigation2'
[0.262s] INFO:colcon.colcon_core.shell:Skip shell extension 'powershell' for command environment: Not usable outside of PowerShell
[0.262s] DEBUG:colcon.colcon_core.shell:Skip shell extension 'dsv' for command environment
[0.272s] DEBUG:colcon.colcon_core.event_handler.log_command:Invoking command in '/home/zkl/chapt7/chapt7_ws/src/build/autopatrol_interfaces': CMAKE_PREFIX_PATH=${CMAKE_PREFIX_PATH}:/home/zkl/chapt7/chapt7_ws/src/install/fishbot_application:/home/zkl/chapt7/chapt7_ws/src/install/autopatrol_robot:/home/zkl/chapt7/chapt7_ws/install/autopatrol_robot:/home/zkl/chapt7/chapt7_ws/install/fishbot_application:/opt/ros/humble /usr/bin/cmake --build /home/zkl/chapt7/chapt7_ws/src/build/autopatrol_interfaces -- -j20 -l20
[0.500s] INFO:colcon.colcon_core.task.python.build:Building Python package in '/home/zkl/chapt7/chapt7_ws/src/autopatrol_robot'
[0.501s] INFO:colcon.colcon_core.shell:Skip shell extension 'powershell' for command environment: Not usable outside of PowerShell
[0.501s] DEBUG:colcon.colcon_core.shell:Skip shell extension 'dsv' for command environment
[0.672s] INFO:colcon.colcon_core.task.python.build:Building Python package in '/home/zkl/chapt7/chapt7_ws/src/fishbot_application'
[0.672s] INFO:colcon.colcon_core.shell:Skip shell extension 'powershell' for command environment: Not usable outside of PowerShell
[0.672s] DEBUG:colcon.colcon_core.shell:Skip shell extension 'dsv' for command environment
[0.680s] DEBUG:colcon.colcon_core.event_handler.log_command:Invoking command in '/home/zkl/chapt7/chapt7_ws/src/build/fishbot_description': CMAKE_PREFIX_PATH=${CMAKE_PREFIX_PATH}:/home/zkl/chapt7/chapt7_ws/src/install/fishbot_application:/home/zkl/chapt7/chapt7_ws/src/install/autopatrol_robot:/home/zkl/chapt7/chapt7_ws/install/autopatrol_robot:/home/zkl/chapt7/chapt7_ws/install/fishbot_application:/opt/ros/humble /usr/bin/cmake --build /home/zkl/chapt7/chapt7_ws/src/build/fishbot_description -- -j20 -l20
[0.693s] DEBUG:colcon.colcon_core.event_handler.log_command:Invoking command in '/home/zkl/chapt7/chapt7_ws/src/build/fishbot_navigation2': CMAKE_PREFIX_PATH=${CMAKE_PREFIX_PATH}:/home/zkl/chapt7/chapt7_ws/src/install/fishbot_application:/home/zkl/chapt7/chapt7_ws/src/install/autopatrol_robot:/home/zkl/chapt7/chapt7_ws/install/autopatrol_robot:/home/zkl/chapt7/chapt7_ws/install/fishbot_application:/opt/ros/humble /usr/bin/cmake --build /home/zkl/chapt7/chapt7_ws/src/build/fishbot_navigation2 -- -j20 -l20
[0.693s] DEBUG:colcon.colcon_core.event_handler.log_command:Invoked command in '/home/zkl/chapt7/chapt7_ws/src/build/autopatrol_interfaces' returned '0': CMAKE_PREFIX_PATH=${CMAKE_PREFIX_PATH}:/home/zkl/chapt7/chapt7_ws/src/install/fishbot_application:/home/zkl/chapt7/chapt7_ws/src/install/autopatrol_robot:/home/zkl/chapt7/chapt7_ws/install/autopatrol_robot:/home/zkl/chapt7/chapt7_ws/install/fishbot_application:/opt/ros/humble /usr/bin/cmake --build /home/zkl/chapt7/chapt7_ws/src/build/autopatrol_interfaces -- -j20 -l20
[0.720s] DEBUG:colcon.colcon_core.event_handler.log_command:Invoked command in '/home/zkl/chapt7/chapt7_ws/src/build/fishbot_description' returned '0': CMAKE_PREFIX_PATH=${CMAKE_PREFIX_PATH}:/home/zkl/chapt7/chapt7_ws/src/install/fishbot_application:/home/zkl/chapt7/chapt7_ws/src/install/autopatrol_robot:/home/zkl/chapt7/chapt7_ws/install/autopatrol_robot:/home/zkl/chapt7/chapt7_ws/install/fishbot_application:/opt/ros/humble /usr/bin/cmake --build /home/zkl/chapt7/chapt7_ws/src/build/fishbot_description -- -j20 -l20
[0.732s] DEBUG:colcon.colcon_core.event_handler.log_command:Invoked command in '/home/zkl/chapt7/chapt7_ws/src/build/fishbot_navigation2' returned '0': CMAKE_PREFIX_PATH=${CMAKE_PREFIX_PATH}:/home/zkl/chapt7/chapt7_ws/src/install/fishbot_application:/home/zkl/chapt7/chapt7_ws/src/install/autopatrol_robot:/home/zkl/chapt7/chapt7_ws/install/autopatrol_robot:/home/zkl/chapt7/chapt7_ws/install/fishbot_application:/opt/ros/humble /usr/bin/cmake --build /home/zkl/chapt7/chapt7_ws/src/build/fishbot_navigation2 -- -j20 -l20
[0.777s] DEBUG:colcon.colcon_core.event_handler.log_command:Invoking command in '/home/zkl/chapt7/chapt7_ws/src/build/fishbot_description': CMAKE_PREFIX_PATH=${CMAKE_PREFIX_PATH}:/home/zkl/chapt7/chapt7_ws/src/install/fishbot_application:/home/zkl/chapt7/chapt7_ws/src/install/autopatrol_robot:/home/zkl/chapt7/chapt7_ws/install/autopatrol_robot:/home/zkl/chapt7/chapt7_ws/install/fishbot_application:/opt/ros/humble /usr/bin/cmake --install /home/zkl/chapt7/chapt7_ws/src/build/fishbot_description
[0.781s] DEBUG:colcon.colcon_core.event_handler.log_command:Invoking command in '/home/zkl/chapt7/chapt7_ws/src/build/fishbot_navigation2': CMAKE_PREFIX_PATH=${CMAKE_PREFIX_PATH}:/home/zkl/chapt7/chapt7_ws/src/install/fishbot_application:/home/zkl/chapt7/chapt7_ws/src/install/autopatrol_robot:/home/zkl/chapt7/chapt7_ws/install/autopatrol_robot:/home/zkl/chapt7/chapt7_ws/install/fishbot_application:/opt/ros/humble /usr/bin/cmake --install /home/zkl/chapt7/chapt7_ws/src/build/fishbot_navigation2
[0.795s] Level 1:colcon.colcon_core.environment:create_environment_scripts_only(fishbot_description)
[0.802s] DEBUG:colcon.colcon_core.event_handler.log_command:Invoking command in '/home/zkl/chapt7/chapt7_ws/src/build/autopatrol_interfaces': CMAKE_PREFIX_PATH=${CMAKE_PREFIX_PATH}:/home/zkl/chapt7/chapt7_ws/src/install/fishbot_application:/home/zkl/chapt7/chapt7_ws/src/install/autopatrol_robot:/home/zkl/chapt7/chapt7_ws/install/autopatrol_robot:/home/zkl/chapt7/chapt7_ws/install/fishbot_application:/opt/ros/humble /usr/bin/cmake --install /home/zkl/chapt7/chapt7_ws/src/build/autopatrol_interfaces
[0.803s] DEBUG:colcon.colcon_core.event_handler.log_command:Invoked command in '/home/zkl/chapt7/chapt7_ws/src/build/fishbot_description' returned '0': CMAKE_PREFIX_PATH=${CMAKE_PREFIX_PATH}:/home/zkl/chapt7/chapt7_ws/src/install/fishbot_application:/home/zkl/chapt7/chapt7_ws/src/install/autopatrol_robot:/home/zkl/chapt7/chapt7_ws/install/autopatrol_robot:/home/zkl/chapt7/chapt7_ws/install/fishbot_application:/opt/ros/humble /usr/bin/cmake --install /home/zkl/chapt7/chapt7_ws/src/build/fishbot_description
[0.807s] Level 1:colcon.colcon_core.environment:checking '/home/zkl/chapt7/chapt7_ws/src/install/fishbot_description' for CMake module files
[0.808s] Level 1:colcon.colcon_core.environment:checking '/home/zkl/chapt7/chapt7_ws/src/install/fishbot_description' for CMake config files
[0.808s] Level 1:colcon.colcon_core.shell:create_environment_hook('fishbot_description', 'cmake_prefix_path')
[0.808s] INFO:colcon.colcon_core.shell:Creating environment hook '/home/zkl/chapt7/chapt7_ws/src/install/fishbot_description/share/fishbot_description/hook/cmake_prefix_path.ps1'
[0.809s] INFO:colcon.colcon_core.shell:Creating environment descriptor '/home/zkl/chapt7/chapt7_ws/src/install/fishbot_description/share/fishbot_description/hook/cmake_prefix_path.dsv'
[0.811s] INFO:colcon.colcon_core.shell:Creating environment hook '/home/zkl/chapt7/chapt7_ws/src/install/fishbot_description/share/fishbot_description/hook/cmake_prefix_path.sh'
[0.813s] Level 1:colcon.colcon_core.environment:checking '/home/zkl/chapt7/chapt7_ws/src/install/fishbot_description/bin'
[0.813s] Level 1:colcon.colcon_core.environment:checking '/home/zkl/chapt7/chapt7_ws/src/install/fishbot_description/lib/pkgconfig/fishbot_description.pc'
[0.814s] Level 1:colcon.colcon_core.environment:checking '/home/zkl/chapt7/chapt7_ws/src/install/fishbot_description/lib/python3.10/site-packages'
[0.814s] Level 1:colcon.colcon_core.environment:checking '/home/zkl/chapt7/chapt7_ws/src/install/fishbot_description/bin'
[0.815s] INFO:colcon.colcon_core.shell:Creating package script '/home/zkl/chapt7/chapt7_ws/src/install/fishbot_description/share/fishbot_description/package.ps1'
[0.817s] INFO:colcon.colcon_core.shell:Creating package descriptor '/home/zkl/chapt7/chapt7_ws/src/install/fishbot_description/share/fishbot_description/package.dsv'
[0.820s] INFO:colcon.colcon_core.shell:Creating package script '/home/zkl/chapt7/chapt7_ws/src/install/fishbot_description/share/fishbot_description/package.sh'
[0.821s] INFO:colcon.colcon_core.shell:Creating package script '/home/zkl/chapt7/chapt7_ws/src/install/fishbot_description/share/fishbot_description/package.bash'
[0.824s] INFO:colcon.colcon_core.shell:Creating package script '/home/zkl/chapt7/chapt7_ws/src/install/fishbot_description/share/fishbot_description/package.zsh'
[0.824s] Level 1:colcon.colcon_core.environment:create_file_with_runtime_dependencies(/home/zkl/chapt7/chapt7_ws/src/install/fishbot_description/share/colcon-core/packages/fishbot_description)
[0.827s] Level 1:colcon.colcon_core.environment:create_environment_scripts_only(fishbot_navigation2)
[0.827s] Level 1:colcon.colcon_core.environment:checking '/home/zkl/chapt7/chapt7_ws/src/install/fishbot_navigation2' for CMake module files
[0.827s] DEBUG:colcon.colcon_core.event_handler.log_command:Invoked command in '/home/zkl/chapt7/chapt7_ws/src/build/fishbot_navigation2' returned '0': CMAKE_PREFIX_PATH=${CMAKE_PREFIX_PATH}:/home/zkl/chapt7/chapt7_ws/src/install/fishbot_application:/home/zkl/chapt7/chapt7_ws/src/install/autopatrol_robot:/home/zkl/chapt7/chapt7_ws/install/autopatrol_robot:/home/zkl/chapt7/chapt7_ws/install/fishbot_application:/opt/ros/humble /usr/bin/cmake --install /home/zkl/chapt7/chapt7_ws/src/build/fishbot_navigation2
[0.828s] Level 1:colcon.colcon_core.environment:checking '/home/zkl/chapt7/chapt7_ws/src/install/fishbot_navigation2' for CMake config files
[0.829s] Level 1:colcon.colcon_core.shell:create_environment_hook('fishbot_navigation2', 'cmake_prefix_path')
[0.829s] INFO:colcon.colcon_core.shell:Creating environment hook '/home/zkl/chapt7/chapt7_ws/src/install/fishbot_navigation2/share/fishbot_navigation2/hook/cmake_prefix_path.ps1'
[0.830s] INFO:colcon.colcon_core.shell:Creating environment descriptor '/home/zkl/chapt7/chapt7_ws/src/install/fishbot_navigation2/share/fishbot_navigation2/hook/cmake_prefix_path.dsv'
[0.830s] INFO:colcon.colcon_core.shell:Creating environment hook '/home/zkl/chapt7/chapt7_ws/src/install/fishbot_navigation2/share/fishbot_navigation2/hook/cmake_prefix_path.sh'
[0.830s] Level 1:colcon.colcon_core.environment:checking '/home/zkl/chapt7/chapt7_ws/src/install/fishbot_navigation2/bin'
[0.830s] Level 1:colcon.colcon_core.environment:checking '/home/zkl/chapt7/chapt7_ws/src/install/fishbot_navigation2/lib/pkgconfig/fishbot_navigation2.pc'
[0.831s] Level 1:colcon.colcon_core.environment:checking '/home/zkl/chapt7/chapt7_ws/src/install/fishbot_navigation2/lib/python3.10/site-packages'
[0.831s] Level 1:colcon.colcon_core.environment:checking '/home/zkl/chapt7/chapt7_ws/src/install/fishbot_navigation2/bin'
[0.831s] INFO:colcon.colcon_core.shell:Creating package script '/home/zkl/chapt7/chapt7_ws/src/install/fishbot_navigation2/share/fishbot_navigation2/package.ps1'
[0.832s] INFO:colcon.colcon_core.shell:Creating package descriptor '/home/zkl/chapt7/chapt7_ws/src/install/fishbot_navigation2/share/fishbot_navigation2/package.dsv'
[0.832s] INFO:colcon.colcon_core.shell:Creating package script '/home/zkl/chapt7/chapt7_ws/src/install/fishbot_navigation2/share/fishbot_navigation2/package.sh'
[0.833s] INFO:colcon.colcon_core.shell:Creating package script '/home/zkl/chapt7/chapt7_ws/src/install/fishbot_navigation2/share/fishbot_navigation2/package.bash'
[0.833s] INFO:colcon.colcon_core.shell:Creating package script '/home/zkl/chapt7/chapt7_ws/src/install/fishbot_navigation2/share/fishbot_navigation2/package.zsh'
[0.833s] Level 1:colcon.colcon_core.environment:create_file_with_runtime_dependencies(/home/zkl/chapt7/chapt7_ws/src/install/fishbot_navigation2/share/colcon-core/packages/fishbot_navigation2)
[0.853s] Level 1:colcon.colcon_core.environment:create_environment_scripts_only(fishbot_description)
[0.855s] Level 1:colcon.colcon_core.environment:checking '/home/zkl/chapt7/chapt7_ws/src/install/fishbot_description' for CMake module files
[0.859s] Level 1:colcon.colcon_core.environment:checking '/home/zkl/chapt7/chapt7_ws/src/install/fishbot_description' for CMake config files
[0.860s] Level 1:colcon.colcon_core.shell:create_environment_hook('fishbot_description', 'cmake_prefix_path')
[0.861s] INFO:colcon.colcon_core.shell:Creating environment hook '/home/zkl/chapt7/chapt7_ws/src/install/fishbot_description/share/fishbot_description/hook/cmake_prefix_path.ps1'
[0.861s] INFO:colcon.colcon_core.shell:Creating environment descriptor '/home/zkl/chapt7/chapt7_ws/src/install/fishbot_description/share/fishbot_description/hook/cmake_prefix_path.dsv'
[0.862s] INFO:colcon.colcon_core.shell:Creating environment hook '/home/zkl/chapt7/chapt7_ws/src/install/fishbot_description/share/fishbot_description/hook/cmake_prefix_path.sh'
[0.863s] Level 1:colcon.colcon_core.environment:checking '/home/zkl/chapt7/chapt7_ws/src/install/fishbot_description/bin'
[0.863s] Level 1:colcon.colcon_core.environment:checking '/home/zkl/chapt7/chapt7_ws/src/install/fishbot_description/lib/pkgconfig/fishbot_description.pc'
[0.863s] Level 1:colcon.colcon_core.environment:checking '/home/zkl/chapt7/chapt7_ws/src/install/fishbot_description/lib/python3.10/site-packages'
[0.864s] Level 1:colcon.colcon_core.environment:checking '/home/zkl/chapt7/chapt7_ws/src/install/fishbot_description/bin'
[0.864s] INFO:colcon.colcon_core.shell:Creating package script '/home/zkl/chapt7/chapt7_ws/src/install/fishbot_description/share/fishbot_description/package.ps1'
[0.864s] INFO:colcon.colcon_core.shell:Creating package descriptor '/home/zkl/chapt7/chapt7_ws/src/install/fishbot_description/share/fishbot_description/package.dsv'
[0.865s] INFO:colcon.colcon_core.shell:Creating package script '/home/zkl/chapt7/chapt7_ws/src/install/fishbot_description/share/fishbot_description/package.sh'
[0.866s] INFO:colcon.colcon_core.shell:Creating package script '/home/zkl/chapt7/chapt7_ws/src/install/fishbot_description/share/fishbot_description/package.bash'
[0.866s] INFO:colcon.colcon_core.shell:Creating package script '/home/zkl/chapt7/chapt7_ws/src/install/fishbot_description/share/fishbot_description/package.zsh'
[0.867s] Level 1:colcon.colcon_core.environment:create_file_with_runtime_dependencies(/home/zkl/chapt7/chapt7_ws/src/install/fishbot_description/share/colcon-core/packages/fishbot_description)
[0.868s] Level 1:colcon.colcon_core.environment:create_environment_scripts_only(fishbot_navigation2)
[0.868s] Level 1:colcon.colcon_core.environment:checking '/home/zkl/chapt7/chapt7_ws/src/install/fishbot_navigation2' for CMake module files
[0.870s] Level 1:colcon.colcon_core.environment:checking '/home/zkl/chapt7/chapt7_ws/src/install/fishbot_navigation2' for CMake config files
[0.870s] Level 1:colcon.colcon_core.shell:create_environment_hook('fishbot_navigation2', 'cmake_prefix_path')
[0.871s] INFO:colcon.colcon_core.shell:Creating environment hook '/home/zkl/chapt7/chapt7_ws/src/install/fishbot_navigation2/share/fishbot_navigation2/hook/cmake_prefix_path.ps1'
[0.871s] INFO:colcon.colcon_core.shell:Creating environment descriptor '/home/zkl/chapt7/chapt7_ws/src/install/fishbot_navigation2/share/fishbot_navigation2/hook/cmake_prefix_path.dsv'
[0.872s] INFO:colcon.colcon_core.shell:Creating environment hook '/home/zkl/chapt7/chapt7_ws/src/install/fishbot_navigation2/share/fishbot_navigation2/hook/cmake_prefix_path.sh'
[0.873s] Level 1:colcon.colcon_core.environment:checking '/home/zkl/chapt7/chapt7_ws/src/install/fishbot_navigation2/bin'
[0.873s] Level 1:colcon.colcon_core.environment:checking '/home/zkl/chapt7/chapt7_ws/src/install/fishbot_navigation2/lib/pkgconfig/fishbot_navigation2.pc'
[0.874s] Level 1:colcon.colcon_core.environment:checking '/home/zkl/chapt7/chapt7_ws/src/install/fishbot_navigation2/lib/python3.10/site-packages'
[0.874s] Level 1:colcon.colcon_core.environment:checking '/home/zkl/chapt7/chapt7_ws/src/install/fishbot_navigation2/bin'
[0.874s] INFO:colcon.colcon_core.shell:Creating package script '/home/zkl/chapt7/chapt7_ws/src/install/fishbot_navigation2/share/fishbot_navigation2/package.ps1'
[0.875s] INFO:colcon.colcon_core.shell:Creating package descriptor '/home/zkl/chapt7/chapt7_ws/src/install/fishbot_navigation2/share/fishbot_navigation2/package.dsv'
[0.876s] INFO:colcon.colcon_core.shell:Creating package script '/home/zkl/chapt7/chapt7_ws/src/install/fishbot_navigation2/share/fishbot_navigation2/package.sh'
[0.876s] INFO:colcon.colcon_core.shell:Creating package script '/home/zkl/chapt7/chapt7_ws/src/install/fishbot_navigation2/share/fishbot_navigation2/package.bash'
[0.876s] INFO:colcon.colcon_core.shell:Creating package script '/home/zkl/chapt7/chapt7_ws/src/install/fishbot_navigation2/share/fishbot_navigation2/package.zsh'
[0.877s] Level 1:colcon.colcon_core.environment:create_file_with_runtime_dependencies(/home/zkl/chapt7/chapt7_ws/src/install/fishbot_navigation2/share/colcon-core/packages/fishbot_navigation2)
[0.878s] Level 1:colcon.colcon_core.environment:create_environment_scripts_only(autopatrol_interfaces)
[0.878s] Level 1:colcon.colcon_core.environment:checking '/home/zkl/chapt7/chapt7_ws/src/install/autopatrol_interfaces' for CMake module files
[0.879s] DEBUG:colcon.colcon_core.event_handler.log_command:Invoked command in '/home/zkl/chapt7/chapt7_ws/src/build/autopatrol_interfaces' returned '0': CMAKE_PREFIX_PATH=${CMAKE_PREFIX_PATH}:/home/zkl/chapt7/chapt7_ws/src/install/fishbot_application:/home/zkl/chapt7/chapt7_ws/src/install/autopatrol_robot:/home/zkl/chapt7/chapt7_ws/install/autopatrol_robot:/home/zkl/chapt7/chapt7_ws/install/fishbot_application:/opt/ros/humble /usr/bin/cmake --install /home/zkl/chapt7/chapt7_ws/src/build/autopatrol_interfaces
[0.880s] Level 1:colcon.colcon_core.environment:checking '/home/zkl/chapt7/chapt7_ws/src/install/autopatrol_interfaces' for CMake config files
[0.880s] Level 1:colcon.colcon_core.shell:create_environment_hook('autopatrol_interfaces', 'cmake_prefix_path')
[0.880s] INFO:colcon.colcon_core.shell:Creating environment hook '/home/zkl/chapt7/chapt7_ws/src/install/autopatrol_interfaces/share/autopatrol_interfaces/hook/cmake_prefix_path.ps1'
[0.880s] INFO:colcon.colcon_core.shell:Creating environment descriptor '/home/zkl/chapt7/chapt7_ws/src/install/autopatrol_interfaces/share/autopatrol_interfaces/hook/cmake_prefix_path.dsv'
[0.881s] INFO:colcon.colcon_core.shell:Creating environment hook '/home/zkl/chapt7/chapt7_ws/src/install/autopatrol_interfaces/share/autopatrol_interfaces/hook/cmake_prefix_path.sh'
[0.881s] Level 1:colcon.colcon_core.environment:checking '/home/zkl/chapt7/chapt7_ws/src/install/autopatrol_interfaces/lib'
[0.882s] Level 1:colcon.colcon_core.shell:create_environment_hook('autopatrol_interfaces', 'ld_library_path_lib')
[0.882s] INFO:colcon.colcon_core.shell:Creating environment hook '/home/zkl/chapt7/chapt7_ws/src/install/autopatrol_interfaces/share/autopatrol_interfaces/hook/ld_library_path_lib.ps1'
[0.882s] INFO:colcon.colcon_core.shell:Creating environment descriptor '/home/zkl/chapt7/chapt7_ws/src/install/autopatrol_interfaces/share/autopatrol_interfaces/hook/ld_library_path_lib.dsv'
[0.882s] INFO:colcon.colcon_core.shell:Creating environment hook '/home/zkl/chapt7/chapt7_ws/src/install/autopatrol_interfaces/share/autopatrol_interfaces/hook/ld_library_path_lib.sh'
[0.883s] Level 1:colcon.colcon_core.environment:checking '/home/zkl/chapt7/chapt7_ws/src/install/autopatrol_interfaces/bin'
[0.883s] Level 1:colcon.colcon_core.environment:checking '/home/zkl/chapt7/chapt7_ws/src/install/autopatrol_interfaces/lib/pkgconfig/autopatrol_interfaces.pc'
[0.883s] Level 1:colcon.colcon_core.environment:checking '/home/zkl/chapt7/chapt7_ws/src/install/autopatrol_interfaces/lib/python3.10/site-packages'
[0.883s] Level 1:colcon.colcon_core.environment:checking '/home/zkl/chapt7/chapt7_ws/src/install/autopatrol_interfaces/bin'
[0.883s] INFO:colcon.colcon_core.shell:Creating package script '/home/zkl/chapt7/chapt7_ws/src/install/autopatrol_interfaces/share/autopatrol_interfaces/package.ps1'
[0.884s] INFO:colcon.colcon_core.shell:Creating package descriptor '/home/zkl/chapt7/chapt7_ws/src/install/autopatrol_interfaces/share/autopatrol_interfaces/package.dsv'
[0.884s] INFO:colcon.colcon_core.shell:Creating package script '/home/zkl/chapt7/chapt7_ws/src/install/autopatrol_interfaces/share/autopatrol_interfaces/package.sh'
[0.885s] INFO:colcon.colcon_core.shell:Creating package script '/home/zkl/chapt7/chapt7_ws/src/install/autopatrol_interfaces/share/autopatrol_interfaces/package.bash'
[0.885s] INFO:colcon.colcon_core.shell:Creating package script '/home/zkl/chapt7/chapt7_ws/src/install/autopatrol_interfaces/share/autopatrol_interfaces/package.zsh'
[0.885s] Level 1:colcon.colcon_core.environment:create_file_with_runtime_dependencies(/home/zkl/chapt7/chapt7_ws/src/install/autopatrol_interfaces/share/colcon-core/packages/autopatrol_interfaces)
[0.949s] Level 1:colcon.colcon_core.environment:create_environment_scripts_only(autopatrol_interfaces)
[0.949s] Level 1:colcon.colcon_core.environment:checking '/home/zkl/chapt7/chapt7_ws/src/install/autopatrol_interfaces' for CMake module files
[0.950s] Level 1:colcon.colcon_core.environment:checking '/home/zkl/chapt7/chapt7_ws/src/install/autopatrol_interfaces' for CMake config files
[0.950s] Level 1:colcon.colcon_core.shell:create_environment_hook('autopatrol_interfaces', 'cmake_prefix_path')
[0.950s] INFO:colcon.colcon_core.shell:Creating environment hook '/home/zkl/chapt7/chapt7_ws/src/install/autopatrol_interfaces/share/autopatrol_interfaces/hook/cmake_prefix_path.ps1'
[0.951s] INFO:colcon.colcon_core.shell:Creating environment descriptor '/home/zkl/chapt7/chapt7_ws/src/install/autopatrol_interfaces/share/autopatrol_interfaces/hook/cmake_prefix_path.dsv'
[0.951s] INFO:colcon.colcon_core.shell:Creating environment hook '/home/zkl/chapt7/chapt7_ws/src/install/autopatrol_interfaces/share/autopatrol_interfaces/hook/cmake_prefix_path.sh'
[0.952s] Level 1:colcon.colcon_core.environment:checking '/home/zkl/chapt7/chapt7_ws/src/install/autopatrol_interfaces/lib'
[0.952s] Level 1:colcon.colcon_core.shell:create_environment_hook('autopatrol_interfaces', 'ld_library_path_lib')
[0.952s] INFO:colcon.colcon_core.shell:Creating environment hook '/home/zkl/chapt7/chapt7_ws/src/install/autopatrol_interfaces/share/autopatrol_interfaces/hook/ld_library_path_lib.ps1'
[0.953s] INFO:colcon.colcon_core.shell:Creating environment descriptor '/home/zkl/chapt7/chapt7_ws/src/install/autopatrol_interfaces/share/autopatrol_interfaces/hook/ld_library_path_lib.dsv'
[0.953s] INFO:colcon.colcon_core.shell:Creating environment hook '/home/zkl/chapt7/chapt7_ws/src/install/autopatrol_interfaces/share/autopatrol_interfaces/hook/ld_library_path_lib.sh'
[0.954s] Level 1:colcon.colcon_core.environment:checking '/home/zkl/chapt7/chapt7_ws/src/install/autopatrol_interfaces/bin'
[0.954s] Level 1:colcon.colcon_core.environment:checking '/home/zkl/chapt7/chapt7_ws/src/install/autopatrol_interfaces/lib/pkgconfig/autopatrol_interfaces.pc'
[0.954s] Level 1:colcon.colcon_core.environment:checking '/home/zkl/chapt7/chapt7_ws/src/install/autopatrol_interfaces/lib/python3.10/site-packages'
[0.955s] Level 1:colcon.colcon_core.environment:checking '/home/zkl/chapt7/chapt7_ws/src/install/autopatrol_interfaces/bin'
[0.955s] INFO:colcon.colcon_core.shell:Creating package script '/home/zkl/chapt7/chapt7_ws/src/install/autopatrol_interfaces/share/autopatrol_interfaces/package.ps1'
[0.955s] INFO:colcon.colcon_core.shell:Creating package descriptor '/home/zkl/chapt7/chapt7_ws/src/install/autopatrol_interfaces/share/autopatrol_interfaces/package.dsv'
[0.956s] INFO:colcon.colcon_core.shell:Creating package script '/home/zkl/chapt7/chapt7_ws/src/install/autopatrol_interfaces/share/autopatrol_interfaces/package.sh'
[0.956s] INFO:colcon.colcon_core.shell:Creating package script '/home/zkl/chapt7/chapt7_ws/src/install/autopatrol_interfaces/share/autopatrol_interfaces/package.bash'
[0.957s] INFO:colcon.colcon_core.shell:Creating package script '/home/zkl/chapt7/chapt7_ws/src/install/autopatrol_interfaces/share/autopatrol_interfaces/package.zsh'
[0.957s] Level 1:colcon.colcon_core.environment:create_file_with_runtime_dependencies(/home/zkl/chapt7/chapt7_ws/src/install/autopatrol_interfaces/share/colcon-core/packages/autopatrol_interfaces)
[1.053s] DEBUG:colcon.colcon_core.event_handler.log_command:Invoking command in '/home/zkl/chapt7/chapt7_ws/src/autopatrol_robot': PYTHONPATH=/home/zkl/chapt7/chapt7_ws/src/build/autopatrol_robot/prefix_override:/usr/lib/python3/dist-packages/colcon_core/task/python/colcon_distutils_commands:/home/zkl/chapt7/chapt7_ws/src/install/autopatrol_robot/lib/python3.10/site-packages:${PYTHONPATH} /usr/bin/python3 -W ignore:setup.py install is deprecated setup.py egg_info --egg-base ../build/autopatrol_robot build --build-base /home/zkl/chapt7/chapt7_ws/src/build/autopatrol_robot/build install --record /home/zkl/chapt7/chapt7_ws/src/build/autopatrol_robot/install.log --single-version-externally-managed install_data
[1.070s] DEBUG:colcon.colcon_core.event_handler.log_command:Invoking command in '/home/zkl/chapt7/chapt7_ws/src/fishbot_application': PYTHONPATH=/home/zkl/chapt7/chapt7_ws/src/build/fishbot_application/prefix_override:/usr/lib/python3/dist-packages/colcon_core/task/python/colcon_distutils_commands:/home/zkl/chapt7/chapt7_ws/src/install/fishbot_application/lib/python3.10/site-packages:${PYTHONPATH} /usr/bin/python3 -W ignore:setup.py install is deprecated setup.py egg_info --egg-base ../build/fishbot_application build --build-base /home/zkl/chapt7/chapt7_ws/src/build/fishbot_application/build install --record /home/zkl/chapt7/chapt7_ws/src/build/fishbot_application/install.log --single-version-externally-managed install_data
[1.249s] Level 1:colcon.colcon_core.environment:checking '/home/zkl/chapt7/chapt7_ws/src/install/autopatrol_robot' for CMake module files
[1.250s] DEBUG:colcon.colcon_core.event_handler.log_command:Invoked command in '/home/zkl/chapt7/chapt7_ws/src/autopatrol_robot' returned '0': PYTHONPATH=/home/zkl/chapt7/chapt7_ws/src/build/autopatrol_robot/prefix_override:/usr/lib/python3/dist-packages/colcon_core/task/python/colcon_distutils_commands:/home/zkl/chapt7/chapt7_ws/src/install/autopatrol_robot/lib/python3.10/site-packages:${PYTHONPATH} /usr/bin/python3 -W ignore:setup.py install is deprecated setup.py egg_info --egg-base ../build/autopatrol_robot build --build-base /home/zkl/chapt7/chapt7_ws/src/build/autopatrol_robot/build install --record /home/zkl/chapt7/chapt7_ws/src/build/autopatrol_robot/install.log --single-version-externally-managed install_data
[1.250s] Level 1:colcon.colcon_core.environment:checking '/home/zkl/chapt7/chapt7_ws/src/install/autopatrol_robot' for CMake config files
[1.252s] Level 1:colcon.colcon_core.environment:checking '/home/zkl/chapt7/chapt7_ws/src/install/autopatrol_robot/lib'
[1.252s] Level 1:colcon.colcon_core.environment:checking '/home/zkl/chapt7/chapt7_ws/src/install/autopatrol_robot/bin'
[1.252s] Level 1:colcon.colcon_core.environment:checking '/home/zkl/chapt7/chapt7_ws/src/install/autopatrol_robot/lib/pkgconfig/autopatrol_robot.pc'
[1.252s] Level 1:colcon.colcon_core.environment:checking '/home/zkl/chapt7/chapt7_ws/src/install/autopatrol_robot/lib/python3.10/site-packages'
[1.252s] Level 1:colcon.colcon_core.shell:create_environment_hook('autopatrol_robot', 'pythonpath')
[1.252s] INFO:colcon.colcon_core.shell:Creating environment hook '/home/zkl/chapt7/chapt7_ws/src/install/autopatrol_robot/share/autopatrol_robot/hook/pythonpath.ps1'
[1.252s] INFO:colcon.colcon_core.shell:Creating environment descriptor '/home/zkl/chapt7/chapt7_ws/src/install/autopatrol_robot/share/autopatrol_robot/hook/pythonpath.dsv'
[1.253s] INFO:colcon.colcon_core.shell:Creating environment hook '/home/zkl/chapt7/chapt7_ws/src/install/autopatrol_robot/share/autopatrol_robot/hook/pythonpath.sh'
[1.253s] Level 1:colcon.colcon_core.environment:checking '/home/zkl/chapt7/chapt7_ws/src/install/autopatrol_robot/bin'
[1.253s] Level 1:colcon.colcon_core.environment:create_environment_scripts_only(autopatrol_robot)
[1.253s] INFO:colcon.colcon_core.shell:Creating package script '/home/zkl/chapt7/chapt7_ws/src/install/autopatrol_robot/share/autopatrol_robot/package.ps1'
[1.254s] INFO:colcon.colcon_core.shell:Creating package descriptor '/home/zkl/chapt7/chapt7_ws/src/install/autopatrol_robot/share/autopatrol_robot/package.dsv'
[1.255s] INFO:colcon.colcon_core.shell:Creating package script '/home/zkl/chapt7/chapt7_ws/src/install/autopatrol_robot/share/autopatrol_robot/package.sh'
[1.255s] INFO:colcon.colcon_core.shell:Creating package script '/home/zkl/chapt7/chapt7_ws/src/install/autopatrol_robot/share/autopatrol_robot/package.bash'
[1.256s] INFO:colcon.colcon_core.shell:Creating package script '/home/zkl/chapt7/chapt7_ws/src/install/autopatrol_robot/share/autopatrol_robot/package.zsh'
[1.256s] Level 1:colcon.colcon_core.environment:create_file_with_runtime_dependencies(/home/zkl/chapt7/chapt7_ws/src/install/autopatrol_robot/share/colcon-core/packages/autopatrol_robot)
[1.268s] Level 1:colcon.colcon_core.environment:checking '/home/zkl/chapt7/chapt7_ws/src/install/fishbot_application' for CMake module files
[1.268s] DEBUG:colcon.colcon_core.event_handler.log_command:Invoked command in '/home/zkl/chapt7/chapt7_ws/src/fishbot_application' returned '0': PYTHONPATH=/home/zkl/chapt7/chapt7_ws/src/build/fishbot_application/prefix_override:/usr/lib/python3/dist-packages/colcon_core/task/python/colcon_distutils_commands:/home/zkl/chapt7/chapt7_ws/src/install/fishbot_application/lib/python3.10/site-packages:${PYTHONPATH} /usr/bin/python3 -W ignore:setup.py install is deprecated setup.py egg_info --egg-base ../build/fishbot_application build --build-base /home/zkl/chapt7/chapt7_ws/src/build/fishbot_application/build install --record /home/zkl/chapt7/chapt7_ws/src/build/fishbot_application/install.log --single-version-externally-managed install_data
[1.269s] Level 1:colcon.colcon_core.environment:checking '/home/zkl/chapt7/chapt7_ws/src/install/fishbot_application' for CMake config files
[1.269s] Level 1:colcon.colcon_core.environment:checking '/home/zkl/chapt7/chapt7_ws/src/install/fishbot_application/lib'
[1.269s] Level 1:colcon.colcon_core.environment:checking '/home/zkl/chapt7/chapt7_ws/src/install/fishbot_application/bin'
[1.269s] Level 1:colcon.colcon_core.environment:checking '/home/zkl/chapt7/chapt7_ws/src/install/fishbot_application/lib/pkgconfig/fishbot_application.pc'
[1.269s] Level 1:colcon.colcon_core.environment:checking '/home/zkl/chapt7/chapt7_ws/src/install/fishbot_application/lib/python3.10/site-packages'
[1.269s] Level 1:colcon.colcon_core.shell:create_environment_hook('fishbot_application', 'pythonpath')
[1.270s] INFO:colcon.colcon_core.shell:Creating environment hook '/home/zkl/chapt7/chapt7_ws/src/install/fishbot_application/share/fishbot_application/hook/pythonpath.ps1'
[1.270s] INFO:colcon.colcon_core.shell:Creating environment descriptor '/home/zkl/chapt7/chapt7_ws/src/install/fishbot_application/share/fishbot_application/hook/pythonpath.dsv'
[1.271s] INFO:colcon.colcon_core.shell:Creating environment hook '/home/zkl/chapt7/chapt7_ws/src/install/fishbot_application/share/fishbot_application/hook/pythonpath.sh'
[1.272s] Level 1:colcon.colcon_core.environment:checking '/home/zkl/chapt7/chapt7_ws/src/install/fishbot_application/bin'
[1.272s] Level 1:colcon.colcon_core.environment:create_environment_scripts_only(fishbot_application)
[1.272s] INFO:colcon.colcon_core.shell:Creating package script '/home/zkl/chapt7/chapt7_ws/src/install/fishbot_application/share/fishbot_application/package.ps1'
[1.272s] INFO:colcon.colcon_core.shell:Creating package descriptor '/home/zkl/chapt7/chapt7_ws/src/install/fishbot_application/share/fishbot_application/package.dsv'
[1.273s] INFO:colcon.colcon_core.shell:Creating package script '/home/zkl/chapt7/chapt7_ws/src/install/fishbot_application/share/fishbot_application/package.sh'
[1.274s] INFO:colcon.colcon_core.shell:Creating package script '/home/zkl/chapt7/chapt7_ws/src/install/fishbot_application/share/fishbot_application/package.bash'
[1.274s] INFO:colcon.colcon_core.shell:Creating package script '/home/zkl/chapt7/chapt7_ws/src/install/fishbot_application/share/fishbot_application/package.zsh'
[1.274s] Level 1:colcon.colcon_core.environment:create_file_with_runtime_dependencies(/home/zkl/chapt7/chapt7_ws/src/install/fishbot_application/share/colcon-core/packages/fishbot_application)
[1.275s] DEBUG:colcon.colcon_parallel_executor.executor.parallel:closing loop
[1.275s] DEBUG:colcon.colcon_parallel_executor.executor.parallel:loop closed
[1.275s] DEBUG:colcon.colcon_parallel_executor.executor.parallel:run_until_complete finished with '0'
[1.275s] DEBUG:colcon.colcon_core.event_reactor:joining thread
[1.278s] INFO:colcon.colcon_core.plugin_system:Skipping extension 'colcon_notification.desktop_notification.terminal_notifier': Not used on non-Darwin systems
[1.278s] INFO:colcon.colcon_core.plugin_system:Skipping extension 'colcon_notification.desktop_notification.win32': Not used on non-Windows systems
[1.279s] INFO:colcon.colcon_notification.desktop_notification:Sending desktop notification using 'notify2'
[1.292s] DEBUG:colcon.colcon_core.event_reactor:joined thread
[1.292s] INFO:colcon.colcon_core.shell:Creating prefix script '/home/zkl/chapt7/chapt7_ws/src/install/local_setup.ps1'
[1.293s] INFO:colcon.colcon_core.shell:Creating prefix util module '/home/zkl/chapt7/chapt7_ws/src/install/_local_setup_util_ps1.py'
[1.294s] INFO:colcon.colcon_core.shell:Creating prefix chain script '/home/zkl/chapt7/chapt7_ws/src/install/setup.ps1'
[1.295s] INFO:colcon.colcon_core.shell:Creating prefix script '/home/zkl/chapt7/chapt7_ws/src/install/local_setup.sh'
[1.296s] INFO:colcon.colcon_core.shell:Creating prefix util module '/home/zkl/chapt7/chapt7_ws/src/install/_local_setup_util_sh.py'
[1.297s] INFO:colcon.colcon_core.shell:Creating prefix chain script '/home/zkl/chapt7/chapt7_ws/src/install/setup.sh'
[1.298s] INFO:colcon.colcon_core.shell:Creating prefix script '/home/zkl/chapt7/chapt7_ws/src/install/local_setup.bash'
[1.299s] INFO:colcon.colcon_core.shell:Creating prefix chain script '/home/zkl/chapt7/chapt7_ws/src/install/setup.bash'
[1.300s] INFO:colcon.colcon_core.shell:Creating prefix script '/home/zkl/chapt7/chapt7_ws/src/install/local_setup.zsh'
[1.300s] INFO:colcon.colcon_core.shell:Creating prefix chain script '/home/zkl/chapt7/chapt7_ws/src/install/setup.zsh'
