-- Install configuration: ""
-- Up-to-date: /home/zkl/chapt7/chapt7_ws/src/install/fishbot_description/share/fishbot_description/launch
-- Up-to-date: /home/zkl/chapt7/chapt7_ws/src/install/fishbot_description/share/fishbot_description/launch/display_robot.launch.py
-- Up-to-date: /home/zkl/chapt7/chapt7_ws/src/install/fishbot_description/share/fishbot_description/launch/gazebo_sim.launch.py
-- Up-to-date: /home/zkl/chapt7/chapt7_ws/src/install/fishbot_description/share/fishbot_description/urdf
-- Up-to-date: /home/zkl/chapt7/chapt7_ws/src/install/fishbot_description/share/fishbot_description/urdf/first_robot.pdf
-- Up-to-date: /home/zkl/chapt7/chapt7_ws/src/install/fishbot_description/share/fishbot_description/urdf/first_robot.urdf.xacro
-- Up-to-date: /home/zkl/chapt7/chapt7_ws/src/install/fishbot_description/share/fishbot_description/urdf/first_robot.gv
-- Up-to-date: /home/zkl/chapt7/chapt7_ws/src/install/fishbot_description/share/fishbot_description/urdf/fishbot
-- Up-to-date: /home/zkl/chapt7/chapt7_ws/src/install/fishbot_description/share/fishbot_description/urdf/fishbot/fishbot.ros2_control.xacro
-- Up-to-date: /home/zkl/chapt7/chapt7_ws/src/install/fishbot_description/share/fishbot_description/urdf/fishbot/plugins
-- Up-to-date: /home/zkl/chapt7/chapt7_ws/src/install/fishbot_description/share/fishbot_description/urdf/fishbot/plugins/gazebo_sensor_plugin.xacro
-- Up-to-date: /home/zkl/chapt7/chapt7_ws/src/install/fishbot_description/share/fishbot_description/urdf/fishbot/plugins/gazebo_control_plugin.xacro
-- Up-to-date: /home/zkl/chapt7/chapt7_ws/src/install/fishbot_description/share/fishbot_description/urdf/fishbot/sensor
-- Up-to-date: /home/zkl/chapt7/chapt7_ws/src/install/fishbot_description/share/fishbot_description/urdf/fishbot/sensor/laser.urdf.xacro
-- Up-to-date: /home/zkl/chapt7/chapt7_ws/src/install/fishbot_description/share/fishbot_description/urdf/fishbot/sensor/camera.urdf.xacro
-- Up-to-date: /home/zkl/chapt7/chapt7_ws/src/install/fishbot_description/share/fishbot_description/urdf/fishbot/sensor/imu.urdf.xacro
-- Up-to-date: /home/zkl/chapt7/chapt7_ws/src/install/fishbot_description/share/fishbot_description/urdf/fishbot/common_inertia.xacro
-- Up-to-date: /home/zkl/chapt7/chapt7_ws/src/install/fishbot_description/share/fishbot_description/urdf/fishbot/fishbot.urdf.xacro
-- Up-to-date: /home/zkl/chapt7/chapt7_ws/src/install/fishbot_description/share/fishbot_description/urdf/fishbot/base.urdf.xacro
-- Up-to-date: /home/zkl/chapt7/chapt7_ws/src/install/fishbot_description/share/fishbot_description/urdf/fishbot/actuator
-- Up-to-date: /home/zkl/chapt7/chapt7_ws/src/install/fishbot_description/share/fishbot_description/urdf/fishbot/actuator/wheel.urdf.xacro
-- Up-to-date: /home/zkl/chapt7/chapt7_ws/src/install/fishbot_description/share/fishbot_description/urdf/fishbot/actuator/caster.urdf.xacro
-- Up-to-date: /home/zkl/chapt7/chapt7_ws/src/install/fishbot_description/share/fishbot_description/urdf/build
-- Up-to-date: /home/zkl/chapt7/chapt7_ws/src/install/fishbot_description/share/fishbot_description/urdf/build/COLCON_IGNORE
-- Up-to-date: /home/zkl/chapt7/chapt7_ws/src/install/fishbot_description/share/fishbot_description/urdf/build/.built_by
-- Up-to-date: /home/zkl/chapt7/chapt7_ws/src/install/fishbot_description/share/fishbot_description/urdf/first_robot.urdf
-- Up-to-date: /home/zkl/chapt7/chapt7_ws/src/install/fishbot_description/share/fishbot_description/urdf/log
-- Up-to-date: /home/zkl/chapt7/chapt7_ws/src/install/fishbot_description/share/fishbot_description/urdf/log/latest_build
-- Up-to-date: /home/zkl/chapt7/chapt7_ws/src/install/fishbot_description/share/fishbot_description/urdf/log/COLCON_IGNORE
-- Up-to-date: /home/zkl/chapt7/chapt7_ws/src/install/fishbot_description/share/fishbot_description/urdf/log/latest
-- Up-to-date: /home/zkl/chapt7/chapt7_ws/src/install/fishbot_description/share/fishbot_description/urdf/log/build_2024-10-10_15-43-49
-- Up-to-date: /home/zkl/chapt7/chapt7_ws/src/install/fishbot_description/share/fishbot_description/urdf/log/build_2024-10-10_15-43-49/events.log
-- Up-to-date: /home/zkl/chapt7/chapt7_ws/src/install/fishbot_description/share/fishbot_description/urdf/log/build_2024-10-10_15-43-49/logger_all.log
-- Up-to-date: /home/zkl/chapt7/chapt7_ws/src/install/fishbot_description/share/fishbot_description/urdf/install
-- Up-to-date: /home/zkl/chapt7/chapt7_ws/src/install/fishbot_description/share/fishbot_description/urdf/install/setup.ps1
-- Up-to-date: /home/zkl/chapt7/chapt7_ws/src/install/fishbot_description/share/fishbot_description/urdf/install/COLCON_IGNORE
-- Up-to-date: /home/zkl/chapt7/chapt7_ws/src/install/fishbot_description/share/fishbot_description/urdf/install/.colcon_install_layout
-- Up-to-date: /home/zkl/chapt7/chapt7_ws/src/install/fishbot_description/share/fishbot_description/urdf/install/_local_setup_util_sh.py
-- Up-to-date: /home/zkl/chapt7/chapt7_ws/src/install/fishbot_description/share/fishbot_description/urdf/install/local_setup.sh
-- Up-to-date: /home/zkl/chapt7/chapt7_ws/src/install/fishbot_description/share/fishbot_description/urdf/install/setup.sh
-- Up-to-date: /home/zkl/chapt7/chapt7_ws/src/install/fishbot_description/share/fishbot_description/urdf/install/local_setup.zsh
-- Up-to-date: /home/zkl/chapt7/chapt7_ws/src/install/fishbot_description/share/fishbot_description/urdf/install/local_setup.bash
-- Up-to-date: /home/zkl/chapt7/chapt7_ws/src/install/fishbot_description/share/fishbot_description/urdf/install/local_setup.ps1
-- Up-to-date: /home/zkl/chapt7/chapt7_ws/src/install/fishbot_description/share/fishbot_description/urdf/install/_local_setup_util_ps1.py
-- Up-to-date: /home/zkl/chapt7/chapt7_ws/src/install/fishbot_description/share/fishbot_description/urdf/install/setup.zsh
-- Up-to-date: /home/zkl/chapt7/chapt7_ws/src/install/fishbot_description/share/fishbot_description/urdf/install/setup.bash
-- Up-to-date: /home/zkl/chapt7/chapt7_ws/src/install/fishbot_description/share/fishbot_description/config
-- Up-to-date: /home/zkl/chapt7/chapt7_ws/src/install/fishbot_description/share/fishbot_description/config/fishbot_ros2_controller.yaml
-- Up-to-date: /home/zkl/chapt7/chapt7_ws/src/install/fishbot_description/share/fishbot_description/config/rviz
-- Up-to-date: /home/zkl/chapt7/chapt7_ws/src/install/fishbot_description/share/fishbot_description/config/rviz/display_model.rviz
-- Up-to-date: /home/zkl/chapt7/chapt7_ws/src/install/fishbot_description/share/fishbot_description/world
-- Up-to-date: /home/zkl/chapt7/chapt7_ws/src/install/fishbot_description/share/fishbot_description/world/room
-- Up-to-date: /home/zkl/chapt7/chapt7_ws/src/install/fishbot_description/share/fishbot_description/world/room/model.config
-- Up-to-date: /home/zkl/chapt7/chapt7_ws/src/install/fishbot_description/share/fishbot_description/world/room/model.sdf
-- Up-to-date: /home/zkl/chapt7/chapt7_ws/src/install/fishbot_description/share/fishbot_description/world/custom_room.world
-- Up-to-date: /home/zkl/chapt7/chapt7_ws/src/install/fishbot_description/share/ament_index/resource_index/package_run_dependencies/fishbot_description
-- Up-to-date: /home/zkl/chapt7/chapt7_ws/src/install/fishbot_description/share/ament_index/resource_index/parent_prefix_path/fishbot_description
-- Up-to-date: /home/zkl/chapt7/chapt7_ws/src/install/fishbot_description/share/fishbot_description/environment/ament_prefix_path.sh
-- Up-to-date: /home/zkl/chapt7/chapt7_ws/src/install/fishbot_description/share/fishbot_description/environment/ament_prefix_path.dsv
-- Up-to-date: /home/zkl/chapt7/chapt7_ws/src/install/fishbot_description/share/fishbot_description/environment/path.sh
-- Up-to-date: /home/zkl/chapt7/chapt7_ws/src/install/fishbot_description/share/fishbot_description/environment/path.dsv
-- Up-to-date: /home/zkl/chapt7/chapt7_ws/src/install/fishbot_description/share/fishbot_description/local_setup.bash
-- Up-to-date: /home/zkl/chapt7/chapt7_ws/src/install/fishbot_description/share/fishbot_description/local_setup.sh
-- Up-to-date: /home/zkl/chapt7/chapt7_ws/src/install/fishbot_description/share/fishbot_description/local_setup.zsh
-- Up-to-date: /home/zkl/chapt7/chapt7_ws/src/install/fishbot_description/share/fishbot_description/local_setup.dsv
-- Up-to-date: /home/zkl/chapt7/chapt7_ws/src/install/fishbot_description/share/fishbot_description/package.dsv
-- Up-to-date: /home/zkl/chapt7/chapt7_ws/src/install/fishbot_description/share/ament_index/resource_index/packages/fishbot_description
-- Up-to-date: /home/zkl/chapt7/chapt7_ws/src/install/fishbot_description/share/fishbot_description/cmake/fishbot_descriptionConfig.cmake
-- Up-to-date: /home/zkl/chapt7/chapt7_ws/src/install/fishbot_description/share/fishbot_description/cmake/fishbot_descriptionConfig-version.cmake
-- Up-to-date: /home/zkl/chapt7/chapt7_ws/src/install/fishbot_description/share/fishbot_description/package.xml
