[0.544s] Invoking command in '/home/zkl/chapt7/chapt7_ws/src/build/fishbot_description': CMAKE_PREFIX_PATH=${CMAKE_PREFIX_PATH}:/home/zkl/chapt7/chapt7_ws/install/autopatrol_robot:/home/zkl/chapt7/chapt7_ws/install/fishbot_application:/opt/ros/humble /usr/bin/cmake --build /home/zkl/chapt7/chapt7_ws/src/build/fishbot_description -- -j20 -l20
[0.587s] Invoked command in '/home/zkl/chapt7/chapt7_ws/src/build/fishbot_description' returned '0': CMAKE_PREFIX_PATH=${CMAKE_PREFIX_PATH}:/home/zkl/chapt7/chapt7_ws/install/autopatrol_robot:/home/zkl/chapt7/chapt7_ws/install/fishbot_application:/opt/ros/humble /usr/bin/cmake --build /home/zkl/chapt7/chapt7_ws/src/build/fishbot_description -- -j20 -l20
[0.636s] Invoking command in '/home/zkl/chapt7/chapt7_ws/src/build/fishbot_description': CMAKE_PREFIX_PATH=${CMAKE_PREFIX_PATH}:/home/zkl/chapt7/chapt7_ws/install/autopatrol_robot:/home/zkl/chapt7/chapt7_ws/install/fishbot_application:/opt/ros/humble /usr/bin/cmake --install /home/zkl/chapt7/chapt7_ws/src/build/fishbot_description
[0.645s] -- Install configuration: ""
[0.645s] -- Up-to-date: /home/zkl/chapt7/chapt7_ws/src/install/fishbot_description/share/fishbot_description/launch
[0.645s] -- Up-to-date: /home/zkl/chapt7/chapt7_ws/src/install/fishbot_description/share/fishbot_description/launch/display_robot.launch.py
[0.645s] -- Up-to-date: /home/zkl/chapt7/chapt7_ws/src/install/fishbot_description/share/fishbot_description/launch/gazebo_sim.launch.py
[0.645s] -- Up-to-date: /home/zkl/chapt7/chapt7_ws/src/install/fishbot_description/share/fishbot_description/urdf
[0.645s] -- Up-to-date: /home/zkl/chapt7/chapt7_ws/src/install/fishbot_description/share/fishbot_description/urdf/first_robot.pdf
[0.645s] -- Up-to-date: /home/zkl/chapt7/chapt7_ws/src/install/fishbot_description/share/fishbot_description/urdf/first_robot.urdf.xacro
[0.645s] -- Up-to-date: /home/zkl/chapt7/chapt7_ws/src/install/fishbot_description/share/fishbot_description/urdf/first_robot.gv
[0.645s] -- Up-to-date: /home/zkl/chapt7/chapt7_ws/src/install/fishbot_description/share/fishbot_description/urdf/fishbot
[0.645s] -- Up-to-date: /home/zkl/chapt7/chapt7_ws/src/install/fishbot_description/share/fishbot_description/urdf/fishbot/fishbot.ros2_control.xacro
[0.646s] -- Up-to-date: /home/zkl/chapt7/chapt7_ws/src/install/fishbot_description/share/fishbot_description/urdf/fishbot/plugins
[0.646s] -- Up-to-date: /home/zkl/chapt7/chapt7_ws/src/install/fishbot_description/share/fishbot_description/urdf/fishbot/plugins/gazebo_sensor_plugin.xacro
[0.646s] -- Up-to-date: /home/zkl/chapt7/chapt7_ws/src/install/fishbot_description/share/fishbot_description/urdf/fishbot/plugins/gazebo_control_plugin.xacro
[0.646s] -- Up-to-date: /home/zkl/chapt7/chapt7_ws/src/install/fishbot_description/share/fishbot_description/urdf/fishbot/sensor
[0.646s] -- Up-to-date: /home/zkl/chapt7/chapt7_ws/src/install/fishbot_description/share/fishbot_description/urdf/fishbot/sensor/laser.urdf.xacro
[0.646s] -- Up-to-date: /home/zkl/chapt7/chapt7_ws/src/install/fishbot_description/share/fishbot_description/urdf/fishbot/sensor/camera.urdf.xacro
[0.646s] -- Up-to-date: /home/zkl/chapt7/chapt7_ws/src/install/fishbot_description/share/fishbot_description/urdf/fishbot/sensor/imu.urdf.xacro
[0.646s] -- Up-to-date: /home/zkl/chapt7/chapt7_ws/src/install/fishbot_description/share/fishbot_description/urdf/fishbot/common_inertia.xacro
[0.646s] -- Up-to-date: /home/zkl/chapt7/chapt7_ws/src/install/fishbot_description/share/fishbot_description/urdf/fishbot/fishbot.urdf.xacro
[0.646s] -- Up-to-date: /home/zkl/chapt7/chapt7_ws/src/install/fishbot_description/share/fishbot_description/urdf/fishbot/base.urdf.xacro
[0.646s] -- Up-to-date: /home/zkl/chapt7/chapt7_ws/src/install/fishbot_description/share/fishbot_description/urdf/fishbot/actuator
[0.646s] -- Up-to-date: /home/zkl/chapt7/chapt7_ws/src/install/fishbot_description/share/fishbot_description/urdf/fishbot/actuator/wheel.urdf.xacro
[0.646s] -- Up-to-date: /home/zkl/chapt7/chapt7_ws/src/install/fishbot_description/share/fishbot_description/urdf/fishbot/actuator/caster.urdf.xacro
[0.647s] -- Up-to-date: /home/zkl/chapt7/chapt7_ws/src/install/fishbot_description/share/fishbot_description/urdf/build
[0.647s] -- Up-to-date: /home/zkl/chapt7/chapt7_ws/src/install/fishbot_description/share/fishbot_description/urdf/build/COLCON_IGNORE
[0.647s] -- Up-to-date: /home/zkl/chapt7/chapt7_ws/src/install/fishbot_description/share/fishbot_description/urdf/build/.built_by
[0.647s] -- Up-to-date: /home/zkl/chapt7/chapt7_ws/src/install/fishbot_description/share/fishbot_description/urdf/first_robot.urdf
[0.647s] -- Up-to-date: /home/zkl/chapt7/chapt7_ws/src/install/fishbot_description/share/fishbot_description/urdf/log
[0.647s] -- Up-to-date: /home/zkl/chapt7/chapt7_ws/src/install/fishbot_description/share/fishbot_description/urdf/log/latest_build
[0.649s] -- Up-to-date: /home/zkl/chapt7/chapt7_ws/src/install/fishbot_description/share/fishbot_description/urdf/log/COLCON_IGNORE
[0.649s] -- Up-to-date: /home/zkl/chapt7/chapt7_ws/src/install/fishbot_description/share/fishbot_description/urdf/log/latest
[0.650s] -- Up-to-date: /home/zkl/chapt7/chapt7_ws/src/install/fishbot_description/share/fishbot_description/urdf/log/build_2024-10-10_15-43-49
[0.651s] -- Up-to-date: /home/zkl/chapt7/chapt7_ws/src/install/fishbot_description/share/fishbot_description/urdf/log/build_2024-10-10_15-43-49/events.log
[0.651s] -- Up-to-date: /home/zkl/chapt7/chapt7_ws/src/install/fishbot_description/share/fishbot_description/urdf/log/build_2024-10-10_15-43-49/logger_all.log
[0.651s] -- Up-to-date: /home/zkl/chapt7/chapt7_ws/src/install/fishbot_description/share/fishbot_description/urdf/install
[0.652s] -- Up-to-date: /home/zkl/chapt7/chapt7_ws/src/install/fishbot_description/share/fishbot_description/urdf/install/setup.ps1
[0.652s] -- Up-to-date: /home/zkl/chapt7/chapt7_ws/src/install/fishbot_description/share/fishbot_description/urdf/install/COLCON_IGNORE
[0.653s] -- Up-to-date: /home/zkl/chapt7/chapt7_ws/src/install/fishbot_description/share/fishbot_description/urdf/install/.colcon_install_layout
[0.653s] -- Up-to-date: /home/zkl/chapt7/chapt7_ws/src/install/fishbot_description/share/fishbot_description/urdf/install/_local_setup_util_sh.py
[0.654s] -- Up-to-date: /home/zkl/chapt7/chapt7_ws/src/install/fishbot_description/share/fishbot_description/urdf/install/local_setup.sh
[0.655s] -- Up-to-date: /home/zkl/chapt7/chapt7_ws/src/install/fishbot_description/share/fishbot_description/urdf/install/setup.sh
[0.655s] -- Up-to-date: /home/zkl/chapt7/chapt7_ws/src/install/fishbot_description/share/fishbot_description/urdf/install/local_setup.zsh
[0.655s] -- Up-to-date: /home/zkl/chapt7/chapt7_ws/src/install/fishbot_description/share/fishbot_description/urdf/install/local_setup.bash
[0.655s] -- Up-to-date: /home/zkl/chapt7/chapt7_ws/src/install/fishbot_description/share/fishbot_description/urdf/install/local_setup.ps1
[0.655s] -- Up-to-date: /home/zkl/chapt7/chapt7_ws/src/install/fishbot_description/share/fishbot_description/urdf/install/_local_setup_util_ps1.py
[0.655s] -- Up-to-date: /home/zkl/chapt7/chapt7_ws/src/install/fishbot_description/share/fishbot_description/urdf/install/setup.zsh
[0.655s] -- Up-to-date: /home/zkl/chapt7/chapt7_ws/src/install/fishbot_description/share/fishbot_description/urdf/install/setup.bash
[0.656s] -- Up-to-date: /home/zkl/chapt7/chapt7_ws/src/install/fishbot_description/share/fishbot_description/config
[0.656s] -- Up-to-date: /home/zkl/chapt7/chapt7_ws/src/install/fishbot_description/share/fishbot_description/config/fishbot_ros2_controller.yaml
[0.656s] -- Up-to-date: /home/zkl/chapt7/chapt7_ws/src/install/fishbot_description/share/fishbot_description/config/rviz
[0.656s] -- Up-to-date: /home/zkl/chapt7/chapt7_ws/src/install/fishbot_description/share/fishbot_description/config/rviz/display_model.rviz
[0.657s] -- Up-to-date: /home/zkl/chapt7/chapt7_ws/src/install/fishbot_description/share/fishbot_description/world
[0.657s] -- Up-to-date: /home/zkl/chapt7/chapt7_ws/src/install/fishbot_description/share/fishbot_description/world/room
[0.657s] -- Up-to-date: /home/zkl/chapt7/chapt7_ws/src/install/fishbot_description/share/fishbot_description/world/room/model.config
[0.659s] -- Up-to-date: /home/zkl/chapt7/chapt7_ws/src/install/fishbot_description/share/fishbot_description/world/room/model.sdf
[0.659s] -- Up-to-date: /home/zkl/chapt7/chapt7_ws/src/install/fishbot_description/share/fishbot_description/world/custom_room.world
[0.659s] -- Up-to-date: /home/zkl/chapt7/chapt7_ws/src/install/fishbot_description/share/ament_index/resource_index/package_run_dependencies/fishbot_description
[0.660s] -- Up-to-date: /home/zkl/chapt7/chapt7_ws/src/install/fishbot_description/share/ament_index/resource_index/parent_prefix_path/fishbot_description
[0.660s] -- Up-to-date: /home/zkl/chapt7/chapt7_ws/src/install/fishbot_description/share/fishbot_description/environment/ament_prefix_path.sh
[0.661s] -- Up-to-date: /home/zkl/chapt7/chapt7_ws/src/install/fishbot_description/share/fishbot_description/environment/ament_prefix_path.dsv
[0.661s] -- Up-to-date: /home/zkl/chapt7/chapt7_ws/src/install/fishbot_description/share/fishbot_description/environment/path.sh
[0.661s] -- Up-to-date: /home/zkl/chapt7/chapt7_ws/src/install/fishbot_description/share/fishbot_description/environment/path.dsv
[0.661s] -- Up-to-date: /home/zkl/chapt7/chapt7_ws/src/install/fishbot_description/share/fishbot_description/local_setup.bash
[0.661s] -- Up-to-date: /home/zkl/chapt7/chapt7_ws/src/install/fishbot_description/share/fishbot_description/local_setup.sh
[0.661s] -- Up-to-date: /home/zkl/chapt7/chapt7_ws/src/install/fishbot_description/share/fishbot_description/local_setup.zsh
[0.661s] -- Up-to-date: /home/zkl/chapt7/chapt7_ws/src/install/fishbot_description/share/fishbot_description/local_setup.dsv
[0.661s] -- Up-to-date: /home/zkl/chapt7/chapt7_ws/src/install/fishbot_description/share/fishbot_description/package.dsv
[0.662s] -- Up-to-date: /home/zkl/chapt7/chapt7_ws/src/install/fishbot_description/share/ament_index/resource_index/packages/fishbot_description
[0.662s] -- Up-to-date: /home/zkl/chapt7/chapt7_ws/src/install/fishbot_description/share/fishbot_description/cmake/fishbot_descriptionConfig.cmake
[0.662s] -- Up-to-date: /home/zkl/chapt7/chapt7_ws/src/install/fishbot_description/share/fishbot_description/cmake/fishbot_descriptionConfig-version.cmake
[0.662s] -- Up-to-date: /home/zkl/chapt7/chapt7_ws/src/install/fishbot_description/share/fishbot_description/package.xml
[0.684s] Invoked command in '/home/zkl/chapt7/chapt7_ws/src/build/fishbot_description' returned '0': CMAKE_PREFIX_PATH=${CMAKE_PREFIX_PATH}:/home/zkl/chapt7/chapt7_ws/install/autopatrol_robot:/home/zkl/chapt7/chapt7_ws/install/fishbot_application:/opt/ros/humble /usr/bin/cmake --install /home/zkl/chapt7/chapt7_ws/src/build/fishbot_description
