[0.803s] Invoking command in '/home/zkl/chapt7/chapt7_ws/src/autopatrol_robot': PYTHONPATH=/home/zkl/chapt7/chapt7_ws/src/build/autopatrol_robot/prefix_override:/usr/lib/python3/dist-packages/colcon_core/task/python/colcon_distutils_commands:/home/zkl/chapt7/chapt7_ws/src/install/autopatrol_robot/lib/python3.10/site-packages:${PYTHONPATH} /usr/bin/python3 -W ignore:setup.py install is deprecated setup.py egg_info --egg-base ../build/autopatrol_robot build --build-base /home/zkl/chapt7/chapt7_ws/src/build/autopatrol_robot/build install --record /home/zkl/chapt7/chapt7_ws/src/build/autopatrol_robot/install.log --single-version-externally-managed install_data
[0.965s] running egg_info
[0.965s] writing ../build/autopatrol_robot/autopatrol_robot.egg-info/PKG-INFO
[0.965s] writing dependency_links to ../build/autopatrol_robot/autopatrol_robot.egg-info/dependency_links.txt
[0.965s] writing entry points to ../build/autopatrol_robot/autopatrol_robot.egg-info/entry_points.txt
[0.966s] writing requirements to ../build/autopatrol_robot/autopatrol_robot.egg-info/requires.txt
[0.966s] writing top-level names to ../build/autopatrol_robot/autopatrol_robot.egg-info/top_level.txt
[0.967s] reading manifest file '../build/autopatrol_robot/autopatrol_robot.egg-info/SOURCES.txt'
[0.967s] writing manifest file '../build/autopatrol_robot/autopatrol_robot.egg-info/SOURCES.txt'
[0.967s] running build
[0.967s] running build_py
[0.968s] running install
[0.968s] running install_lib
[0.969s] running install_data
[0.969s] running install_egg_info
[0.971s] removing '/home/zkl/chapt7/chapt7_ws/src/install/autopatrol_robot/lib/python3.10/site-packages/autopatrol_robot-0.0.0-py3.10.egg-info' (and everything under it)
[0.971s] Copying ../build/autopatrol_robot/autopatrol_robot.egg-info to /home/zkl/chapt7/chapt7_ws/src/install/autopatrol_robot/lib/python3.10/site-packages/autopatrol_robot-0.0.0-py3.10.egg-info
[0.971s] running install_scripts
[0.986s] Installing autopatrol.launch script to /home/zkl/chapt7/chapt7_ws/src/install/autopatrol_robot/lib/autopatrol_robot
[0.986s] Installing patrol_node script to /home/zkl/chapt7/chapt7_ws/src/install/autopatrol_robot/lib/autopatrol_robot
[0.986s] Installing speaker script to /home/zkl/chapt7/chapt7_ws/src/install/autopatrol_robot/lib/autopatrol_robot
[0.986s] writing list of installed files to '/home/zkl/chapt7/chapt7_ws/src/build/autopatrol_robot/install.log'
[1.000s] Invoked command in '/home/zkl/chapt7/chapt7_ws/src/autopatrol_robot' returned '0': PYTHONPATH=/home/zkl/chapt7/chapt7_ws/src/build/autopatrol_robot/prefix_override:/usr/lib/python3/dist-packages/colcon_core/task/python/colcon_distutils_commands:/home/zkl/chapt7/chapt7_ws/src/install/autopatrol_robot/lib/python3.10/site-packages:${PYTHONPATH} /usr/bin/python3 -W ignore:setup.py install is deprecated setup.py egg_info --egg-base ../build/autopatrol_robot build --build-base /home/zkl/chapt7/chapt7_ws/src/build/autopatrol_robot/build install --record /home/zkl/chapt7/chapt7_ws/src/build/autopatrol_robot/install.log --single-version-externally-managed install_data
