[1.023s] Invoking command in '/home/zkl/chapt7/chapt7_ws/src/autopatrol_robot': PYTHONPATH=/home/zkl/chapt7/chapt7_ws/src/build/autopatrol_robot/prefix_override:/usr/lib/python3/dist-packages/colcon_core/task/python/colcon_distutils_commands:/home/zkl/chapt7/chapt7_ws/src/install/autopatrol_robot/lib/python3.10/site-packages:${PYTHONPATH} /usr/bin/python3 -W ignore:setup.py install is deprecated setup.py egg_info --egg-base ../build/autopatrol_robot build --build-base /home/zkl/chapt7/chapt7_ws/src/build/autopatrol_robot/build install --record /home/zkl/chapt7/chapt7_ws/src/build/autopatrol_robot/install.log --single-version-externally-managed install_data
[1.253s] running egg_info
[1.253s] writing ../build/autopatrol_robot/autopatrol_robot.egg-info/PKG-INFO
[1.253s] writing dependency_links to ../build/autopatrol_robot/autopatrol_robot.egg-info/dependency_links.txt
[1.253s] writing entry points to ../build/autopatrol_robot/autopatrol_robot.egg-info/entry_points.txt
[1.253s] writing requirements to ../build/autopatrol_robot/autopatrol_robot.egg-info/requires.txt
[1.253s] writing top-level names to ../build/autopatrol_robot/autopatrol_robot.egg-info/top_level.txt
[1.255s] reading manifest file '../build/autopatrol_robot/autopatrol_robot.egg-info/SOURCES.txt'
[1.256s] writing manifest file '../build/autopatrol_robot/autopatrol_robot.egg-info/SOURCES.txt'
[1.256s] running build
[1.256s] running build_py
[1.257s] copying autopatrol_robot/speaker.py -> /home/zkl/chapt7/chapt7_ws/src/build/autopatrol_robot/build/lib/autopatrol_robot
[1.257s] running install
[1.258s] running install_lib
[1.262s] copying /home/zkl/chapt7/chapt7_ws/src/build/autopatrol_robot/build/lib/autopatrol_robot/speaker.py -> /home/zkl/chapt7/chapt7_ws/src/install/autopatrol_robot/lib/python3.10/site-packages/autopatrol_robot
[1.262s] byte-compiling /home/zkl/chapt7/chapt7_ws/src/install/autopatrol_robot/lib/python3.10/site-packages/autopatrol_robot/speaker.py to speaker.cpython-310.pyc
[1.262s] running install_data
[1.263s] creating /home/zkl/chapt7/chapt7_ws/src/install/autopatrol_robot/share/autopatrol_robot/launch
[1.263s] running install_egg_info
[1.264s] removing '/home/zkl/chapt7/chapt7_ws/src/install/autopatrol_robot/lib/python3.10/site-packages/autopatrol_robot-0.0.0-py3.10.egg-info' (and everything under it)
[1.264s] Copying ../build/autopatrol_robot/autopatrol_robot.egg-info to /home/zkl/chapt7/chapt7_ws/src/install/autopatrol_robot/lib/python3.10/site-packages/autopatrol_robot-0.0.0-py3.10.egg-info
[1.264s] running install_scripts
[1.285s] Installing patrol_node script to /home/zkl/chapt7/chapt7_ws/src/install/autopatrol_robot/lib/autopatrol_robot
[1.285s] Installing speaker script to /home/zkl/chapt7/chapt7_ws/src/install/autopatrol_robot/lib/autopatrol_robot
[1.285s] writing list of installed files to '/home/zkl/chapt7/chapt7_ws/src/build/autopatrol_robot/install.log'
[1.306s] Invoked command in '/home/zkl/chapt7/chapt7_ws/src/autopatrol_robot' returned '0': PYTHONPATH=/home/zkl/chapt7/chapt7_ws/src/build/autopatrol_robot/prefix_override:/usr/lib/python3/dist-packages/colcon_core/task/python/colcon_distutils_commands:/home/zkl/chapt7/chapt7_ws/src/install/autopatrol_robot/lib/python3.10/site-packages:${PYTHONPATH} /usr/bin/python3 -W ignore:setup.py install is deprecated setup.py egg_info --egg-base ../build/autopatrol_robot build --build-base /home/zkl/chapt7/chapt7_ws/src/build/autopatrol_robot/build install --record /home/zkl/chapt7/chapt7_ws/src/build/autopatrol_robot/install.log --single-version-externally-managed install_data
