[0.500s] Invoking command in '/home/zkl/chapt7/chapt7_ws/src/build/fishbot_navigation2': CMAKE_PREFIX_PATH=${CMAKE_PREFIX_PATH}:/home/zkl/chapt7/chapt7_ws/src/install/fishbot_application:/home/zkl/chapt7/chapt7_ws/src/install/autopatrol_robot:/home/zkl/chapt7/chapt7_ws/install/autopatrol_robot:/home/zkl/chapt7/chapt7_ws/install/fishbot_application:/opt/ros/humble /usr/bin/cmake --build /home/zkl/chapt7/chapt7_ws/src/build/fishbot_navigation2 -- -j20 -l20
[0.532s] Invoked command in '/home/zkl/chapt7/chapt7_ws/src/build/fishbot_navigation2' returned '0': CMAKE_PREFIX_PATH=${CMAKE_PREFIX_PATH}:/home/zkl/chapt7/chapt7_ws/src/install/fishbot_application:/home/zkl/chapt7/chapt7_ws/src/install/autopatrol_robot:/home/zkl/chapt7/chapt7_ws/install/autopatrol_robot:/home/zkl/chapt7/chapt7_ws/install/fishbot_application:/opt/ros/humble /usr/bin/cmake --build /home/zkl/chapt7/chapt7_ws/src/build/fishbot_navigation2 -- -j20 -l20
[0.567s] Invoking command in '/home/zkl/chapt7/chapt7_ws/src/build/fishbot_navigation2': CMAKE_PREFIX_PATH=${CMAKE_PREFIX_PATH}:/home/zkl/chapt7/chapt7_ws/src/install/fishbot_application:/home/zkl/chapt7/chapt7_ws/src/install/autopatrol_robot:/home/zkl/chapt7/chapt7_ws/install/autopatrol_robot:/home/zkl/chapt7/chapt7_ws/install/fishbot_application:/opt/ros/humble /usr/bin/cmake --install /home/zkl/chapt7/chapt7_ws/src/build/fishbot_navigation2
[0.592s] -- Install configuration: ""
[0.592s] -- Up-to-date: /home/zkl/chapt7/chapt7_ws/src/install/fishbot_navigation2/share/fishbot_navigation2/launch
[0.592s] -- Up-to-date: /home/zkl/chapt7/chapt7_ws/src/install/fishbot_navigation2/share/fishbot_navigation2/launch/navigation2.launch.py
[0.592s] -- Up-to-date: /home/zkl/chapt7/chapt7_ws/src/install/fishbot_navigation2/share/fishbot_navigation2/maps
[0.592s] -- Up-to-date: /home/zkl/chapt7/chapt7_ws/src/install/fishbot_navigation2/share/fishbot_navigation2/maps/room.yaml
[0.592s] -- Up-to-date: /home/zkl/chapt7/chapt7_ws/src/install/fishbot_navigation2/share/fishbot_navigation2/maps/room.pgm
[0.592s] -- Up-to-date: /home/zkl/chapt7/chapt7_ws/src/install/fishbot_navigation2/share/fishbot_navigation2/config
[0.592s] -- Up-to-date: /home/zkl/chapt7/chapt7_ws/src/install/fishbot_navigation2/share/fishbot_navigation2/config/nav2_params.yaml
[0.592s] -- Up-to-date: /home/zkl/chapt7/chapt7_ws/src/install/fishbot_navigation2/share/ament_index/resource_index/package_run_dependencies/fishbot_navigation2
[0.592s] -- Up-to-date: /home/zkl/chapt7/chapt7_ws/src/install/fishbot_navigation2/share/ament_index/resource_index/parent_prefix_path/fishbot_navigation2
[0.593s] -- Up-to-date: /home/zkl/chapt7/chapt7_ws/src/install/fishbot_navigation2/share/fishbot_navigation2/environment/ament_prefix_path.sh
[0.593s] -- Up-to-date: /home/zkl/chapt7/chapt7_ws/src/install/fishbot_navigation2/share/fishbot_navigation2/environment/ament_prefix_path.dsv
[0.593s] -- Up-to-date: /home/zkl/chapt7/chapt7_ws/src/install/fishbot_navigation2/share/fishbot_navigation2/environment/path.sh
[0.593s] -- Up-to-date: /home/zkl/chapt7/chapt7_ws/src/install/fishbot_navigation2/share/fishbot_navigation2/environment/path.dsv
[0.593s] -- Up-to-date: /home/zkl/chapt7/chapt7_ws/src/install/fishbot_navigation2/share/fishbot_navigation2/local_setup.bash
[0.593s] -- Up-to-date: /home/zkl/chapt7/chapt7_ws/src/install/fishbot_navigation2/share/fishbot_navigation2/local_setup.sh
[0.593s] -- Up-to-date: /home/zkl/chapt7/chapt7_ws/src/install/fishbot_navigation2/share/fishbot_navigation2/local_setup.zsh
[0.593s] -- Up-to-date: /home/zkl/chapt7/chapt7_ws/src/install/fishbot_navigation2/share/fishbot_navigation2/local_setup.dsv
[0.594s] -- Installing: /home/zkl/chapt7/chapt7_ws/src/install/fishbot_navigation2/share/fishbot_navigation2/package.dsv
[0.594s] -- Up-to-date: /home/zkl/chapt7/chapt7_ws/src/install/fishbot_navigation2/share/ament_index/resource_index/packages/fishbot_navigation2
[0.594s] -- Up-to-date: /home/zkl/chapt7/chapt7_ws/src/install/fishbot_navigation2/share/fishbot_navigation2/cmake/fishbot_navigation2Config.cmake
[0.594s] -- Up-to-date: /home/zkl/chapt7/chapt7_ws/src/install/fishbot_navigation2/share/fishbot_navigation2/cmake/fishbot_navigation2Config-version.cmake
[0.595s] -- Up-to-date: /home/zkl/chapt7/chapt7_ws/src/install/fishbot_navigation2/share/fishbot_navigation2/package.xml
[0.607s] Invoked command in '/home/zkl/chapt7/chapt7_ws/src/build/fishbot_navigation2' returned '0': CMAKE_PREFIX_PATH=${CMAKE_PREFIX_PATH}:/home/zkl/chapt7/chapt7_ws/src/install/fishbot_application:/home/zkl/chapt7/chapt7_ws/src/install/autopatrol_robot:/home/zkl/chapt7/chapt7_ws/install/autopatrol_robot:/home/zkl/chapt7/chapt7_ws/install/fishbot_application:/opt/ros/humble /usr/bin/cmake --install /home/zkl/chapt7/chapt7_ws/src/build/fishbot_navigation2
