[0.006s] Invoking command in '/home/zkl/chapt6/chapt6_ws/src/fishbot_description/build/fishbot_description': CMAKE_PREFIX_PATH=${CMAKE_PREFIX_PATH}:/opt/ros/humble /usr/bin/cmake --build /home/zkl/chapt6/chapt6_ws/src/fishbot_description/build/fishbot_description -- -j20 -l20
[0.095s] Invoked command in '/home/zkl/chapt6/chapt6_ws/src/fishbot_description/build/fishbot_description' returned '0': CMAKE_PREFIX_PATH=${CMAKE_PREFIX_PATH}:/opt/ros/humble /usr/bin/cmake --build /home/zkl/chapt6/chapt6_ws/src/fishbot_description/build/fishbot_description -- -j20 -l20
[0.162s] Invoking command in '/home/zkl/chapt6/chapt6_ws/src/fishbot_description/build/fishbot_description': CMAKE_PREFIX_PATH=${CMAKE_PREFIX_PATH}:/opt/ros/humble /usr/bin/cmake --install /home/zkl/chapt6/chapt6_ws/src/fishbot_description/build/fishbot_description
[0.166s] -- Install configuration: ""
[0.166s] -- Up-to-date: /home/zkl/chapt6/chapt6_ws/src/fishbot_description/install/fishbot_description/share/fishbot_description/launch
[0.166s] -- Installing: /home/zkl/chapt6/chapt6_ws/src/fishbot_description/install/fishbot_description/share/fishbot_description/launch/display_robot.launch.py
[0.166s] -- Up-to-date: /home/zkl/chapt6/chapt6_ws/src/fishbot_description/install/fishbot_description/share/fishbot_description/urdf
[0.167s] -- Up-to-date: /home/zkl/chapt6/chapt6_ws/src/fishbot_description/install/fishbot_description/share/fishbot_description/urdf/first_robot.pdf
[0.167s] -- Up-to-date: /home/zkl/chapt6/chapt6_ws/src/fishbot_description/install/fishbot_description/share/fishbot_description/urdf/first_robot.gv
[0.167s] -- Up-to-date: /home/zkl/chapt6/chapt6_ws/src/fishbot_description/install/fishbot_description/share/fishbot_description/urdf/first_robot.urdf
[0.167s] -- Up-to-date: /home/zkl/chapt6/chapt6_ws/src/fishbot_description/install/fishbot_description/share/ament_index/resource_index/package_run_dependencies/fishbot_description
[0.167s] -- Up-to-date: /home/zkl/chapt6/chapt6_ws/src/fishbot_description/install/fishbot_description/share/ament_index/resource_index/parent_prefix_path/fishbot_description
[0.167s] -- Up-to-date: /home/zkl/chapt6/chapt6_ws/src/fishbot_description/install/fishbot_description/share/fishbot_description/environment/ament_prefix_path.sh
[0.167s] -- Up-to-date: /home/zkl/chapt6/chapt6_ws/src/fishbot_description/install/fishbot_description/share/fishbot_description/environment/ament_prefix_path.dsv
[0.167s] -- Up-to-date: /home/zkl/chapt6/chapt6_ws/src/fishbot_description/install/fishbot_description/share/fishbot_description/environment/path.sh
[0.167s] -- Up-to-date: /home/zkl/chapt6/chapt6_ws/src/fishbot_description/install/fishbot_description/share/fishbot_description/environment/path.dsv
[0.167s] -- Up-to-date: /home/zkl/chapt6/chapt6_ws/src/fishbot_description/install/fishbot_description/share/fishbot_description/local_setup.bash
[0.167s] -- Up-to-date: /home/zkl/chapt6/chapt6_ws/src/fishbot_description/install/fishbot_description/share/fishbot_description/local_setup.sh
[0.167s] -- Up-to-date: /home/zkl/chapt6/chapt6_ws/src/fishbot_description/install/fishbot_description/share/fishbot_description/local_setup.zsh
[0.167s] -- Up-to-date: /home/zkl/chapt6/chapt6_ws/src/fishbot_description/install/fishbot_description/share/fishbot_description/local_setup.dsv
[0.167s] -- Up-to-date: /home/zkl/chapt6/chapt6_ws/src/fishbot_description/install/fishbot_description/share/fishbot_description/package.dsv
[0.167s] -- Up-to-date: /home/zkl/chapt6/chapt6_ws/src/fishbot_description/install/fishbot_description/share/ament_index/resource_index/packages/fishbot_description
[0.167s] -- Up-to-date: /home/zkl/chapt6/chapt6_ws/src/fishbot_description/install/fishbot_description/share/fishbot_description/cmake/fishbot_descriptionConfig.cmake
[0.168s] -- Up-to-date: /home/zkl/chapt6/chapt6_ws/src/fishbot_description/install/fishbot_description/share/fishbot_description/cmake/fishbot_descriptionConfig-version.cmake
[0.168s] -- Up-to-date: /home/zkl/chapt6/chapt6_ws/src/fishbot_description/install/fishbot_description/share/fishbot_description/package.xml
[0.168s] Invoked command in '/home/zkl/chapt6/chapt6_ws/src/fishbot_description/build/fishbot_description' returned '0': CMAKE_PREFIX_PATH=${CMAKE_PREFIX_PATH}:/opt/ros/humble /usr/bin/cmake --install /home/zkl/chapt6/chapt6_ws/src/fishbot_description/build/fishbot_description
