[0.027s] Invoking command in '/home/zkl/chapt7/chapt7_ws/src/build/autopatrol_interfaces': CMAKE_PREFIX_PATH=${CMAKE_PREFIX_PATH}:/home/zkl/chapt7/chapt7_ws/install/autopatrol_robot:/home/zkl/chapt7/chapt7_ws/install/fishbot_application:/opt/ros/humble /usr/bin/cmake /home/zkl/chapt7/chapt7_ws/src/autopatrol_interfaces -DCMAKE_INSTALL_PREFIX=/home/zkl/chapt7/chapt7_ws/src/install/autopatrol_interfaces
[0.470s] -- The C compiler identification is GNU 11.4.0
[0.470s] -- The CXX compiler identification is GNU 11.4.0
[0.471s] -- Detecting C compiler ABI info
[0.471s] -- Detecting C compiler ABI info - done
[0.471s] -- Check for working C compiler: /usr/bin/cc - skipped
[0.471s] -- Detecting C compile features
[0.471s] -- Detecting C compile features - done
[0.471s] -- Detecting CXX compiler ABI info
[0.474s] -- Detecting CXX compiler ABI info - done
[0.475s] -- Check for working CXX compiler: /usr/bin/c++ - skipped
[0.475s] -- Detecting CXX compile features
[0.475s] -- Detecting CXX compile features - done
[0.475s] -- Found ament_cmake: 1.3.10 (/opt/ros/humble/share/ament_cmake/cmake)
[0.503s] -- Found Python3: /usr/bin/python3 (found version "3.10.12") found components: Interpreter 
[0.643s] -- Found rosidl_default_generators: 1.2.0 (/opt/ros/humble/share/rosidl_default_generators/cmake)
[0.651s] -- Using all available rosidl_typesupport_c: rosidl_typesupport_fastrtps_c;rosidl_typesupport_introspection_c
[0.662s] -- Found rosidl_adapter: 3.1.5 (/opt/ros/humble/share/rosidl_adapter/cmake)
[0.754s] -- Using all available rosidl_typesupport_cpp: rosidl_typesupport_fastrtps_cpp;rosidl_typesupport_introspection_cpp
[0.828s] -- Found ament_lint_auto: 0.12.11 (/opt/ros/humble/share/ament_lint_auto/cmake)
[1.151s] -- Found ament_cmake_ros: 0.10.0 (/opt/ros/humble/share/ament_cmake_ros/cmake)
[1.387s] -- Using all available rosidl_typesupport_c: rosidl_typesupport_fastrtps_c;rosidl_typesupport_introspection_c
[1.572s] -- Using all available rosidl_typesupport_cpp: rosidl_typesupport_fastrtps_cpp;rosidl_typesupport_introspection_cpp
[1.589s] -- Found PythonInterp: /usr/bin/python3 (found suitable version "3.10.12", minimum required is "3.6") 
[1.591s] -- Found python_cmake_module: 0.10.0 (/opt/ros/humble/share/python_cmake_module/cmake)
[1.613s] -- Found PythonLibs: /usr/lib/x86_64-linux-gnu/libpython3.10.so (found suitable version "3.10.12", minimum required is "3.5") 
[1.613s] -- Using PYTHON_EXECUTABLE: /usr/bin/python3
[1.613s] -- Using PYTHON_INCLUDE_DIRS: /usr/include/python3.10
[1.613s] -- Using PYTHON_LIBRARIES: /usr/lib/x86_64-linux-gnu/libpython3.10.so
[1.629s] -- Found PythonExtra: .so  
[1.656s] -- Added test 'lint_cmake' to check CMake code style
[1.656s] -- Added test 'xmllint' to check XML markup files
[1.664s] -- Configuring done
[1.684s] -- Generating done
[1.686s] -- Build files have been written to: /home/zkl/chapt7/chapt7_ws/src/build/autopatrol_interfaces
[1.693s] Invoked command in '/home/zkl/chapt7/chapt7_ws/src/build/autopatrol_interfaces' returned '0': CMAKE_PREFIX_PATH=${CMAKE_PREFIX_PATH}:/home/zkl/chapt7/chapt7_ws/install/autopatrol_robot:/home/zkl/chapt7/chapt7_ws/install/fishbot_application:/opt/ros/humble /usr/bin/cmake /home/zkl/chapt7/chapt7_ws/src/autopatrol_interfaces -DCMAKE_INSTALL_PREFIX=/home/zkl/chapt7/chapt7_ws/src/install/autopatrol_interfaces
[1.695s] Invoking command in '/home/zkl/chapt7/chapt7_ws/src/build/autopatrol_interfaces': CMAKE_PREFIX_PATH=${CMAKE_PREFIX_PATH}:/home/zkl/chapt7/chapt7_ws/install/autopatrol_robot:/home/zkl/chapt7/chapt7_ws/install/fishbot_application:/opt/ros/humble /usr/bin/cmake --build /home/zkl/chapt7/chapt7_ws/src/build/autopatrol_interfaces -- -j20 -l20
[1.728s] [  3%] [34m[1mGenerating C code for ROS interfaces[0m
[1.737s] [  6%] [34m[1mGenerating C++ code for ROS interfaces[0m
[1.746s] [  6%] Built target ament_cmake_python_copy_autopatrol_interfaces
[1.964s] running egg_info
[1.966s] creating autopatrol_interfaces.egg-info
[1.967s] writing autopatrol_interfaces.egg-info/PKG-INFO
[1.968s] writing dependency_links to autopatrol_interfaces.egg-info/dependency_links.txt
[1.969s] writing top-level names to autopatrol_interfaces.egg-info/top_level.txt
[1.970s] writing manifest file 'autopatrol_interfaces.egg-info/SOURCES.txt'
[1.970s] reading manifest file 'autopatrol_interfaces.egg-info/SOURCES.txt'
[1.970s] writing manifest file 'autopatrol_interfaces.egg-info/SOURCES.txt'
[2.000s] [  6%] Built target autopatrol_interfaces__cpp
[2.002s] [  9%] [32mBuilding C object CMakeFiles/autopatrol_interfaces__rosidl_generator_c.dir/rosidl_generator_c/autopatrol_interfaces/srv/detail/speach_text__functions.c.o[0m
[2.008s] [  9%] Built target ament_cmake_python_build_autopatrol_interfaces_egg
[2.009s] [ 12%] [34m[1mGenerating C++ type support dispatch for ROS interfaces[0m
[2.010s] [ 16%] [34m[1mGenerating C++ type support for eProsima Fast-RTPS[0m
[2.013s] [ 19%] [34m[1mGenerating C++ introspection for ROS interfaces[0m
[2.091s] [ 22%] [32m[1mLinking C shared library libautopatrol_interfaces__rosidl_generator_c.so[0m
[2.124s] [ 22%] Built target autopatrol_interfaces__rosidl_generator_c
[2.135s] [ 25%] [34m[1mGenerating C introspection for ROS interfaces[0m
[2.135s] [ 32%] [34m[1mGenerating C type support for eProsima Fast-RTPS[0m
[2.136s] [ 32%] [34m[1mGenerating C type support dispatch for ROS interfaces[0m
[2.257s] [ 35%] [32mBuilding CXX object CMakeFiles/autopatrol_interfaces__rosidl_typesupport_cpp.dir/rosidl_typesupport_cpp/autopatrol_interfaces/srv/speach_text__type_support.cpp.o[0m
[2.284s] [ 38%] [32mBuilding CXX object CMakeFiles/autopatrol_interfaces__rosidl_typesupport_introspection_cpp.dir/rosidl_typesupport_introspection_cpp/autopatrol_interfaces/srv/detail/speach_text__type_support.cpp.o[0m
[2.301s] [ 41%] [32mBuilding CXX object CMakeFiles/autopatrol_interfaces__rosidl_typesupport_fastrtps_cpp.dir/rosidl_typesupport_fastrtps_cpp/autopatrol_interfaces/srv/detail/dds_fastrtps/speach_text__type_support.cpp.o[0m
[2.399s] [ 45%] [32mBuilding CXX object CMakeFiles/autopatrol_interfaces__rosidl_typesupport_c.dir/rosidl_typesupport_c/autopatrol_interfaces/srv/speach_text__type_support.cpp.o[0m
[2.436s] [ 48%] [32mBuilding C object CMakeFiles/autopatrol_interfaces__rosidl_typesupport_introspection_c.dir/rosidl_typesupport_introspection_c/autopatrol_interfaces/srv/detail/speach_text__type_support.c.o[0m
[2.436s] [ 51%] [32mBuilding CXX object CMakeFiles/autopatrol_interfaces__rosidl_typesupport_fastrtps_c.dir/rosidl_typesupport_fastrtps_c/autopatrol_interfaces/srv/detail/speach_text__type_support_c.cpp.o[0m
[2.444s] [ 54%] [32m[1mLinking CXX shared library libautopatrol_interfaces__rosidl_typesupport_c.so[0m
[2.480s] [ 58%] [32m[1mLinking C shared library libautopatrol_interfaces__rosidl_typesupport_introspection_c.so[0m
[2.506s] [ 58%] Built target autopatrol_interfaces__rosidl_typesupport_c
[2.513s] [ 58%] Built target autopatrol_interfaces__rosidl_typesupport_introspection_c
[2.556s] [ 61%] [32m[1mLinking CXX shared library libautopatrol_interfaces__rosidl_typesupport_cpp.so[0m
[2.593s] [ 61%] Built target autopatrol_interfaces__rosidl_typesupport_cpp
[2.677s] [ 64%] [32m[1mLinking CXX shared library libautopatrol_interfaces__rosidl_typesupport_introspection_cpp.so[0m
[2.745s] [ 67%] [32m[1mLinking CXX shared library libautopatrol_interfaces__rosidl_typesupport_fastrtps_cpp.so[0m
[2.759s] [ 67%] Built target autopatrol_interfaces__rosidl_typesupport_introspection_cpp
[2.793s] [ 70%] [32m[1mLinking CXX shared library libautopatrol_interfaces__rosidl_typesupport_fastrtps_c.so[0m
[2.807s] [ 70%] Built target autopatrol_interfaces__rosidl_typesupport_fastrtps_cpp
[2.847s] [ 70%] Built target autopatrol_interfaces__rosidl_typesupport_fastrtps_c
[2.860s] [ 70%] Built target autopatrol_interfaces
[2.874s] [ 74%] [34m[1mGenerating Python code for ROS interfaces[0m
[3.149s] [ 74%] Built target autopatrol_interfaces__py
[3.164s] [ 77%] [32mBuilding C object CMakeFiles/autopatrol_interfaces__rosidl_generator_py.dir/rosidl_generator_py/autopatrol_interfaces/srv/_speach_text_s.c.o[0m
[3.265s] [ 80%] [32m[1mLinking C shared library rosidl_generator_py/autopatrol_interfaces/libautopatrol_interfaces__rosidl_generator_py.so[0m
[3.300s] [ 80%] Built target autopatrol_interfaces__rosidl_generator_py
[3.314s] [ 87%] [32mBuilding C object CMakeFiles/autopatrol_interfaces__rosidl_typesupport_fastrtps_c__pyext.dir/rosidl_generator_py/autopatrol_interfaces/_autopatrol_interfaces_s.ep.rosidl_typesupport_fastrtps_c.c.o[0m
[3.314s] [ 87%] [32mBuilding C object CMakeFiles/autopatrol_interfaces__rosidl_typesupport_c__pyext.dir/rosidl_generator_py/autopatrol_interfaces/_autopatrol_interfaces_s.ep.rosidl_typesupport_c.c.o[0m
[3.315s] [ 90%] [32mBuilding C object CMakeFiles/autopatrol_interfaces__rosidl_typesupport_introspection_c__pyext.dir/rosidl_generator_py/autopatrol_interfaces/_autopatrol_interfaces_s.ep.rosidl_typesupport_introspection_c.c.o[0m
[3.389s] [ 93%] [32m[1mLinking C shared library rosidl_generator_py/autopatrol_interfaces/autopatrol_interfaces_s__rosidl_typesupport_introspection_c.cpython-310-x86_64-linux-gnu.so[0m
[3.390s] [ 96%] [32m[1mLinking C shared library rosidl_generator_py/autopatrol_interfaces/autopatrol_interfaces_s__rosidl_typesupport_c.cpython-310-x86_64-linux-gnu.so[0m
[3.397s] [100%] [32m[1mLinking C shared library rosidl_generator_py/autopatrol_interfaces/autopatrol_interfaces_s__rosidl_typesupport_fastrtps_c.cpython-310-x86_64-linux-gnu.so[0m
[3.416s] [100%] Built target autopatrol_interfaces__rosidl_typesupport_introspection_c__pyext
[3.416s] [100%] Built target autopatrol_interfaces__rosidl_typesupport_c__pyext
[3.425s] [100%] Built target autopatrol_interfaces__rosidl_typesupport_fastrtps_c__pyext
[3.434s] Invoked command in '/home/zkl/chapt7/chapt7_ws/src/build/autopatrol_interfaces' returned '0': CMAKE_PREFIX_PATH=${CMAKE_PREFIX_PATH}:/home/zkl/chapt7/chapt7_ws/install/autopatrol_robot:/home/zkl/chapt7/chapt7_ws/install/fishbot_application:/opt/ros/humble /usr/bin/cmake --build /home/zkl/chapt7/chapt7_ws/src/build/autopatrol_interfaces -- -j20 -l20
[3.486s] Invoking command in '/home/zkl/chapt7/chapt7_ws/src/build/autopatrol_interfaces': CMAKE_PREFIX_PATH=${CMAKE_PREFIX_PATH}:/home/zkl/chapt7/chapt7_ws/install/autopatrol_robot:/home/zkl/chapt7/chapt7_ws/install/fishbot_application:/opt/ros/humble /usr/bin/cmake --install /home/zkl/chapt7/chapt7_ws/src/build/autopatrol_interfaces
[3.494s] -- Install configuration: ""
[3.494s] -- Installing: /home/zkl/chapt7/chapt7_ws/src/install/autopatrol_interfaces/share/ament_index/resource_index/rosidl_interfaces/autopatrol_interfaces
[3.494s] -- Installing: /home/zkl/chapt7/chapt7_ws/src/install/autopatrol_interfaces/include/autopatrol_interfaces/autopatrol_interfaces
[3.494s] -- Installing: /home/zkl/chapt7/chapt7_ws/src/install/autopatrol_interfaces/include/autopatrol_interfaces/autopatrol_interfaces/srv
[3.494s] -- Installing: /home/zkl/chapt7/chapt7_ws/src/install/autopatrol_interfaces/include/autopatrol_interfaces/autopatrol_interfaces/srv/speach_text.h
[3.495s] -- Installing: /home/zkl/chapt7/chapt7_ws/src/install/autopatrol_interfaces/include/autopatrol_interfaces/autopatrol_interfaces/srv/detail
[3.495s] -- Installing: /home/zkl/chapt7/chapt7_ws/src/install/autopatrol_interfaces/include/autopatrol_interfaces/autopatrol_interfaces/srv/detail/speach_text__functions.h
[3.495s] -- Installing: /home/zkl/chapt7/chapt7_ws/src/install/autopatrol_interfaces/include/autopatrol_interfaces/autopatrol_interfaces/srv/detail/speach_text__struct.h
[3.495s] -- Installing: /home/zkl/chapt7/chapt7_ws/src/install/autopatrol_interfaces/include/autopatrol_interfaces/autopatrol_interfaces/srv/detail/speach_text__type_support.h
[3.495s] -- Installing: /home/zkl/chapt7/chapt7_ws/src/install/autopatrol_interfaces/include/autopatrol_interfaces/autopatrol_interfaces/srv/detail/speach_text__functions.c
[3.495s] -- Installing: /home/zkl/chapt7/chapt7_ws/src/install/autopatrol_interfaces/include/autopatrol_interfaces/autopatrol_interfaces/msg
[3.496s] -- Installing: /home/zkl/chapt7/chapt7_ws/src/install/autopatrol_interfaces/include/autopatrol_interfaces/autopatrol_interfaces/msg/rosidl_generator_c__visibility_control.h
[3.496s] -- Installing: /home/zkl/chapt7/chapt7_ws/src/install/autopatrol_interfaces/share/autopatrol_interfaces/environment/library_path.sh
[3.496s] -- Installing: /home/zkl/chapt7/chapt7_ws/src/install/autopatrol_interfaces/share/autopatrol_interfaces/environment/library_path.dsv
[3.496s] -- Installing: /home/zkl/chapt7/chapt7_ws/src/install/autopatrol_interfaces/lib/libautopatrol_interfaces__rosidl_generator_c.so
[3.496s] -- Set runtime path of "/home/zkl/chapt7/chapt7_ws/src/install/autopatrol_interfaces/lib/libautopatrol_interfaces__rosidl_generator_c.so" to ""
[3.496s] -- Up-to-date: /home/zkl/chapt7/chapt7_ws/src/install/autopatrol_interfaces/include/autopatrol_interfaces/autopatrol_interfaces
[3.496s] -- Up-to-date: /home/zkl/chapt7/chapt7_ws/src/install/autopatrol_interfaces/include/autopatrol_interfaces/autopatrol_interfaces/srv
[3.496s] -- Up-to-date: /home/zkl/chapt7/chapt7_ws/src/install/autopatrol_interfaces/include/autopatrol_interfaces/autopatrol_interfaces/srv/detail
[3.496s] -- Installing: /home/zkl/chapt7/chapt7_ws/src/install/autopatrol_interfaces/include/autopatrol_interfaces/autopatrol_interfaces/srv/detail/speach_text__rosidl_typesupport_fastrtps_c.h
[3.496s] -- Up-to-date: /home/zkl/chapt7/chapt7_ws/src/install/autopatrol_interfaces/include/autopatrol_interfaces/autopatrol_interfaces/msg
[3.496s] -- Installing: /home/zkl/chapt7/chapt7_ws/src/install/autopatrol_interfaces/include/autopatrol_interfaces/autopatrol_interfaces/msg/rosidl_typesupport_fastrtps_c__visibility_control.h
[3.496s] -- Installing: /home/zkl/chapt7/chapt7_ws/src/install/autopatrol_interfaces/lib/libautopatrol_interfaces__rosidl_typesupport_fastrtps_c.so
[3.496s] -- Set runtime path of "/home/zkl/chapt7/chapt7_ws/src/install/autopatrol_interfaces/lib/libautopatrol_interfaces__rosidl_typesupport_fastrtps_c.so" to ""
[3.497s] -- Up-to-date: /home/zkl/chapt7/chapt7_ws/src/install/autopatrol_interfaces/include/autopatrol_interfaces/autopatrol_interfaces
[3.497s] -- Up-to-date: /home/zkl/chapt7/chapt7_ws/src/install/autopatrol_interfaces/include/autopatrol_interfaces/autopatrol_interfaces/srv
[3.497s] -- Up-to-date: /home/zkl/chapt7/chapt7_ws/src/install/autopatrol_interfaces/include/autopatrol_interfaces/autopatrol_interfaces/srv/detail
[3.497s] -- Installing: /home/zkl/chapt7/chapt7_ws/src/install/autopatrol_interfaces/include/autopatrol_interfaces/autopatrol_interfaces/srv/detail/speach_text__rosidl_typesupport_introspection_c.h
[3.497s] -- Installing: /home/zkl/chapt7/chapt7_ws/src/install/autopatrol_interfaces/include/autopatrol_interfaces/autopatrol_interfaces/srv/detail/speach_text__type_support.c
[3.497s] -- Up-to-date: /home/zkl/chapt7/chapt7_ws/src/install/autopatrol_interfaces/include/autopatrol_interfaces/autopatrol_interfaces/msg
[3.497s] -- Installing: /home/zkl/chapt7/chapt7_ws/src/install/autopatrol_interfaces/include/autopatrol_interfaces/autopatrol_interfaces/msg/rosidl_typesupport_introspection_c__visibility_control.h
[3.497s] -- Installing: /home/zkl/chapt7/chapt7_ws/src/install/autopatrol_interfaces/lib/libautopatrol_interfaces__rosidl_typesupport_introspection_c.so
[3.497s] -- Set runtime path of "/home/zkl/chapt7/chapt7_ws/src/install/autopatrol_interfaces/lib/libautopatrol_interfaces__rosidl_typesupport_introspection_c.so" to ""
[3.497s] -- Installing: /home/zkl/chapt7/chapt7_ws/src/install/autopatrol_interfaces/lib/libautopatrol_interfaces__rosidl_typesupport_c.so
[3.497s] -- Set runtime path of "/home/zkl/chapt7/chapt7_ws/src/install/autopatrol_interfaces/lib/libautopatrol_interfaces__rosidl_typesupport_c.so" to ""
[3.497s] -- Up-to-date: /home/zkl/chapt7/chapt7_ws/src/install/autopatrol_interfaces/include/autopatrol_interfaces/autopatrol_interfaces
[3.497s] -- Up-to-date: /home/zkl/chapt7/chapt7_ws/src/install/autopatrol_interfaces/include/autopatrol_interfaces/autopatrol_interfaces/srv
[3.498s] -- Installing: /home/zkl/chapt7/chapt7_ws/src/install/autopatrol_interfaces/include/autopatrol_interfaces/autopatrol_interfaces/srv/speach_text.hpp
[3.498s] -- Up-to-date: /home/zkl/chapt7/chapt7_ws/src/install/autopatrol_interfaces/include/autopatrol_interfaces/autopatrol_interfaces/srv/detail
[3.498s] -- Installing: /home/zkl/chapt7/chapt7_ws/src/install/autopatrol_interfaces/include/autopatrol_interfaces/autopatrol_interfaces/srv/detail/speach_text__traits.hpp
[3.498s] -- Installing: /home/zkl/chapt7/chapt7_ws/src/install/autopatrol_interfaces/include/autopatrol_interfaces/autopatrol_interfaces/srv/detail/speach_text__builder.hpp
[3.498s] -- Installing: /home/zkl/chapt7/chapt7_ws/src/install/autopatrol_interfaces/include/autopatrol_interfaces/autopatrol_interfaces/srv/detail/speach_text__struct.hpp
[3.498s] -- Up-to-date: /home/zkl/chapt7/chapt7_ws/src/install/autopatrol_interfaces/include/autopatrol_interfaces/autopatrol_interfaces
[3.498s] -- Up-to-date: /home/zkl/chapt7/chapt7_ws/src/install/autopatrol_interfaces/include/autopatrol_interfaces/autopatrol_interfaces/srv
[3.498s] -- Up-to-date: /home/zkl/chapt7/chapt7_ws/src/install/autopatrol_interfaces/include/autopatrol_interfaces/autopatrol_interfaces/srv/detail
[3.498s] -- Installing: /home/zkl/chapt7/chapt7_ws/src/install/autopatrol_interfaces/include/autopatrol_interfaces/autopatrol_interfaces/srv/detail/speach_text__rosidl_typesupport_fastrtps_cpp.hpp
[3.498s] -- Installing: /home/zkl/chapt7/chapt7_ws/src/install/autopatrol_interfaces/include/autopatrol_interfaces/autopatrol_interfaces/srv/detail/dds_fastrtps
[3.498s] -- Up-to-date: /home/zkl/chapt7/chapt7_ws/src/install/autopatrol_interfaces/include/autopatrol_interfaces/autopatrol_interfaces/msg
[3.498s] -- Installing: /home/zkl/chapt7/chapt7_ws/src/install/autopatrol_interfaces/include/autopatrol_interfaces/autopatrol_interfaces/msg/rosidl_typesupport_fastrtps_cpp__visibility_control.h
[3.498s] -- Installing: /home/zkl/chapt7/chapt7_ws/src/install/autopatrol_interfaces/lib/libautopatrol_interfaces__rosidl_typesupport_fastrtps_cpp.so
[3.498s] -- Set runtime path of "/home/zkl/chapt7/chapt7_ws/src/install/autopatrol_interfaces/lib/libautopatrol_interfaces__rosidl_typesupport_fastrtps_cpp.so" to ""
[3.498s] -- Up-to-date: /home/zkl/chapt7/chapt7_ws/src/install/autopatrol_interfaces/include/autopatrol_interfaces/autopatrol_interfaces
[3.498s] -- Up-to-date: /home/zkl/chapt7/chapt7_ws/src/install/autopatrol_interfaces/include/autopatrol_interfaces/autopatrol_interfaces/srv
[3.498s] -- Up-to-date: /home/zkl/chapt7/chapt7_ws/src/install/autopatrol_interfaces/include/autopatrol_interfaces/autopatrol_interfaces/srv/detail
[3.498s] -- Installing: /home/zkl/chapt7/chapt7_ws/src/install/autopatrol_interfaces/include/autopatrol_interfaces/autopatrol_interfaces/srv/detail/speach_text__type_support.cpp
[3.498s] -- Installing: /home/zkl/chapt7/chapt7_ws/src/install/autopatrol_interfaces/include/autopatrol_interfaces/autopatrol_interfaces/srv/detail/speach_text__rosidl_typesupport_introspection_cpp.hpp
[3.499s] -- Installing: /home/zkl/chapt7/chapt7_ws/src/install/autopatrol_interfaces/lib/libautopatrol_interfaces__rosidl_typesupport_introspection_cpp.so
[3.499s] -- Set runtime path of "/home/zkl/chapt7/chapt7_ws/src/install/autopatrol_interfaces/lib/libautopatrol_interfaces__rosidl_typesupport_introspection_cpp.so" to ""
[3.499s] -- Installing: /home/zkl/chapt7/chapt7_ws/src/install/autopatrol_interfaces/lib/libautopatrol_interfaces__rosidl_typesupport_cpp.so
[3.499s] -- Set runtime path of "/home/zkl/chapt7/chapt7_ws/src/install/autopatrol_interfaces/lib/libautopatrol_interfaces__rosidl_typesupport_cpp.so" to ""
[3.499s] -- Installing: /home/zkl/chapt7/chapt7_ws/src/install/autopatrol_interfaces/share/autopatrol_interfaces/environment/pythonpath.sh
[3.499s] -- Installing: /home/zkl/chapt7/chapt7_ws/src/install/autopatrol_interfaces/share/autopatrol_interfaces/environment/pythonpath.dsv
[3.499s] -- Installing: /home/zkl/chapt7/chapt7_ws/src/install/autopatrol_interfaces/local/lib/python3.10/dist-packages/autopatrol_interfaces-0.0.0-py3.10.egg-info
[3.499s] -- Installing: /home/zkl/chapt7/chapt7_ws/src/install/autopatrol_interfaces/local/lib/python3.10/dist-packages/autopatrol_interfaces-0.0.0-py3.10.egg-info/top_level.txt
[3.499s] -- Installing: /home/zkl/chapt7/chapt7_ws/src/install/autopatrol_interfaces/local/lib/python3.10/dist-packages/autopatrol_interfaces-0.0.0-py3.10.egg-info/dependency_links.txt
[3.499s] -- Installing: /home/zkl/chapt7/chapt7_ws/src/install/autopatrol_interfaces/local/lib/python3.10/dist-packages/autopatrol_interfaces-0.0.0-py3.10.egg-info/SOURCES.txt
[3.499s] -- Installing: /home/zkl/chapt7/chapt7_ws/src/install/autopatrol_interfaces/local/lib/python3.10/dist-packages/autopatrol_interfaces-0.0.0-py3.10.egg-info/PKG-INFO
[3.500s] -- Installing: /home/zkl/chapt7/chapt7_ws/src/install/autopatrol_interfaces/local/lib/python3.10/dist-packages/autopatrol_interfaces
[3.500s] -- Installing: /home/zkl/chapt7/chapt7_ws/src/install/autopatrol_interfaces/local/lib/python3.10/dist-packages/autopatrol_interfaces/__init__.py
[3.500s] -- Installing: /home/zkl/chapt7/chapt7_ws/src/install/autopatrol_interfaces/local/lib/python3.10/dist-packages/autopatrol_interfaces/srv
[3.500s] -- Installing: /home/zkl/chapt7/chapt7_ws/src/install/autopatrol_interfaces/local/lib/python3.10/dist-packages/autopatrol_interfaces/srv/__init__.py
[3.500s] -- Installing: /home/zkl/chapt7/chapt7_ws/src/install/autopatrol_interfaces/local/lib/python3.10/dist-packages/autopatrol_interfaces/srv/_speach_text.py
[3.500s] -- Installing: /home/zkl/chapt7/chapt7_ws/src/install/autopatrol_interfaces/local/lib/python3.10/dist-packages/autopatrol_interfaces/srv/_speach_text_s.c
[3.500s] -- Installing: /home/zkl/chapt7/chapt7_ws/src/install/autopatrol_interfaces/local/lib/python3.10/dist-packages/autopatrol_interfaces/libautopatrol_interfaces__rosidl_generator_py.so
[3.501s] -- Installing: /home/zkl/chapt7/chapt7_ws/src/install/autopatrol_interfaces/local/lib/python3.10/dist-packages/autopatrol_interfaces/_autopatrol_interfaces_s.ep.rosidl_typesupport_fastrtps_c.c
[3.501s] -- Installing: /home/zkl/chapt7/chapt7_ws/src/install/autopatrol_interfaces/local/lib/python3.10/dist-packages/autopatrol_interfaces/autopatrol_interfaces_s__rosidl_typesupport_c.cpython-310-x86_64-linux-gnu.so
[3.501s] -- Installing: /home/zkl/chapt7/chapt7_ws/src/install/autopatrol_interfaces/local/lib/python3.10/dist-packages/autopatrol_interfaces/_autopatrol_interfaces_s.ep.rosidl_typesupport_c.c
[3.501s] -- Installing: /home/zkl/chapt7/chapt7_ws/src/install/autopatrol_interfaces/local/lib/python3.10/dist-packages/autopatrol_interfaces/autopatrol_interfaces_s__rosidl_typesupport_introspection_c.cpython-310-x86_64-linux-gnu.so
[3.501s] -- Installing: /home/zkl/chapt7/chapt7_ws/src/install/autopatrol_interfaces/local/lib/python3.10/dist-packages/autopatrol_interfaces/_autopatrol_interfaces_s.ep.rosidl_typesupport_introspection_c.c
[3.501s] -- Installing: /home/zkl/chapt7/chapt7_ws/src/install/autopatrol_interfaces/local/lib/python3.10/dist-packages/autopatrol_interfaces/autopatrol_interfaces_s__rosidl_typesupport_fastrtps_c.cpython-310-x86_64-linux-gnu.so
[3.529s] Listing '/home/zkl/chapt7/chapt7_ws/src/install/autopatrol_interfaces/local/lib/python3.10/dist-packages/autopatrol_interfaces'...
[3.529s] Compiling '/home/zkl/chapt7/chapt7_ws/src/install/autopatrol_interfaces/local/lib/python3.10/dist-packages/autopatrol_interfaces/__init__.py'...
[3.529s] Listing '/home/zkl/chapt7/chapt7_ws/src/install/autopatrol_interfaces/local/lib/python3.10/dist-packages/autopatrol_interfaces/srv'...
[3.529s] Compiling '/home/zkl/chapt7/chapt7_ws/src/install/autopatrol_interfaces/local/lib/python3.10/dist-packages/autopatrol_interfaces/srv/__init__.py'...
[3.529s] Compiling '/home/zkl/chapt7/chapt7_ws/src/install/autopatrol_interfaces/local/lib/python3.10/dist-packages/autopatrol_interfaces/srv/_speach_text.py'...
[3.532s] -- Installing: /home/zkl/chapt7/chapt7_ws/src/install/autopatrol_interfaces/local/lib/python3.10/dist-packages/autopatrol_interfaces/autopatrol_interfaces_s__rosidl_typesupport_fastrtps_c.cpython-310-x86_64-linux-gnu.so
[3.532s] -- Set runtime path of "/home/zkl/chapt7/chapt7_ws/src/install/autopatrol_interfaces/local/lib/python3.10/dist-packages/autopatrol_interfaces/autopatrol_interfaces_s__rosidl_typesupport_fastrtps_c.cpython-310-x86_64-linux-gnu.so" to ""
[3.532s] -- Installing: /home/zkl/chapt7/chapt7_ws/src/install/autopatrol_interfaces/local/lib/python3.10/dist-packages/autopatrol_interfaces/autopatrol_interfaces_s__rosidl_typesupport_introspection_c.cpython-310-x86_64-linux-gnu.so
[3.532s] -- Set runtime path of "/home/zkl/chapt7/chapt7_ws/src/install/autopatrol_interfaces/local/lib/python3.10/dist-packages/autopatrol_interfaces/autopatrol_interfaces_s__rosidl_typesupport_introspection_c.cpython-310-x86_64-linux-gnu.so" to ""
[3.533s] -- Installing: /home/zkl/chapt7/chapt7_ws/src/install/autopatrol_interfaces/local/lib/python3.10/dist-packages/autopatrol_interfaces/autopatrol_interfaces_s__rosidl_typesupport_c.cpython-310-x86_64-linux-gnu.so
[3.533s] -- Set runtime path of "/home/zkl/chapt7/chapt7_ws/src/install/autopatrol_interfaces/local/lib/python3.10/dist-packages/autopatrol_interfaces/autopatrol_interfaces_s__rosidl_typesupport_c.cpython-310-x86_64-linux-gnu.so" to ""
[3.533s] -- Installing: /home/zkl/chapt7/chapt7_ws/src/install/autopatrol_interfaces/lib/libautopatrol_interfaces__rosidl_generator_py.so
[3.534s] -- Set runtime path of "/home/zkl/chapt7/chapt7_ws/src/install/autopatrol_interfaces/lib/libautopatrol_interfaces__rosidl_generator_py.so" to ""
[3.534s] -- Installing: /home/zkl/chapt7/chapt7_ws/src/install/autopatrol_interfaces/share/autopatrol_interfaces/srv/SpeachText.idl
[3.534s] -- Installing: /home/zkl/chapt7/chapt7_ws/src/install/autopatrol_interfaces/share/autopatrol_interfaces/srv/SpeachText.srv
[3.534s] -- Installing: /home/zkl/chapt7/chapt7_ws/src/install/autopatrol_interfaces/share/autopatrol_interfaces/srv/SpeachText_Request.msg
[3.534s] -- Installing: /home/zkl/chapt7/chapt7_ws/src/install/autopatrol_interfaces/share/autopatrol_interfaces/srv/SpeachText_Response.msg
[3.534s] -- Installing: /home/zkl/chapt7/chapt7_ws/src/install/autopatrol_interfaces/share/ament_index/resource_index/package_run_dependencies/autopatrol_interfaces
[3.534s] -- Installing: /home/zkl/chapt7/chapt7_ws/src/install/autopatrol_interfaces/share/ament_index/resource_index/parent_prefix_path/autopatrol_interfaces
[3.534s] -- Installing: /home/zkl/chapt7/chapt7_ws/src/install/autopatrol_interfaces/share/autopatrol_interfaces/environment/ament_prefix_path.sh
[3.534s] -- Installing: /home/zkl/chapt7/chapt7_ws/src/install/autopatrol_interfaces/share/autopatrol_interfaces/environment/ament_prefix_path.dsv
[3.534s] -- Installing: /home/zkl/chapt7/chapt7_ws/src/install/autopatrol_interfaces/share/autopatrol_interfaces/environment/path.sh
[3.535s] -- Installing: /home/zkl/chapt7/chapt7_ws/src/install/autopatrol_interfaces/share/autopatrol_interfaces/environment/path.dsv
[3.535s] -- Installing: /home/zkl/chapt7/chapt7_ws/src/install/autopatrol_interfaces/share/autopatrol_interfaces/local_setup.bash
[3.535s] -- Installing: /home/zkl/chapt7/chapt7_ws/src/install/autopatrol_interfaces/share/autopatrol_interfaces/local_setup.sh
[3.535s] -- Installing: /home/zkl/chapt7/chapt7_ws/src/install/autopatrol_interfaces/share/autopatrol_interfaces/local_setup.zsh
[3.535s] -- Installing: /home/zkl/chapt7/chapt7_ws/src/install/autopatrol_interfaces/share/autopatrol_interfaces/local_setup.dsv
[3.535s] -- Installing: /home/zkl/chapt7/chapt7_ws/src/install/autopatrol_interfaces/share/autopatrol_interfaces/package.dsv
[3.535s] -- Installing: /home/zkl/chapt7/chapt7_ws/src/install/autopatrol_interfaces/share/ament_index/resource_index/packages/autopatrol_interfaces
[3.535s] -- Installing: /home/zkl/chapt7/chapt7_ws/src/install/autopatrol_interfaces/share/autopatrol_interfaces/cmake/export_autopatrol_interfaces__rosidl_generator_cExport.cmake
[3.535s] -- Installing: /home/zkl/chapt7/chapt7_ws/src/install/autopatrol_interfaces/share/autopatrol_interfaces/cmake/export_autopatrol_interfaces__rosidl_generator_cExport-noconfig.cmake
[3.536s] -- Installing: /home/zkl/chapt7/chapt7_ws/src/install/autopatrol_interfaces/share/autopatrol_interfaces/cmake/export_autopatrol_interfaces__rosidl_typesupport_fastrtps_cExport.cmake
[3.536s] -- Installing: /home/zkl/chapt7/chapt7_ws/src/install/autopatrol_interfaces/share/autopatrol_interfaces/cmake/export_autopatrol_interfaces__rosidl_typesupport_fastrtps_cExport-noconfig.cmake
[3.536s] -- Installing: /home/zkl/chapt7/chapt7_ws/src/install/autopatrol_interfaces/share/autopatrol_interfaces/cmake/autopatrol_interfaces__rosidl_typesupport_introspection_cExport.cmake
[3.536s] -- Installing: /home/zkl/chapt7/chapt7_ws/src/install/autopatrol_interfaces/share/autopatrol_interfaces/cmake/autopatrol_interfaces__rosidl_typesupport_introspection_cExport-noconfig.cmake
[3.536s] -- Installing: /home/zkl/chapt7/chapt7_ws/src/install/autopatrol_interfaces/share/autopatrol_interfaces/cmake/autopatrol_interfaces__rosidl_typesupport_cExport.cmake
[3.536s] -- Installing: /home/zkl/chapt7/chapt7_ws/src/install/autopatrol_interfaces/share/autopatrol_interfaces/cmake/autopatrol_interfaces__rosidl_typesupport_cExport-noconfig.cmake
[3.537s] -- Installing: /home/zkl/chapt7/chapt7_ws/src/install/autopatrol_interfaces/share/autopatrol_interfaces/cmake/export_autopatrol_interfaces__rosidl_generator_cppExport.cmake
[3.537s] -- Installing: /home/zkl/chapt7/chapt7_ws/src/install/autopatrol_interfaces/share/autopatrol_interfaces/cmake/export_autopatrol_interfaces__rosidl_typesupport_fastrtps_cppExport.cmake
[3.537s] -- Installing: /home/zkl/chapt7/chapt7_ws/src/install/autopatrol_interfaces/share/autopatrol_interfaces/cmake/export_autopatrol_interfaces__rosidl_typesupport_fastrtps_cppExport-noconfig.cmake
[3.537s] -- Installing: /home/zkl/chapt7/chapt7_ws/src/install/autopatrol_interfaces/share/autopatrol_interfaces/cmake/autopatrol_interfaces__rosidl_typesupport_introspection_cppExport.cmake
[3.537s] -- Installing: /home/zkl/chapt7/chapt7_ws/src/install/autopatrol_interfaces/share/autopatrol_interfaces/cmake/autopatrol_interfaces__rosidl_typesupport_introspection_cppExport-noconfig.cmake
[3.537s] -- Installing: /home/zkl/chapt7/chapt7_ws/src/install/autopatrol_interfaces/share/autopatrol_interfaces/cmake/autopatrol_interfaces__rosidl_typesupport_cppExport.cmake
[3.537s] -- Installing: /home/zkl/chapt7/chapt7_ws/src/install/autopatrol_interfaces/share/autopatrol_interfaces/cmake/autopatrol_interfaces__rosidl_typesupport_cppExport-noconfig.cmake
[3.538s] -- Installing: /home/zkl/chapt7/chapt7_ws/src/install/autopatrol_interfaces/share/autopatrol_interfaces/cmake/export_autopatrol_interfaces__rosidl_generator_pyExport.cmake
[3.538s] -- Installing: /home/zkl/chapt7/chapt7_ws/src/install/autopatrol_interfaces/share/autopatrol_interfaces/cmake/export_autopatrol_interfaces__rosidl_generator_pyExport-noconfig.cmake
[3.538s] -- Installing: /home/zkl/chapt7/chapt7_ws/src/install/autopatrol_interfaces/share/autopatrol_interfaces/cmake/rosidl_cmake-extras.cmake
[3.538s] -- Installing: /home/zkl/chapt7/chapt7_ws/src/install/autopatrol_interfaces/share/autopatrol_interfaces/cmake/ament_cmake_export_include_directories-extras.cmake
[3.538s] -- Installing: /home/zkl/chapt7/chapt7_ws/src/install/autopatrol_interfaces/share/autopatrol_interfaces/cmake/ament_cmake_export_libraries-extras.cmake
[3.538s] -- Installing: /home/zkl/chapt7/chapt7_ws/src/install/autopatrol_interfaces/share/autopatrol_interfaces/cmake/ament_cmake_export_targets-extras.cmake
[3.538s] -- Installing: /home/zkl/chapt7/chapt7_ws/src/install/autopatrol_interfaces/share/autopatrol_interfaces/cmake/rosidl_cmake_export_typesupport_targets-extras.cmake
[3.538s] -- Installing: /home/zkl/chapt7/chapt7_ws/src/install/autopatrol_interfaces/share/autopatrol_interfaces/cmake/ament_cmake_export_dependencies-extras.cmake
[3.538s] -- Installing: /home/zkl/chapt7/chapt7_ws/src/install/autopatrol_interfaces/share/autopatrol_interfaces/cmake/rosidl_cmake_export_typesupport_libraries-extras.cmake
[3.538s] -- Installing: /home/zkl/chapt7/chapt7_ws/src/install/autopatrol_interfaces/share/autopatrol_interfaces/cmake/autopatrol_interfacesConfig.cmake
[3.538s] -- Installing: /home/zkl/chapt7/chapt7_ws/src/install/autopatrol_interfaces/share/autopatrol_interfaces/cmake/autopatrol_interfacesConfig-version.cmake
[3.538s] -- Installing: /home/zkl/chapt7/chapt7_ws/src/install/autopatrol_interfaces/share/autopatrol_interfaces/package.xml
[3.541s] Invoked command in '/home/zkl/chapt7/chapt7_ws/src/build/autopatrol_interfaces' returned '0': CMAKE_PREFIX_PATH=${CMAKE_PREFIX_PATH}:/home/zkl/chapt7/chapt7_ws/install/autopatrol_robot:/home/zkl/chapt7/chapt7_ws/install/fishbot_application:/opt/ros/humble /usr/bin/cmake --install /home/zkl/chapt7/chapt7_ws/src/build/autopatrol_interfaces
