[0.007s] Invoking command in '/home/zkl/chapt6/chapt6_ws/src/fishbot_description/build/fishbot_description': CMAKE_PREFIX_PATH=/opt/ros/humble /usr/bin/cmake /home/zkl/chapt6/chapt6_ws/src/fishbot_description -DCMAKE_INSTALL_PREFIX=/home/zkl/chapt6/chapt6_ws/src/fishbot_description/install/fishbot_description
[0.072s] -- The C compiler identification is GNU 11.4.0
[0.141s] -- The CXX compiler identification is GNU 11.4.0
[0.153s] -- Detecting C compiler ABI info
[0.198s] -- Detecting C compiler ABI info - done
[0.202s] -- Check for working C compiler: /usr/bin/cc - skipped
[0.202s] -- Detecting C compile features
[0.203s] -- Detecting C compile features - done
[0.205s] -- Detecting CXX compiler ABI info
[0.293s] -- Detecting CXX compiler ABI info - done
[0.298s] -- Check for working CXX compiler: /usr/bin/c++ - skipped
[0.298s] -- Detecting CXX compile features
[0.298s] -- Detecting CXX compile features - done
[0.300s] -- Found ament_cmake: 1.3.10 (/opt/ros/humble/share/ament_cmake/cmake)
[0.433s] -- Found Python3: /usr/bin/python3 (found version "3.10.12") found components: Interpreter 
[0.504s] -- Found ament_lint_auto: 0.12.11 (/opt/ros/humble/share/ament_lint_auto/cmake)
[0.610s] -- Added test 'cppcheck' to perform static code analysis on C / C++ code
[0.610s] -- Configured cppcheck include dirs: 
[0.610s] -- Configured cppcheck exclude dirs and/or files: 
[0.610s] -- Added test 'flake8' to check Python code syntax and style conventions
[0.611s] -- Added test 'lint_cmake' to check CMake code style
[0.612s] -- Added test 'pep257' to check Python code against some of the docstring style conventions in PEP 257
[0.614s] -- Added test 'uncrustify' to check C / C++ code style
[0.614s] -- Configured uncrustify additional arguments: 
[0.614s] -- Added test 'xmllint' to check XML markup files
[0.617s] -- Configuring done
[0.618s] -- Generating done
[0.618s] -- Build files have been written to: /home/zkl/chapt6/chapt6_ws/src/fishbot_description/build/fishbot_description
[0.620s] Invoked command in '/home/zkl/chapt6/chapt6_ws/src/fishbot_description/build/fishbot_description' returned '0': CMAKE_PREFIX_PATH=/opt/ros/humble /usr/bin/cmake /home/zkl/chapt6/chapt6_ws/src/fishbot_description -DCMAKE_INSTALL_PREFIX=/home/zkl/chapt6/chapt6_ws/src/fishbot_description/install/fishbot_description
[0.621s] Invoking command in '/home/zkl/chapt6/chapt6_ws/src/fishbot_description/build/fishbot_description': CMAKE_PREFIX_PATH=/opt/ros/humble /usr/bin/cmake --build /home/zkl/chapt6/chapt6_ws/src/fishbot_description/build/fishbot_description -- -j20 -l20
[0.670s] Invoked command in '/home/zkl/chapt6/chapt6_ws/src/fishbot_description/build/fishbot_description' returned '0': CMAKE_PREFIX_PATH=/opt/ros/humble /usr/bin/cmake --build /home/zkl/chapt6/chapt6_ws/src/fishbot_description/build/fishbot_description -- -j20 -l20
[0.691s] Invoking command in '/home/zkl/chapt6/chapt6_ws/src/fishbot_description/build/fishbot_description': CMAKE_PREFIX_PATH=/opt/ros/humble /usr/bin/cmake --install /home/zkl/chapt6/chapt6_ws/src/fishbot_description/build/fishbot_description
[0.696s] -- Install configuration: ""
[0.696s] -- Installing: /home/zkl/chapt6/chapt6_ws/src/fishbot_description/install/fishbot_description/share/fishbot_description/launch
[0.696s] -- Installing: /home/zkl/chapt6/chapt6_ws/src/fishbot_description/install/fishbot_description/share/fishbot_description/launch/display_robot.launch.py
[0.696s] -- Installing: /home/zkl/chapt6/chapt6_ws/src/fishbot_description/install/fishbot_description/share/fishbot_description/urdf
[0.696s] -- Installing: /home/zkl/chapt6/chapt6_ws/src/fishbot_description/install/fishbot_description/share/fishbot_description/urdf/first_robot.pdf
[0.696s] -- Installing: /home/zkl/chapt6/chapt6_ws/src/fishbot_description/install/fishbot_description/share/fishbot_description/urdf/first_robot.gv
[0.696s] -- Installing: /home/zkl/chapt6/chapt6_ws/src/fishbot_description/install/fishbot_description/share/fishbot_description/urdf/first_robot.urdf
[0.696s] -- Installing: /home/zkl/chapt6/chapt6_ws/src/fishbot_description/install/fishbot_description/share/ament_index/resource_index/package_run_dependencies/fishbot_description
[0.696s] -- Installing: /home/zkl/chapt6/chapt6_ws/src/fishbot_description/install/fishbot_description/share/ament_index/resource_index/parent_prefix_path/fishbot_description
[0.696s] -- Installing: /home/zkl/chapt6/chapt6_ws/src/fishbot_description/install/fishbot_description/share/fishbot_description/environment/ament_prefix_path.sh
[0.696s] -- Installing: /home/zkl/chapt6/chapt6_ws/src/fishbot_description/install/fishbot_description/share/fishbot_description/environment/ament_prefix_path.dsv
[0.696s] -- Installing: /home/zkl/chapt6/chapt6_ws/src/fishbot_description/install/fishbot_description/share/fishbot_description/environment/path.sh
[0.696s] -- Installing: /home/zkl/chapt6/chapt6_ws/src/fishbot_description/install/fishbot_description/share/fishbot_description/environment/path.dsv
[0.696s] -- Installing: /home/zkl/chapt6/chapt6_ws/src/fishbot_description/install/fishbot_description/share/fishbot_description/local_setup.bash
[0.696s] -- Installing: /home/zkl/chapt6/chapt6_ws/src/fishbot_description/install/fishbot_description/share/fishbot_description/local_setup.sh
[0.697s] -- Installing: /home/zkl/chapt6/chapt6_ws/src/fishbot_description/install/fishbot_description/share/fishbot_description/local_setup.zsh
[0.697s] -- Installing: /home/zkl/chapt6/chapt6_ws/src/fishbot_description/install/fishbot_description/share/fishbot_description/local_setup.dsv
[0.697s] -- Installing: /home/zkl/chapt6/chapt6_ws/src/fishbot_description/install/fishbot_description/share/fishbot_description/package.dsv
[0.697s] -- Installing: /home/zkl/chapt6/chapt6_ws/src/fishbot_description/install/fishbot_description/share/ament_index/resource_index/packages/fishbot_description
[0.697s] -- Installing: /home/zkl/chapt6/chapt6_ws/src/fishbot_description/install/fishbot_description/share/fishbot_description/cmake/fishbot_descriptionConfig.cmake
[0.697s] -- Installing: /home/zkl/chapt6/chapt6_ws/src/fishbot_description/install/fishbot_description/share/fishbot_description/cmake/fishbot_descriptionConfig-version.cmake
[0.697s] -- Installing: /home/zkl/chapt6/chapt6_ws/src/fishbot_description/install/fishbot_description/share/fishbot_description/package.xml
[0.698s] Invoked command in '/home/zkl/chapt6/chapt6_ws/src/fishbot_description/build/fishbot_description' returned '0': CMAKE_PREFIX_PATH=/opt/ros/humble /usr/bin/cmake --install /home/zkl/chapt6/chapt6_ws/src/fishbot_description/build/fishbot_description
