[0.067s] DEBUG:colcon:Command line arguments: ['/usr/bin/colcon', 'build']
[0.067s] DEBUG:colcon:Parsed command line arguments: Namespace(log_base=None, log_level=None, verb_name='build', build_base='build', install_base='install', merge_install=False, symlink_install=False, test_result_base=None, continue_on_error=False, executor='parallel', parallel_workers=20, event_handlers=None, ignore_user_meta=False, metas=['./colcon.meta'], base_paths=['.'], packages_ignore=None, packages_ignore_regex=None, paths=None, packages_up_to=None, packages_up_to_regex=None, packages_above=None, packages_above_and_dependencies=None, packages_above_depth=None, packages_select_by_dep=None, packages_skip_by_dep=None, packages_skip_up_to=None, packages_select_build_failed=False, packages_skip_build_finished=False, packages_select_test_failures=False, packages_skip_test_passed=False, packages_select=None, packages_skip=None, packages_select_regex=None, packages_skip_regex=None, packages_start=None, packages_end=None, allow_overriding=[], cmake_args=None, cmake_target=None, cmake_target_skip_unavailable=False, cmake_clean_cache=False, cmake_clean_first=False, cmake_force_configure=False, ament_cmake_args=None, catkin_cmake_args=None, catkin_skip_building_tests=False, verb_parser=<colcon_defaults.argument_parser.defaults.DefaultArgumentsDecorator object at 0x7ae7e4e348e0>, verb_extension=<colcon_core.verb.build.BuildVerb object at 0x7ae7e4e34100>, main=<bound method BuildVerb.main of <colcon_core.verb.build.BuildVerb object at 0x7ae7e4e34100>>)
[0.163s] Level 1:colcon.colcon_core.package_discovery:discover_packages(colcon_meta) check parameters
[0.163s] Level 1:colcon.colcon_core.package_discovery:discover_packages(recursive) check parameters
[0.163s] Level 1:colcon.colcon_core.package_discovery:discover_packages(ignore) check parameters
[0.163s] Level 1:colcon.colcon_core.package_discovery:discover_packages(path) check parameters
[0.163s] Level 1:colcon.colcon_core.package_discovery:discover_packages(colcon_meta) discover
[0.163s] Level 1:colcon.colcon_core.package_discovery:discover_packages(recursive) discover
[0.163s] INFO:colcon.colcon_core.package_discovery:Crawling recursively for packages in '/home/zkl/chapt7/chapt7_ws/src'
[0.163s] Level 1:colcon.colcon_core.package_identification:_identify(.) by extensions ['ignore', 'ignore_ament_install']
[0.163s] Level 1:colcon.colcon_core.package_identification:_identify(.) by extension 'ignore'
[0.163s] Level 1:colcon.colcon_core.package_identification:_identify(.) by extension 'ignore_ament_install'
[0.163s] Level 1:colcon.colcon_core.package_identification:_identify(.) by extensions ['colcon_pkg']
[0.163s] Level 1:colcon.colcon_core.package_identification:_identify(.) by extension 'colcon_pkg'
[0.163s] Level 1:colcon.colcon_core.package_identification:_identify(.) by extensions ['colcon_meta']
[0.163s] Level 1:colcon.colcon_core.package_identification:_identify(.) by extension 'colcon_meta'
[0.163s] Level 1:colcon.colcon_core.package_identification:_identify(.) by extensions ['ros']
[0.163s] Level 1:colcon.colcon_core.package_identification:_identify(.) by extension 'ros'
[0.171s] Level 1:colcon.colcon_core.package_identification:_identify(.) by extensions ['cmake', 'python']
[0.171s] Level 1:colcon.colcon_core.package_identification:_identify(.) by extension 'cmake'
[0.171s] Level 1:colcon.colcon_core.package_identification:_identify(.) by extension 'python'
[0.171s] Level 1:colcon.colcon_core.package_identification:_identify(.) by extensions ['python_setup_py']
[0.171s] Level 1:colcon.colcon_core.package_identification:_identify(.) by extension 'python_setup_py'
[0.171s] Level 1:colcon.colcon_core.package_identification:_identify(autopatrol_interfaces) by extensions ['ignore', 'ignore_ament_install']
[0.171s] Level 1:colcon.colcon_core.package_identification:_identify(autopatrol_interfaces) by extension 'ignore'
[0.171s] Level 1:colcon.colcon_core.package_identification:_identify(autopatrol_interfaces) by extension 'ignore_ament_install'
[0.171s] Level 1:colcon.colcon_core.package_identification:_identify(autopatrol_interfaces) by extensions ['colcon_pkg']
[0.171s] Level 1:colcon.colcon_core.package_identification:_identify(autopatrol_interfaces) by extension 'colcon_pkg'
[0.171s] Level 1:colcon.colcon_core.package_identification:_identify(autopatrol_interfaces) by extensions ['colcon_meta']
[0.171s] Level 1:colcon.colcon_core.package_identification:_identify(autopatrol_interfaces) by extension 'colcon_meta'
[0.171s] Level 1:colcon.colcon_core.package_identification:_identify(autopatrol_interfaces) by extensions ['ros']
[0.171s] Level 1:colcon.colcon_core.package_identification:_identify(autopatrol_interfaces) by extension 'ros'
[0.173s] DEBUG:colcon.colcon_core.package_identification:Package 'autopatrol_interfaces' with type 'ros.ament_cmake' and name 'autopatrol_interfaces'
[0.173s] Level 1:colcon.colcon_core.package_identification:_identify(autopatrol_robot) by extensions ['ignore', 'ignore_ament_install']
[0.173s] Level 1:colcon.colcon_core.package_identification:_identify(autopatrol_robot) by extension 'ignore'
[0.173s] Level 1:colcon.colcon_core.package_identification:_identify(autopatrol_robot) by extension 'ignore_ament_install'
[0.173s] Level 1:colcon.colcon_core.package_identification:_identify(autopatrol_robot) by extensions ['colcon_pkg']
[0.173s] Level 1:colcon.colcon_core.package_identification:_identify(autopatrol_robot) by extension 'colcon_pkg'
[0.173s] Level 1:colcon.colcon_core.package_identification:_identify(autopatrol_robot) by extensions ['colcon_meta']
[0.173s] Level 1:colcon.colcon_core.package_identification:_identify(autopatrol_robot) by extension 'colcon_meta'
[0.173s] Level 1:colcon.colcon_core.package_identification:_identify(autopatrol_robot) by extensions ['ros']
[0.173s] Level 1:colcon.colcon_core.package_identification:_identify(autopatrol_robot) by extension 'ros'
[0.173s] DEBUG:colcon.colcon_core.package_identification:Package 'autopatrol_robot' with type 'ros.ament_python' and name 'autopatrol_robot'
[0.173s] Level 1:colcon.colcon_core.package_identification:_identify(build) by extensions ['ignore', 'ignore_ament_install']
[0.173s] Level 1:colcon.colcon_core.package_identification:_identify(build) by extension 'ignore'
[0.174s] Level 1:colcon.colcon_core.package_identification:_identify(build) ignored
[0.174s] Level 1:colcon.colcon_core.package_identification:_identify(fishbot_application) by extensions ['ignore', 'ignore_ament_install']
[0.174s] Level 1:colcon.colcon_core.package_identification:_identify(fishbot_application) by extension 'ignore'
[0.174s] Level 1:colcon.colcon_core.package_identification:_identify(fishbot_application) by extension 'ignore_ament_install'
[0.174s] Level 1:colcon.colcon_core.package_identification:_identify(fishbot_application) by extensions ['colcon_pkg']
[0.174s] Level 1:colcon.colcon_core.package_identification:_identify(fishbot_application) by extension 'colcon_pkg'
[0.174s] Level 1:colcon.colcon_core.package_identification:_identify(fishbot_application) by extensions ['colcon_meta']
[0.174s] Level 1:colcon.colcon_core.package_identification:_identify(fishbot_application) by extension 'colcon_meta'
[0.174s] Level 1:colcon.colcon_core.package_identification:_identify(fishbot_application) by extensions ['ros']
[0.174s] Level 1:colcon.colcon_core.package_identification:_identify(fishbot_application) by extension 'ros'
[0.174s] DEBUG:colcon.colcon_core.package_identification:Package 'fishbot_application' with type 'ros.ament_python' and name 'fishbot_application'
[0.174s] Level 1:colcon.colcon_core.package_identification:_identify(fishbot_description) by extensions ['ignore', 'ignore_ament_install']
[0.174s] Level 1:colcon.colcon_core.package_identification:_identify(fishbot_description) by extension 'ignore'
[0.174s] Level 1:colcon.colcon_core.package_identification:_identify(fishbot_description) by extension 'ignore_ament_install'
[0.174s] Level 1:colcon.colcon_core.package_identification:_identify(fishbot_description) by extensions ['colcon_pkg']
[0.174s] Level 1:colcon.colcon_core.package_identification:_identify(fishbot_description) by extension 'colcon_pkg'
[0.174s] Level 1:colcon.colcon_core.package_identification:_identify(fishbot_description) by extensions ['colcon_meta']
[0.174s] Level 1:colcon.colcon_core.package_identification:_identify(fishbot_description) by extension 'colcon_meta'
[0.174s] Level 1:colcon.colcon_core.package_identification:_identify(fishbot_description) by extensions ['ros']
[0.174s] Level 1:colcon.colcon_core.package_identification:_identify(fishbot_description) by extension 'ros'
[0.175s] DEBUG:colcon.colcon_core.package_identification:Package 'fishbot_description' with type 'ros.ament_cmake' and name 'fishbot_description'
[0.175s] Level 1:colcon.colcon_core.package_identification:_identify(fishbot_navigation2) by extensions ['ignore', 'ignore_ament_install']
[0.175s] Level 1:colcon.colcon_core.package_identification:_identify(fishbot_navigation2) by extension 'ignore'
[0.175s] Level 1:colcon.colcon_core.package_identification:_identify(fishbot_navigation2) by extension 'ignore_ament_install'
[0.175s] Level 1:colcon.colcon_core.package_identification:_identify(fishbot_navigation2) by extensions ['colcon_pkg']
[0.175s] Level 1:colcon.colcon_core.package_identification:_identify(fishbot_navigation2) by extension 'colcon_pkg'
[0.175s] Level 1:colcon.colcon_core.package_identification:_identify(fishbot_navigation2) by extensions ['colcon_meta']
[0.175s] Level 1:colcon.colcon_core.package_identification:_identify(fishbot_navigation2) by extension 'colcon_meta'
[0.175s] Level 1:colcon.colcon_core.package_identification:_identify(fishbot_navigation2) by extensions ['ros']
[0.175s] Level 1:colcon.colcon_core.package_identification:_identify(fishbot_navigation2) by extension 'ros'
[0.175s] DEBUG:colcon.colcon_core.package_identification:Package 'fishbot_navigation2' with type 'ros.ament_cmake' and name 'fishbot_navigation2'
[0.175s] Level 1:colcon.colcon_core.package_identification:_identify(install) by extensions ['ignore', 'ignore_ament_install']
[0.175s] Level 1:colcon.colcon_core.package_identification:_identify(install) by extension 'ignore'
[0.175s] Level 1:colcon.colcon_core.package_identification:_identify(install) ignored
[0.176s] Level 1:colcon.colcon_core.package_identification:_identify(log) by extensions ['ignore', 'ignore_ament_install']
[0.176s] Level 1:colcon.colcon_core.package_identification:_identify(log) by extension 'ignore'
[0.176s] Level 1:colcon.colcon_core.package_identification:_identify(log) ignored
[0.176s] Level 1:colcon.colcon_core.package_discovery:discover_packages(recursive) using defaults
[0.176s] Level 1:colcon.colcon_core.package_discovery:discover_packages(ignore) discover
[0.176s] Level 1:colcon.colcon_core.package_discovery:discover_packages(ignore) using defaults
[0.176s] Level 1:colcon.colcon_core.package_discovery:discover_packages(path) discover
[0.176s] Level 1:colcon.colcon_core.package_discovery:discover_packages(path) using defaults
[0.187s] Level 1:colcon.colcon_core.package_discovery:discover_packages(prefix_path) check parameters
[0.187s] Level 1:colcon.colcon_core.package_discovery:discover_packages(prefix_path) discover
[0.189s] DEBUG:colcon.colcon_installed_package_information.package_discovery:Found 4 installed packages in /home/zkl/chapt7/chapt7_ws/install
[0.190s] DEBUG:colcon.colcon_installed_package_information.package_discovery:Found 363 installed packages in /opt/ros/humble
[0.191s] Level 1:colcon.colcon_core.package_discovery:discover_packages(prefix_path) using defaults
[0.230s] Level 5:colcon.colcon_core.verb:set package 'autopatrol_interfaces' build argument 'cmake_args' from command line to 'None'
[0.230s] Level 5:colcon.colcon_core.verb:set package 'autopatrol_interfaces' build argument 'cmake_target' from command line to 'None'
[0.230s] Level 5:colcon.colcon_core.verb:set package 'autopatrol_interfaces' build argument 'cmake_target_skip_unavailable' from command line to 'False'
[0.230s] Level 5:colcon.colcon_core.verb:set package 'autopatrol_interfaces' build argument 'cmake_clean_cache' from command line to 'False'
[0.230s] Level 5:colcon.colcon_core.verb:set package 'autopatrol_interfaces' build argument 'cmake_clean_first' from command line to 'False'
[0.230s] Level 5:colcon.colcon_core.verb:set package 'autopatrol_interfaces' build argument 'cmake_force_configure' from command line to 'False'
[0.230s] Level 5:colcon.colcon_core.verb:set package 'autopatrol_interfaces' build argument 'ament_cmake_args' from command line to 'None'
[0.230s] Level 5:colcon.colcon_core.verb:set package 'autopatrol_interfaces' build argument 'catkin_cmake_args' from command line to 'None'
[0.230s] Level 5:colcon.colcon_core.verb:set package 'autopatrol_interfaces' build argument 'catkin_skip_building_tests' from command line to 'False'
[0.230s] DEBUG:colcon.colcon_core.verb:Building package 'autopatrol_interfaces' with the following arguments: {'ament_cmake_args': None, 'build_base': '/home/zkl/chapt7/chapt7_ws/src/build/autopatrol_interfaces', 'catkin_cmake_args': None, 'catkin_skip_building_tests': False, 'cmake_args': None, 'cmake_clean_cache': False, 'cmake_clean_first': False, 'cmake_force_configure': False, 'cmake_target': None, 'cmake_target_skip_unavailable': False, 'install_base': '/home/zkl/chapt7/chapt7_ws/src/install/autopatrol_interfaces', 'merge_install': False, 'path': '/home/zkl/chapt7/chapt7_ws/src/autopatrol_interfaces', 'symlink_install': False, 'test_result_base': None}
[0.230s] Level 5:colcon.colcon_core.verb:set package 'autopatrol_robot' build argument 'cmake_args' from command line to 'None'
[0.230s] Level 5:colcon.colcon_core.verb:set package 'autopatrol_robot' build argument 'cmake_target' from command line to 'None'
[0.230s] Level 5:colcon.colcon_core.verb:set package 'autopatrol_robot' build argument 'cmake_target_skip_unavailable' from command line to 'False'
[0.230s] Level 5:colcon.colcon_core.verb:set package 'autopatrol_robot' build argument 'cmake_clean_cache' from command line to 'False'
[0.230s] Level 5:colcon.colcon_core.verb:set package 'autopatrol_robot' build argument 'cmake_clean_first' from command line to 'False'
[0.230s] Level 5:colcon.colcon_core.verb:set package 'autopatrol_robot' build argument 'cmake_force_configure' from command line to 'False'
[0.230s] Level 5:colcon.colcon_core.verb:set package 'autopatrol_robot' build argument 'ament_cmake_args' from command line to 'None'
[0.230s] Level 5:colcon.colcon_core.verb:set package 'autopatrol_robot' build argument 'catkin_cmake_args' from command line to 'None'
[0.230s] Level 5:colcon.colcon_core.verb:set package 'autopatrol_robot' build argument 'catkin_skip_building_tests' from command line to 'False'
[0.230s] DEBUG:colcon.colcon_core.verb:Building package 'autopatrol_robot' with the following arguments: {'ament_cmake_args': None, 'build_base': '/home/zkl/chapt7/chapt7_ws/src/build/autopatrol_robot', 'catkin_cmake_args': None, 'catkin_skip_building_tests': False, 'cmake_args': None, 'cmake_clean_cache': False, 'cmake_clean_first': False, 'cmake_force_configure': False, 'cmake_target': None, 'cmake_target_skip_unavailable': False, 'install_base': '/home/zkl/chapt7/chapt7_ws/src/install/autopatrol_robot', 'merge_install': False, 'path': '/home/zkl/chapt7/chapt7_ws/src/autopatrol_robot', 'symlink_install': False, 'test_result_base': None}
[0.230s] Level 5:colcon.colcon_core.verb:set package 'fishbot_application' build argument 'cmake_args' from command line to 'None'
[0.230s] Level 5:colcon.colcon_core.verb:set package 'fishbot_application' build argument 'cmake_target' from command line to 'None'
[0.230s] Level 5:colcon.colcon_core.verb:set package 'fishbot_application' build argument 'cmake_target_skip_unavailable' from command line to 'False'
[0.230s] Level 5:colcon.colcon_core.verb:set package 'fishbot_application' build argument 'cmake_clean_cache' from command line to 'False'
[0.230s] Level 5:colcon.colcon_core.verb:set package 'fishbot_application' build argument 'cmake_clean_first' from command line to 'False'
[0.230s] Level 5:colcon.colcon_core.verb:set package 'fishbot_application' build argument 'cmake_force_configure' from command line to 'False'
[0.231s] Level 5:colcon.colcon_core.verb:set package 'fishbot_application' build argument 'ament_cmake_args' from command line to 'None'
[0.231s] Level 5:colcon.colcon_core.verb:set package 'fishbot_application' build argument 'catkin_cmake_args' from command line to 'None'
[0.231s] Level 5:colcon.colcon_core.verb:set package 'fishbot_application' build argument 'catkin_skip_building_tests' from command line to 'False'
[0.231s] DEBUG:colcon.colcon_core.verb:Building package 'fishbot_application' with the following arguments: {'ament_cmake_args': None, 'build_base': '/home/zkl/chapt7/chapt7_ws/src/build/fishbot_application', 'catkin_cmake_args': None, 'catkin_skip_building_tests': False, 'cmake_args': None, 'cmake_clean_cache': False, 'cmake_clean_first': False, 'cmake_force_configure': False, 'cmake_target': None, 'cmake_target_skip_unavailable': False, 'install_base': '/home/zkl/chapt7/chapt7_ws/src/install/fishbot_application', 'merge_install': False, 'path': '/home/zkl/chapt7/chapt7_ws/src/fishbot_application', 'symlink_install': False, 'test_result_base': None}
[0.231s] Level 5:colcon.colcon_core.verb:set package 'fishbot_description' build argument 'cmake_args' from command line to 'None'
[0.231s] Level 5:colcon.colcon_core.verb:set package 'fishbot_description' build argument 'cmake_target' from command line to 'None'
[0.231s] Level 5:colcon.colcon_core.verb:set package 'fishbot_description' build argument 'cmake_target_skip_unavailable' from command line to 'False'
[0.231s] Level 5:colcon.colcon_core.verb:set package 'fishbot_description' build argument 'cmake_clean_cache' from command line to 'False'
[0.231s] Level 5:colcon.colcon_core.verb:set package 'fishbot_description' build argument 'cmake_clean_first' from command line to 'False'
[0.231s] Level 5:colcon.colcon_core.verb:set package 'fishbot_description' build argument 'cmake_force_configure' from command line to 'False'
[0.231s] Level 5:colcon.colcon_core.verb:set package 'fishbot_description' build argument 'ament_cmake_args' from command line to 'None'
[0.231s] Level 5:colcon.colcon_core.verb:set package 'fishbot_description' build argument 'catkin_cmake_args' from command line to 'None'
[0.231s] Level 5:colcon.colcon_core.verb:set package 'fishbot_description' build argument 'catkin_skip_building_tests' from command line to 'False'
[0.231s] DEBUG:colcon.colcon_core.verb:Building package 'fishbot_description' with the following arguments: {'ament_cmake_args': None, 'build_base': '/home/zkl/chapt7/chapt7_ws/src/build/fishbot_description', 'catkin_cmake_args': None, 'catkin_skip_building_tests': False, 'cmake_args': None, 'cmake_clean_cache': False, 'cmake_clean_first': False, 'cmake_force_configure': False, 'cmake_target': None, 'cmake_target_skip_unavailable': False, 'install_base': '/home/zkl/chapt7/chapt7_ws/src/install/fishbot_description', 'merge_install': False, 'path': '/home/zkl/chapt7/chapt7_ws/src/fishbot_description', 'symlink_install': False, 'test_result_base': None}
[0.231s] Level 5:colcon.colcon_core.verb:set package 'fishbot_navigation2' build argument 'cmake_args' from command line to 'None'
[0.231s] Level 5:colcon.colcon_core.verb:set package 'fishbot_navigation2' build argument 'cmake_target' from command line to 'None'
[0.231s] Level 5:colcon.colcon_core.verb:set package 'fishbot_navigation2' build argument 'cmake_target_skip_unavailable' from command line to 'False'
[0.231s] Level 5:colcon.colcon_core.verb:set package 'fishbot_navigation2' build argument 'cmake_clean_cache' from command line to 'False'
[0.231s] Level 5:colcon.colcon_core.verb:set package 'fishbot_navigation2' build argument 'cmake_clean_first' from command line to 'False'
[0.231s] Level 5:colcon.colcon_core.verb:set package 'fishbot_navigation2' build argument 'cmake_force_configure' from command line to 'False'
[0.231s] Level 5:colcon.colcon_core.verb:set package 'fishbot_navigation2' build argument 'ament_cmake_args' from command line to 'None'
[0.231s] Level 5:colcon.colcon_core.verb:set package 'fishbot_navigation2' build argument 'catkin_cmake_args' from command line to 'None'
[0.231s] Level 5:colcon.colcon_core.verb:set package 'fishbot_navigation2' build argument 'catkin_skip_building_tests' from command line to 'False'
[0.231s] DEBUG:colcon.colcon_core.verb:Building package 'fishbot_navigation2' with the following arguments: {'ament_cmake_args': None, 'build_base': '/home/zkl/chapt7/chapt7_ws/src/build/fishbot_navigation2', 'catkin_cmake_args': None, 'catkin_skip_building_tests': False, 'cmake_args': None, 'cmake_clean_cache': False, 'cmake_clean_first': False, 'cmake_force_configure': False, 'cmake_target': None, 'cmake_target_skip_unavailable': False, 'install_base': '/home/zkl/chapt7/chapt7_ws/src/install/fishbot_navigation2', 'merge_install': False, 'path': '/home/zkl/chapt7/chapt7_ws/src/fishbot_navigation2', 'symlink_install': False, 'test_result_base': None}
[0.231s] INFO:colcon.colcon_core.executor:Executing jobs using 'parallel' executor
[0.232s] DEBUG:colcon.colcon_parallel_executor.executor.parallel:run_until_complete
[0.232s] INFO:colcon.colcon_ros.task.ament_cmake.build:Building ROS package in '/home/zkl/chapt7/chapt7_ws/src/autopatrol_interfaces' with build type 'ament_cmake'
[0.232s] INFO:colcon.colcon_cmake.task.cmake.build:Building CMake package in '/home/zkl/chapt7/chapt7_ws/src/autopatrol_interfaces'
[0.234s] INFO:colcon.colcon_core.plugin_system:Skipping extension 'colcon_core.shell.bat': Not used on non-Windows systems
[0.234s] INFO:colcon.colcon_core.shell:Skip shell extension 'powershell' for command environment: Not usable outside of PowerShell
[0.234s] DEBUG:colcon.colcon_core.shell:Skip shell extension 'dsv' for command environment
[0.236s] INFO:colcon.colcon_ros.task.ament_python.build:Building ROS package in '/home/zkl/chapt7/chapt7_ws/src/autopatrol_robot' with build type 'ament_python'
[0.237s] Level 1:colcon.colcon_core.shell:create_environment_hook('autopatrol_robot', 'ament_prefix_path')
[0.237s] INFO:colcon.colcon_core.shell:Creating environment hook '/home/zkl/chapt7/chapt7_ws/src/install/autopatrol_robot/share/autopatrol_robot/hook/ament_prefix_path.ps1'
[0.237s] INFO:colcon.colcon_core.shell:Creating environment descriptor '/home/zkl/chapt7/chapt7_ws/src/install/autopatrol_robot/share/autopatrol_robot/hook/ament_prefix_path.dsv'
[0.238s] INFO:colcon.colcon_core.shell:Creating environment hook '/home/zkl/chapt7/chapt7_ws/src/install/autopatrol_robot/share/autopatrol_robot/hook/ament_prefix_path.sh'
[0.238s] INFO:colcon.colcon_core.shell:Skip shell extension 'powershell' for command environment: Not usable outside of PowerShell
[0.238s] DEBUG:colcon.colcon_core.shell:Skip shell extension 'dsv' for command environment
[0.240s] INFO:colcon.colcon_ros.task.ament_python.build:Building ROS package in '/home/zkl/chapt7/chapt7_ws/src/fishbot_application' with build type 'ament_python'
[0.240s] Level 1:colcon.colcon_core.shell:create_environment_hook('fishbot_application', 'ament_prefix_path')
[0.241s] INFO:colcon.colcon_core.shell:Creating environment hook '/home/zkl/chapt7/chapt7_ws/src/install/fishbot_application/share/fishbot_application/hook/ament_prefix_path.ps1'
[0.241s] INFO:colcon.colcon_core.shell:Creating environment descriptor '/home/zkl/chapt7/chapt7_ws/src/install/fishbot_application/share/fishbot_application/hook/ament_prefix_path.dsv'
[0.241s] INFO:colcon.colcon_core.shell:Creating environment hook '/home/zkl/chapt7/chapt7_ws/src/install/fishbot_application/share/fishbot_application/hook/ament_prefix_path.sh'
[0.242s] INFO:colcon.colcon_core.shell:Skip shell extension 'powershell' for command environment: Not usable outside of PowerShell
[0.242s] DEBUG:colcon.colcon_core.shell:Skip shell extension 'dsv' for command environment
[0.245s] INFO:colcon.colcon_ros.task.ament_cmake.build:Building ROS package in '/home/zkl/chapt7/chapt7_ws/src/fishbot_description' with build type 'ament_cmake'
[0.245s] INFO:colcon.colcon_cmake.task.cmake.build:Building CMake package in '/home/zkl/chapt7/chapt7_ws/src/fishbot_description'
[0.245s] INFO:colcon.colcon_core.shell:Skip shell extension 'powershell' for command environment: Not usable outside of PowerShell
[0.245s] DEBUG:colcon.colcon_core.shell:Skip shell extension 'dsv' for command environment
[0.249s] INFO:colcon.colcon_ros.task.ament_cmake.build:Building ROS package in '/home/zkl/chapt7/chapt7_ws/src/fishbot_navigation2' with build type 'ament_cmake'
[0.249s] INFO:colcon.colcon_cmake.task.cmake.build:Building CMake package in '/home/zkl/chapt7/chapt7_ws/src/fishbot_navigation2'
[0.249s] INFO:colcon.colcon_core.shell:Skip shell extension 'powershell' for command environment: Not usable outside of PowerShell
[0.249s] DEBUG:colcon.colcon_core.shell:Skip shell extension 'dsv' for command environment
[0.260s] DEBUG:colcon.colcon_core.event_handler.log_command:Invoking command in '/home/zkl/chapt7/chapt7_ws/src/build/autopatrol_interfaces': CMAKE_PREFIX_PATH=${CMAKE_PREFIX_PATH}:/home/zkl/chapt7/chapt7_ws/install/autopatrol_robot:/home/zkl/chapt7/chapt7_ws/install/fishbot_application:/opt/ros/humble /usr/bin/cmake /home/zkl/chapt7/chapt7_ws/src/autopatrol_interfaces -DCMAKE_INSTALL_PREFIX=/home/zkl/chapt7/chapt7_ws/src/install/autopatrol_interfaces
[0.476s] INFO:colcon.colcon_core.task.python.build:Building Python package in '/home/zkl/chapt7/chapt7_ws/src/autopatrol_robot'
[0.477s] INFO:colcon.colcon_core.shell:Skip shell extension 'powershell' for command environment: Not usable outside of PowerShell
[0.477s] DEBUG:colcon.colcon_core.shell:Skip shell extension 'dsv' for command environment
[0.687s] INFO:colcon.colcon_core.task.python.build:Building Python package in '/home/zkl/chapt7/chapt7_ws/src/fishbot_application'
[0.687s] INFO:colcon.colcon_core.shell:Skip shell extension 'powershell' for command environment: Not usable outside of PowerShell
[0.687s] DEBUG:colcon.colcon_core.shell:Skip shell extension 'dsv' for command environment
[0.698s] DEBUG:colcon.colcon_core.event_handler.log_command:Invoking command in '/home/zkl/chapt7/chapt7_ws/src/build/fishbot_description': CMAKE_PREFIX_PATH=${CMAKE_PREFIX_PATH}:/home/zkl/chapt7/chapt7_ws/install/autopatrol_robot:/home/zkl/chapt7/chapt7_ws/install/fishbot_application:/opt/ros/humble /usr/bin/cmake /home/zkl/chapt7/chapt7_ws/src/fishbot_description -DCMAKE_INSTALL_PREFIX=/home/zkl/chapt7/chapt7_ws/src/install/fishbot_description
[0.702s] DEBUG:colcon.colcon_core.event_handler.log_command:Invoking command in '/home/zkl/chapt7/chapt7_ws/src/build/fishbot_navigation2': CMAKE_PREFIX_PATH=${CMAKE_PREFIX_PATH}:/home/zkl/chapt7/chapt7_ws/install/autopatrol_robot:/home/zkl/chapt7/chapt7_ws/install/fishbot_application:/opt/ros/humble /usr/bin/cmake /home/zkl/chapt7/chapt7_ws/src/fishbot_navigation2 -DCMAKE_INSTALL_PREFIX=/home/zkl/chapt7/chapt7_ws/src/install/fishbot_navigation2
[1.112s] DEBUG:colcon.colcon_core.event_handler.log_command:Invoking command in '/home/zkl/chapt7/chapt7_ws/src/fishbot_application': PYTHONPATH=/home/zkl/chapt7/chapt7_ws/src/build/fishbot_application/prefix_override:/usr/lib/python3/dist-packages/colcon_core/task/python/colcon_distutils_commands:/home/zkl/chapt7/chapt7_ws/src/install/fishbot_application/lib/python3.10/site-packages:${PYTHONPATH} /usr/bin/python3 -W ignore:setup.py install is deprecated setup.py egg_info --egg-base ../build/fishbot_application build --build-base /home/zkl/chapt7/chapt7_ws/src/build/fishbot_application/build install --record /home/zkl/chapt7/chapt7_ws/src/build/fishbot_application/install.log --single-version-externally-managed install_data
[1.131s] DEBUG:colcon.colcon_core.event_handler.log_command:Invoking command in '/home/zkl/chapt7/chapt7_ws/src/autopatrol_robot': PYTHONPATH=/home/zkl/chapt7/chapt7_ws/src/build/autopatrol_robot/prefix_override:/usr/lib/python3/dist-packages/colcon_core/task/python/colcon_distutils_commands:/home/zkl/chapt7/chapt7_ws/src/install/autopatrol_robot/lib/python3.10/site-packages:${PYTHONPATH} /usr/bin/python3 -W ignore:setup.py install is deprecated setup.py egg_info --egg-base ../build/autopatrol_robot build --build-base /home/zkl/chapt7/chapt7_ws/src/build/autopatrol_robot/build install --record /home/zkl/chapt7/chapt7_ws/src/build/autopatrol_robot/install.log --single-version-externally-managed install_data
[1.416s] DEBUG:colcon.colcon_core.event_handler.log_command:Invoked command in '/home/zkl/chapt7/chapt7_ws/src/build/fishbot_navigation2' returned '0': CMAKE_PREFIX_PATH=${CMAKE_PREFIX_PATH}:/home/zkl/chapt7/chapt7_ws/install/autopatrol_robot:/home/zkl/chapt7/chapt7_ws/install/fishbot_application:/opt/ros/humble /usr/bin/cmake /home/zkl/chapt7/chapt7_ws/src/fishbot_navigation2 -DCMAKE_INSTALL_PREFIX=/home/zkl/chapt7/chapt7_ws/src/install/fishbot_navigation2
[1.420s] DEBUG:colcon.colcon_core.event_handler.log_command:Invoking command in '/home/zkl/chapt7/chapt7_ws/src/build/fishbot_navigation2': CMAKE_PREFIX_PATH=${CMAKE_PREFIX_PATH}:/home/zkl/chapt7/chapt7_ws/install/autopatrol_robot:/home/zkl/chapt7/chapt7_ws/install/fishbot_application:/opt/ros/humble /usr/bin/cmake --build /home/zkl/chapt7/chapt7_ws/src/build/fishbot_navigation2 -- -j20 -l20
[1.425s] DEBUG:colcon.colcon_core.event_handler.log_command:Invoked command in '/home/zkl/chapt7/chapt7_ws/src/fishbot_application' returned '0': PYTHONPATH=/home/zkl/chapt7/chapt7_ws/src/build/fishbot_application/prefix_override:/usr/lib/python3/dist-packages/colcon_core/task/python/colcon_distutils_commands:/home/zkl/chapt7/chapt7_ws/src/install/fishbot_application/lib/python3.10/site-packages:${PYTHONPATH} /usr/bin/python3 -W ignore:setup.py install is deprecated setup.py egg_info --egg-base ../build/fishbot_application build --build-base /home/zkl/chapt7/chapt7_ws/src/build/fishbot_application/build install --record /home/zkl/chapt7/chapt7_ws/src/build/fishbot_application/install.log --single-version-externally-managed install_data
[1.426s] Level 1:colcon.colcon_core.environment:checking '/home/zkl/chapt7/chapt7_ws/src/install/fishbot_application' for CMake module files
[1.428s] Level 1:colcon.colcon_core.environment:checking '/home/zkl/chapt7/chapt7_ws/src/install/fishbot_application' for CMake config files
[1.430s] Level 1:colcon.colcon_core.environment:checking '/home/zkl/chapt7/chapt7_ws/src/install/fishbot_application/lib'
[1.430s] Level 1:colcon.colcon_core.environment:checking '/home/zkl/chapt7/chapt7_ws/src/install/fishbot_application/bin'
[1.430s] Level 1:colcon.colcon_core.environment:checking '/home/zkl/chapt7/chapt7_ws/src/install/fishbot_application/lib/pkgconfig/fishbot_application.pc'
[1.431s] Level 1:colcon.colcon_core.environment:checking '/home/zkl/chapt7/chapt7_ws/src/install/fishbot_application/lib/python3.10/site-packages'
[1.431s] Level 1:colcon.colcon_core.shell:create_environment_hook('fishbot_application', 'pythonpath')
[1.432s] INFO:colcon.colcon_core.shell:Creating environment hook '/home/zkl/chapt7/chapt7_ws/src/install/fishbot_application/share/fishbot_application/hook/pythonpath.ps1'
[1.433s] INFO:colcon.colcon_core.shell:Creating environment descriptor '/home/zkl/chapt7/chapt7_ws/src/install/fishbot_application/share/fishbot_application/hook/pythonpath.dsv'
[1.435s] INFO:colcon.colcon_core.shell:Creating environment hook '/home/zkl/chapt7/chapt7_ws/src/install/fishbot_application/share/fishbot_application/hook/pythonpath.sh'
[1.436s] Level 1:colcon.colcon_core.environment:checking '/home/zkl/chapt7/chapt7_ws/src/install/fishbot_application/bin'
[1.436s] Level 1:colcon.colcon_core.environment:create_environment_scripts_only(fishbot_application)
[1.436s] INFO:colcon.colcon_core.shell:Creating package script '/home/zkl/chapt7/chapt7_ws/src/install/fishbot_application/share/fishbot_application/package.ps1'
[1.437s] INFO:colcon.colcon_core.shell:Creating package descriptor '/home/zkl/chapt7/chapt7_ws/src/install/fishbot_application/share/fishbot_application/package.dsv'
[1.437s] INFO:colcon.colcon_core.shell:Creating package script '/home/zkl/chapt7/chapt7_ws/src/install/fishbot_application/share/fishbot_application/package.sh'
[1.438s] INFO:colcon.colcon_core.shell:Creating package script '/home/zkl/chapt7/chapt7_ws/src/install/fishbot_application/share/fishbot_application/package.bash'
[1.439s] INFO:colcon.colcon_core.shell:Creating package script '/home/zkl/chapt7/chapt7_ws/src/install/fishbot_application/share/fishbot_application/package.zsh'
[1.441s] Level 1:colcon.colcon_core.environment:create_file_with_runtime_dependencies(/home/zkl/chapt7/chapt7_ws/src/install/fishbot_application/share/colcon-core/packages/fishbot_application)
[1.447s] DEBUG:colcon.colcon_core.event_handler.log_command:Invoked command in '/home/zkl/chapt7/chapt7_ws/src/build/fishbot_description' returned '0': CMAKE_PREFIX_PATH=${CMAKE_PREFIX_PATH}:/home/zkl/chapt7/chapt7_ws/install/autopatrol_robot:/home/zkl/chapt7/chapt7_ws/install/fishbot_application:/opt/ros/humble /usr/bin/cmake /home/zkl/chapt7/chapt7_ws/src/fishbot_description -DCMAKE_INSTALL_PREFIX=/home/zkl/chapt7/chapt7_ws/src/install/fishbot_description
[1.448s] DEBUG:colcon.colcon_core.event_handler.log_command:Invoking command in '/home/zkl/chapt7/chapt7_ws/src/build/fishbot_description': CMAKE_PREFIX_PATH=${CMAKE_PREFIX_PATH}:/home/zkl/chapt7/chapt7_ws/install/autopatrol_robot:/home/zkl/chapt7/chapt7_ws/install/fishbot_application:/opt/ros/humble /usr/bin/cmake --build /home/zkl/chapt7/chapt7_ws/src/build/fishbot_description -- -j20 -l20
[1.457s] Level 1:colcon.colcon_core.environment:checking '/home/zkl/chapt7/chapt7_ws/src/install/autopatrol_robot' for CMake module files
[1.458s] DEBUG:colcon.colcon_core.event_handler.log_command:Invoked command in '/home/zkl/chapt7/chapt7_ws/src/autopatrol_robot' returned '0': PYTHONPATH=/home/zkl/chapt7/chapt7_ws/src/build/autopatrol_robot/prefix_override:/usr/lib/python3/dist-packages/colcon_core/task/python/colcon_distutils_commands:/home/zkl/chapt7/chapt7_ws/src/install/autopatrol_robot/lib/python3.10/site-packages:${PYTHONPATH} /usr/bin/python3 -W ignore:setup.py install is deprecated setup.py egg_info --egg-base ../build/autopatrol_robot build --build-base /home/zkl/chapt7/chapt7_ws/src/build/autopatrol_robot/build install --record /home/zkl/chapt7/chapt7_ws/src/build/autopatrol_robot/install.log --single-version-externally-managed install_data
[1.459s] Level 1:colcon.colcon_core.environment:checking '/home/zkl/chapt7/chapt7_ws/src/install/autopatrol_robot' for CMake config files
[1.459s] Level 1:colcon.colcon_core.environment:checking '/home/zkl/chapt7/chapt7_ws/src/install/autopatrol_robot/lib'
[1.459s] Level 1:colcon.colcon_core.environment:checking '/home/zkl/chapt7/chapt7_ws/src/install/autopatrol_robot/bin'
[1.460s] Level 1:colcon.colcon_core.environment:checking '/home/zkl/chapt7/chapt7_ws/src/install/autopatrol_robot/lib/pkgconfig/autopatrol_robot.pc'
[1.460s] Level 1:colcon.colcon_core.environment:checking '/home/zkl/chapt7/chapt7_ws/src/install/autopatrol_robot/lib/python3.10/site-packages'
[1.460s] Level 1:colcon.colcon_core.shell:create_environment_hook('autopatrol_robot', 'pythonpath')
[1.461s] INFO:colcon.colcon_core.shell:Creating environment hook '/home/zkl/chapt7/chapt7_ws/src/install/autopatrol_robot/share/autopatrol_robot/hook/pythonpath.ps1'
[1.461s] INFO:colcon.colcon_core.shell:Creating environment descriptor '/home/zkl/chapt7/chapt7_ws/src/install/autopatrol_robot/share/autopatrol_robot/hook/pythonpath.dsv'
[1.461s] INFO:colcon.colcon_core.shell:Creating environment hook '/home/zkl/chapt7/chapt7_ws/src/install/autopatrol_robot/share/autopatrol_robot/hook/pythonpath.sh'
[1.462s] Level 1:colcon.colcon_core.environment:checking '/home/zkl/chapt7/chapt7_ws/src/install/autopatrol_robot/bin'
[1.462s] Level 1:colcon.colcon_core.environment:create_environment_scripts_only(autopatrol_robot)
[1.462s] INFO:colcon.colcon_core.shell:Creating package script '/home/zkl/chapt7/chapt7_ws/src/install/autopatrol_robot/share/autopatrol_robot/package.ps1'
[1.463s] INFO:colcon.colcon_core.shell:Creating package descriptor '/home/zkl/chapt7/chapt7_ws/src/install/autopatrol_robot/share/autopatrol_robot/package.dsv'
[1.463s] INFO:colcon.colcon_core.shell:Creating package script '/home/zkl/chapt7/chapt7_ws/src/install/autopatrol_robot/share/autopatrol_robot/package.sh'
[1.464s] INFO:colcon.colcon_core.shell:Creating package script '/home/zkl/chapt7/chapt7_ws/src/install/autopatrol_robot/share/autopatrol_robot/package.bash'
[1.464s] INFO:colcon.colcon_core.shell:Creating package script '/home/zkl/chapt7/chapt7_ws/src/install/autopatrol_robot/share/autopatrol_robot/package.zsh'
[1.464s] Level 1:colcon.colcon_core.environment:create_file_with_runtime_dependencies(/home/zkl/chapt7/chapt7_ws/src/install/autopatrol_robot/share/colcon-core/packages/autopatrol_robot)
[1.468s] DEBUG:colcon.colcon_core.event_handler.log_command:Invoked command in '/home/zkl/chapt7/chapt7_ws/src/build/fishbot_navigation2' returned '0': CMAKE_PREFIX_PATH=${CMAKE_PREFIX_PATH}:/home/zkl/chapt7/chapt7_ws/install/autopatrol_robot:/home/zkl/chapt7/chapt7_ws/install/fishbot_application:/opt/ros/humble /usr/bin/cmake --build /home/zkl/chapt7/chapt7_ws/src/build/fishbot_navigation2 -- -j20 -l20
[1.485s] DEBUG:colcon.colcon_core.event_handler.log_command:Invoked command in '/home/zkl/chapt7/chapt7_ws/src/build/fishbot_description' returned '0': CMAKE_PREFIX_PATH=${CMAKE_PREFIX_PATH}:/home/zkl/chapt7/chapt7_ws/install/autopatrol_robot:/home/zkl/chapt7/chapt7_ws/install/fishbot_application:/opt/ros/humble /usr/bin/cmake --build /home/zkl/chapt7/chapt7_ws/src/build/fishbot_description -- -j20 -l20
[1.504s] DEBUG:colcon.colcon_core.event_handler.log_command:Invoking command in '/home/zkl/chapt7/chapt7_ws/src/build/fishbot_navigation2': CMAKE_PREFIX_PATH=${CMAKE_PREFIX_PATH}:/home/zkl/chapt7/chapt7_ws/install/autopatrol_robot:/home/zkl/chapt7/chapt7_ws/install/fishbot_application:/opt/ros/humble /usr/bin/cmake --install /home/zkl/chapt7/chapt7_ws/src/build/fishbot_navigation2
[1.516s] DEBUG:colcon.colcon_core.event_handler.log_command:Invoking command in '/home/zkl/chapt7/chapt7_ws/src/build/fishbot_description': CMAKE_PREFIX_PATH=${CMAKE_PREFIX_PATH}:/home/zkl/chapt7/chapt7_ws/install/autopatrol_robot:/home/zkl/chapt7/chapt7_ws/install/fishbot_application:/opt/ros/humble /usr/bin/cmake --install /home/zkl/chapt7/chapt7_ws/src/build/fishbot_description
[1.521s] Level 1:colcon.colcon_core.environment:create_environment_scripts_only(fishbot_navigation2)
[1.522s] Level 1:colcon.colcon_core.environment:checking '/home/zkl/chapt7/chapt7_ws/src/install/fishbot_navigation2' for CMake module files
[1.522s] DEBUG:colcon.colcon_core.event_handler.log_command:Invoked command in '/home/zkl/chapt7/chapt7_ws/src/build/fishbot_navigation2' returned '0': CMAKE_PREFIX_PATH=${CMAKE_PREFIX_PATH}:/home/zkl/chapt7/chapt7_ws/install/autopatrol_robot:/home/zkl/chapt7/chapt7_ws/install/fishbot_application:/opt/ros/humble /usr/bin/cmake --install /home/zkl/chapt7/chapt7_ws/src/build/fishbot_navigation2
[1.523s] Level 1:colcon.colcon_core.environment:checking '/home/zkl/chapt7/chapt7_ws/src/install/fishbot_navigation2' for CMake config files
[1.523s] Level 1:colcon.colcon_core.shell:create_environment_hook('fishbot_navigation2', 'cmake_prefix_path')
[1.523s] INFO:colcon.colcon_core.shell:Creating environment hook '/home/zkl/chapt7/chapt7_ws/src/install/fishbot_navigation2/share/fishbot_navigation2/hook/cmake_prefix_path.ps1'
[1.523s] INFO:colcon.colcon_core.shell:Creating environment descriptor '/home/zkl/chapt7/chapt7_ws/src/install/fishbot_navigation2/share/fishbot_navigation2/hook/cmake_prefix_path.dsv'
[1.524s] INFO:colcon.colcon_core.shell:Creating environment hook '/home/zkl/chapt7/chapt7_ws/src/install/fishbot_navigation2/share/fishbot_navigation2/hook/cmake_prefix_path.sh'
[1.524s] Level 1:colcon.colcon_core.environment:checking '/home/zkl/chapt7/chapt7_ws/src/install/fishbot_navigation2/bin'
[1.524s] Level 1:colcon.colcon_core.environment:checking '/home/zkl/chapt7/chapt7_ws/src/install/fishbot_navigation2/lib/pkgconfig/fishbot_navigation2.pc'
[1.524s] Level 1:colcon.colcon_core.environment:checking '/home/zkl/chapt7/chapt7_ws/src/install/fishbot_navigation2/lib/python3.10/site-packages'
[1.525s] Level 1:colcon.colcon_core.environment:checking '/home/zkl/chapt7/chapt7_ws/src/install/fishbot_navigation2/bin'
[1.525s] INFO:colcon.colcon_core.shell:Creating package script '/home/zkl/chapt7/chapt7_ws/src/install/fishbot_navigation2/share/fishbot_navigation2/package.ps1'
[1.526s] INFO:colcon.colcon_core.shell:Creating package descriptor '/home/zkl/chapt7/chapt7_ws/src/install/fishbot_navigation2/share/fishbot_navigation2/package.dsv'
[1.530s] INFO:colcon.colcon_core.shell:Creating package script '/home/zkl/chapt7/chapt7_ws/src/install/fishbot_navigation2/share/fishbot_navigation2/package.sh'
[1.530s] INFO:colcon.colcon_core.shell:Creating package script '/home/zkl/chapt7/chapt7_ws/src/install/fishbot_navigation2/share/fishbot_navigation2/package.bash'
[1.533s] INFO:colcon.colcon_core.shell:Creating package script '/home/zkl/chapt7/chapt7_ws/src/install/fishbot_navigation2/share/fishbot_navigation2/package.zsh'
[1.534s] Level 1:colcon.colcon_core.environment:create_file_with_runtime_dependencies(/home/zkl/chapt7/chapt7_ws/src/install/fishbot_navigation2/share/colcon-core/packages/fishbot_navigation2)
[1.546s] Level 1:colcon.colcon_core.environment:create_environment_scripts_only(fishbot_description)
[1.546s] Level 1:colcon.colcon_core.environment:checking '/home/zkl/chapt7/chapt7_ws/src/install/fishbot_description' for CMake module files
[1.547s] DEBUG:colcon.colcon_core.event_handler.log_command:Invoked command in '/home/zkl/chapt7/chapt7_ws/src/build/fishbot_description' returned '0': CMAKE_PREFIX_PATH=${CMAKE_PREFIX_PATH}:/home/zkl/chapt7/chapt7_ws/install/autopatrol_robot:/home/zkl/chapt7/chapt7_ws/install/fishbot_application:/opt/ros/humble /usr/bin/cmake --install /home/zkl/chapt7/chapt7_ws/src/build/fishbot_description
[1.547s] Level 1:colcon.colcon_core.environment:checking '/home/zkl/chapt7/chapt7_ws/src/install/fishbot_description' for CMake config files
[1.547s] Level 1:colcon.colcon_core.shell:create_environment_hook('fishbot_description', 'cmake_prefix_path')
[1.548s] INFO:colcon.colcon_core.shell:Creating environment hook '/home/zkl/chapt7/chapt7_ws/src/install/fishbot_description/share/fishbot_description/hook/cmake_prefix_path.ps1'
[1.548s] INFO:colcon.colcon_core.shell:Creating environment descriptor '/home/zkl/chapt7/chapt7_ws/src/install/fishbot_description/share/fishbot_description/hook/cmake_prefix_path.dsv'
[1.548s] INFO:colcon.colcon_core.shell:Creating environment hook '/home/zkl/chapt7/chapt7_ws/src/install/fishbot_description/share/fishbot_description/hook/cmake_prefix_path.sh'
[1.549s] Level 1:colcon.colcon_core.environment:checking '/home/zkl/chapt7/chapt7_ws/src/install/fishbot_description/bin'
[1.549s] Level 1:colcon.colcon_core.environment:checking '/home/zkl/chapt7/chapt7_ws/src/install/fishbot_description/lib/pkgconfig/fishbot_description.pc'
[1.549s] Level 1:colcon.colcon_core.environment:checking '/home/zkl/chapt7/chapt7_ws/src/install/fishbot_description/lib/python3.10/site-packages'
[1.549s] Level 1:colcon.colcon_core.environment:checking '/home/zkl/chapt7/chapt7_ws/src/install/fishbot_description/bin'
[1.549s] INFO:colcon.colcon_core.shell:Creating package script '/home/zkl/chapt7/chapt7_ws/src/install/fishbot_description/share/fishbot_description/package.ps1'
[1.550s] INFO:colcon.colcon_core.shell:Creating package descriptor '/home/zkl/chapt7/chapt7_ws/src/install/fishbot_description/share/fishbot_description/package.dsv'
[1.551s] INFO:colcon.colcon_core.shell:Creating package script '/home/zkl/chapt7/chapt7_ws/src/install/fishbot_description/share/fishbot_description/package.sh'
[1.551s] INFO:colcon.colcon_core.shell:Creating package script '/home/zkl/chapt7/chapt7_ws/src/install/fishbot_description/share/fishbot_description/package.bash'
[1.551s] INFO:colcon.colcon_core.shell:Creating package script '/home/zkl/chapt7/chapt7_ws/src/install/fishbot_description/share/fishbot_description/package.zsh'
[1.551s] Level 1:colcon.colcon_core.environment:create_file_with_runtime_dependencies(/home/zkl/chapt7/chapt7_ws/src/install/fishbot_description/share/colcon-core/packages/fishbot_description)
[1.561s] Level 1:colcon.colcon_core.environment:create_environment_scripts_only(fishbot_navigation2)
[1.562s] Level 1:colcon.colcon_core.environment:checking '/home/zkl/chapt7/chapt7_ws/src/install/fishbot_navigation2' for CMake module files
[1.562s] Level 1:colcon.colcon_core.environment:checking '/home/zkl/chapt7/chapt7_ws/src/install/fishbot_navigation2' for CMake config files
[1.563s] Level 1:colcon.colcon_core.shell:create_environment_hook('fishbot_navigation2', 'cmake_prefix_path')
[1.563s] INFO:colcon.colcon_core.shell:Creating environment hook '/home/zkl/chapt7/chapt7_ws/src/install/fishbot_navigation2/share/fishbot_navigation2/hook/cmake_prefix_path.ps1'
[1.564s] INFO:colcon.colcon_core.shell:Creating environment descriptor '/home/zkl/chapt7/chapt7_ws/src/install/fishbot_navigation2/share/fishbot_navigation2/hook/cmake_prefix_path.dsv'
[1.565s] INFO:colcon.colcon_core.shell:Creating environment hook '/home/zkl/chapt7/chapt7_ws/src/install/fishbot_navigation2/share/fishbot_navigation2/hook/cmake_prefix_path.sh'
[1.565s] Level 1:colcon.colcon_core.environment:checking '/home/zkl/chapt7/chapt7_ws/src/install/fishbot_navigation2/bin'
[1.566s] Level 1:colcon.colcon_core.environment:checking '/home/zkl/chapt7/chapt7_ws/src/install/fishbot_navigation2/lib/pkgconfig/fishbot_navigation2.pc'
[1.566s] Level 1:colcon.colcon_core.environment:checking '/home/zkl/chapt7/chapt7_ws/src/install/fishbot_navigation2/lib/python3.10/site-packages'
[1.566s] Level 1:colcon.colcon_core.environment:checking '/home/zkl/chapt7/chapt7_ws/src/install/fishbot_navigation2/bin'
[1.567s] INFO:colcon.colcon_core.shell:Creating package script '/home/zkl/chapt7/chapt7_ws/src/install/fishbot_navigation2/share/fishbot_navigation2/package.ps1'
[1.567s] INFO:colcon.colcon_core.shell:Creating package descriptor '/home/zkl/chapt7/chapt7_ws/src/install/fishbot_navigation2/share/fishbot_navigation2/package.dsv'
[1.568s] INFO:colcon.colcon_core.shell:Creating package script '/home/zkl/chapt7/chapt7_ws/src/install/fishbot_navigation2/share/fishbot_navigation2/package.sh'
[1.569s] INFO:colcon.colcon_core.shell:Creating package script '/home/zkl/chapt7/chapt7_ws/src/install/fishbot_navigation2/share/fishbot_navigation2/package.bash'
[1.570s] INFO:colcon.colcon_core.shell:Creating package script '/home/zkl/chapt7/chapt7_ws/src/install/fishbot_navigation2/share/fishbot_navigation2/package.zsh'
[1.570s] Level 1:colcon.colcon_core.environment:create_file_with_runtime_dependencies(/home/zkl/chapt7/chapt7_ws/src/install/fishbot_navigation2/share/colcon-core/packages/fishbot_navigation2)
[1.578s] Level 1:colcon.colcon_core.environment:create_environment_scripts_only(fishbot_description)
[1.578s] Level 1:colcon.colcon_core.environment:checking '/home/zkl/chapt7/chapt7_ws/src/install/fishbot_description' for CMake module files
[1.578s] Level 1:colcon.colcon_core.environment:checking '/home/zkl/chapt7/chapt7_ws/src/install/fishbot_description' for CMake config files
[1.579s] Level 1:colcon.colcon_core.shell:create_environment_hook('fishbot_description', 'cmake_prefix_path')
[1.579s] INFO:colcon.colcon_core.shell:Creating environment hook '/home/zkl/chapt7/chapt7_ws/src/install/fishbot_description/share/fishbot_description/hook/cmake_prefix_path.ps1'
[1.580s] INFO:colcon.colcon_core.shell:Creating environment descriptor '/home/zkl/chapt7/chapt7_ws/src/install/fishbot_description/share/fishbot_description/hook/cmake_prefix_path.dsv'
[1.580s] INFO:colcon.colcon_core.shell:Creating environment hook '/home/zkl/chapt7/chapt7_ws/src/install/fishbot_description/share/fishbot_description/hook/cmake_prefix_path.sh'
[1.581s] Level 1:colcon.colcon_core.environment:checking '/home/zkl/chapt7/chapt7_ws/src/install/fishbot_description/bin'
[1.581s] Level 1:colcon.colcon_core.environment:checking '/home/zkl/chapt7/chapt7_ws/src/install/fishbot_description/lib/pkgconfig/fishbot_description.pc'
[1.581s] Level 1:colcon.colcon_core.environment:checking '/home/zkl/chapt7/chapt7_ws/src/install/fishbot_description/lib/python3.10/site-packages'
[1.581s] Level 1:colcon.colcon_core.environment:checking '/home/zkl/chapt7/chapt7_ws/src/install/fishbot_description/bin'
[1.582s] INFO:colcon.colcon_core.shell:Creating package script '/home/zkl/chapt7/chapt7_ws/src/install/fishbot_description/share/fishbot_description/package.ps1'
[1.582s] INFO:colcon.colcon_core.shell:Creating package descriptor '/home/zkl/chapt7/chapt7_ws/src/install/fishbot_description/share/fishbot_description/package.dsv'
[1.583s] INFO:colcon.colcon_core.shell:Creating package script '/home/zkl/chapt7/chapt7_ws/src/install/fishbot_description/share/fishbot_description/package.sh'
[1.584s] INFO:colcon.colcon_core.shell:Creating package script '/home/zkl/chapt7/chapt7_ws/src/install/fishbot_description/share/fishbot_description/package.bash'
[1.584s] INFO:colcon.colcon_core.shell:Creating package script '/home/zkl/chapt7/chapt7_ws/src/install/fishbot_description/share/fishbot_description/package.zsh'
[1.585s] Level 1:colcon.colcon_core.environment:create_file_with_runtime_dependencies(/home/zkl/chapt7/chapt7_ws/src/install/fishbot_description/share/colcon-core/packages/fishbot_description)
[1.926s] DEBUG:colcon.colcon_core.event_handler.log_command:Invoked command in '/home/zkl/chapt7/chapt7_ws/src/build/autopatrol_interfaces' returned '0': CMAKE_PREFIX_PATH=${CMAKE_PREFIX_PATH}:/home/zkl/chapt7/chapt7_ws/install/autopatrol_robot:/home/zkl/chapt7/chapt7_ws/install/fishbot_application:/opt/ros/humble /usr/bin/cmake /home/zkl/chapt7/chapt7_ws/src/autopatrol_interfaces -DCMAKE_INSTALL_PREFIX=/home/zkl/chapt7/chapt7_ws/src/install/autopatrol_interfaces
[1.928s] DEBUG:colcon.colcon_core.event_handler.log_command:Invoking command in '/home/zkl/chapt7/chapt7_ws/src/build/autopatrol_interfaces': CMAKE_PREFIX_PATH=${CMAKE_PREFIX_PATH}:/home/zkl/chapt7/chapt7_ws/install/autopatrol_robot:/home/zkl/chapt7/chapt7_ws/install/fishbot_application:/opt/ros/humble /usr/bin/cmake --build /home/zkl/chapt7/chapt7_ws/src/build/autopatrol_interfaces -- -j20 -l20
[3.666s] DEBUG:colcon.colcon_core.event_handler.log_command:Invoked command in '/home/zkl/chapt7/chapt7_ws/src/build/autopatrol_interfaces' returned '0': CMAKE_PREFIX_PATH=${CMAKE_PREFIX_PATH}:/home/zkl/chapt7/chapt7_ws/install/autopatrol_robot:/home/zkl/chapt7/chapt7_ws/install/fishbot_application:/opt/ros/humble /usr/bin/cmake --build /home/zkl/chapt7/chapt7_ws/src/build/autopatrol_interfaces -- -j20 -l20
[3.719s] DEBUG:colcon.colcon_core.event_handler.log_command:Invoking command in '/home/zkl/chapt7/chapt7_ws/src/build/autopatrol_interfaces': CMAKE_PREFIX_PATH=${CMAKE_PREFIX_PATH}:/home/zkl/chapt7/chapt7_ws/install/autopatrol_robot:/home/zkl/chapt7/chapt7_ws/install/fishbot_application:/opt/ros/humble /usr/bin/cmake --install /home/zkl/chapt7/chapt7_ws/src/build/autopatrol_interfaces
[3.773s] Level 1:colcon.colcon_core.environment:create_environment_scripts_only(autopatrol_interfaces)
[3.773s] Level 1:colcon.colcon_core.environment:checking '/home/zkl/chapt7/chapt7_ws/src/install/autopatrol_interfaces' for CMake module files
[3.773s] DEBUG:colcon.colcon_core.event_handler.log_command:Invoked command in '/home/zkl/chapt7/chapt7_ws/src/build/autopatrol_interfaces' returned '0': CMAKE_PREFIX_PATH=${CMAKE_PREFIX_PATH}:/home/zkl/chapt7/chapt7_ws/install/autopatrol_robot:/home/zkl/chapt7/chapt7_ws/install/fishbot_application:/opt/ros/humble /usr/bin/cmake --install /home/zkl/chapt7/chapt7_ws/src/build/autopatrol_interfaces
[3.774s] Level 1:colcon.colcon_core.environment:checking '/home/zkl/chapt7/chapt7_ws/src/install/autopatrol_interfaces' for CMake config files
[3.774s] Level 1:colcon.colcon_core.shell:create_environment_hook('autopatrol_interfaces', 'cmake_prefix_path')
[3.774s] INFO:colcon.colcon_core.shell:Creating environment hook '/home/zkl/chapt7/chapt7_ws/src/install/autopatrol_interfaces/share/autopatrol_interfaces/hook/cmake_prefix_path.ps1'
[3.774s] INFO:colcon.colcon_core.shell:Creating environment descriptor '/home/zkl/chapt7/chapt7_ws/src/install/autopatrol_interfaces/share/autopatrol_interfaces/hook/cmake_prefix_path.dsv'
[3.774s] INFO:colcon.colcon_core.shell:Creating environment hook '/home/zkl/chapt7/chapt7_ws/src/install/autopatrol_interfaces/share/autopatrol_interfaces/hook/cmake_prefix_path.sh'
[3.775s] Level 1:colcon.colcon_core.environment:checking '/home/zkl/chapt7/chapt7_ws/src/install/autopatrol_interfaces/lib'
[3.775s] Level 1:colcon.colcon_core.shell:create_environment_hook('autopatrol_interfaces', 'ld_library_path_lib')
[3.775s] INFO:colcon.colcon_core.shell:Creating environment hook '/home/zkl/chapt7/chapt7_ws/src/install/autopatrol_interfaces/share/autopatrol_interfaces/hook/ld_library_path_lib.ps1'
[3.775s] INFO:colcon.colcon_core.shell:Creating environment descriptor '/home/zkl/chapt7/chapt7_ws/src/install/autopatrol_interfaces/share/autopatrol_interfaces/hook/ld_library_path_lib.dsv'
[3.775s] INFO:colcon.colcon_core.shell:Creating environment hook '/home/zkl/chapt7/chapt7_ws/src/install/autopatrol_interfaces/share/autopatrol_interfaces/hook/ld_library_path_lib.sh'
[3.775s] Level 1:colcon.colcon_core.environment:checking '/home/zkl/chapt7/chapt7_ws/src/install/autopatrol_interfaces/bin'
[3.775s] Level 1:colcon.colcon_core.environment:checking '/home/zkl/chapt7/chapt7_ws/src/install/autopatrol_interfaces/lib/pkgconfig/autopatrol_interfaces.pc'
[3.776s] Level 1:colcon.colcon_core.environment:checking '/home/zkl/chapt7/chapt7_ws/src/install/autopatrol_interfaces/lib/python3.10/site-packages'
[3.776s] Level 1:colcon.colcon_core.environment:checking '/home/zkl/chapt7/chapt7_ws/src/install/autopatrol_interfaces/bin'
[3.776s] INFO:colcon.colcon_core.shell:Creating package script '/home/zkl/chapt7/chapt7_ws/src/install/autopatrol_interfaces/share/autopatrol_interfaces/package.ps1'
[3.776s] INFO:colcon.colcon_core.shell:Creating package descriptor '/home/zkl/chapt7/chapt7_ws/src/install/autopatrol_interfaces/share/autopatrol_interfaces/package.dsv'
[3.777s] INFO:colcon.colcon_core.shell:Creating package script '/home/zkl/chapt7/chapt7_ws/src/install/autopatrol_interfaces/share/autopatrol_interfaces/package.sh'
[3.777s] INFO:colcon.colcon_core.shell:Creating package script '/home/zkl/chapt7/chapt7_ws/src/install/autopatrol_interfaces/share/autopatrol_interfaces/package.bash'
[3.777s] INFO:colcon.colcon_core.shell:Creating package script '/home/zkl/chapt7/chapt7_ws/src/install/autopatrol_interfaces/share/autopatrol_interfaces/package.zsh'
[3.777s] Level 1:colcon.colcon_core.environment:create_file_with_runtime_dependencies(/home/zkl/chapt7/chapt7_ws/src/install/autopatrol_interfaces/share/colcon-core/packages/autopatrol_interfaces)
[3.830s] Level 1:colcon.colcon_core.environment:create_environment_scripts_only(autopatrol_interfaces)
[3.831s] Level 1:colcon.colcon_core.environment:checking '/home/zkl/chapt7/chapt7_ws/src/install/autopatrol_interfaces' for CMake module files
[3.832s] Level 1:colcon.colcon_core.environment:checking '/home/zkl/chapt7/chapt7_ws/src/install/autopatrol_interfaces' for CMake config files
[3.832s] Level 1:colcon.colcon_core.shell:create_environment_hook('autopatrol_interfaces', 'cmake_prefix_path')
[3.832s] INFO:colcon.colcon_core.shell:Creating environment hook '/home/zkl/chapt7/chapt7_ws/src/install/autopatrol_interfaces/share/autopatrol_interfaces/hook/cmake_prefix_path.ps1'
[3.832s] INFO:colcon.colcon_core.shell:Creating environment descriptor '/home/zkl/chapt7/chapt7_ws/src/install/autopatrol_interfaces/share/autopatrol_interfaces/hook/cmake_prefix_path.dsv'
[3.833s] INFO:colcon.colcon_core.shell:Creating environment hook '/home/zkl/chapt7/chapt7_ws/src/install/autopatrol_interfaces/share/autopatrol_interfaces/hook/cmake_prefix_path.sh'
[3.833s] Level 1:colcon.colcon_core.environment:checking '/home/zkl/chapt7/chapt7_ws/src/install/autopatrol_interfaces/lib'
[3.833s] Level 1:colcon.colcon_core.shell:create_environment_hook('autopatrol_interfaces', 'ld_library_path_lib')
[3.833s] INFO:colcon.colcon_core.shell:Creating environment hook '/home/zkl/chapt7/chapt7_ws/src/install/autopatrol_interfaces/share/autopatrol_interfaces/hook/ld_library_path_lib.ps1'
[3.834s] INFO:colcon.colcon_core.shell:Creating environment descriptor '/home/zkl/chapt7/chapt7_ws/src/install/autopatrol_interfaces/share/autopatrol_interfaces/hook/ld_library_path_lib.dsv'
[3.834s] INFO:colcon.colcon_core.shell:Creating environment hook '/home/zkl/chapt7/chapt7_ws/src/install/autopatrol_interfaces/share/autopatrol_interfaces/hook/ld_library_path_lib.sh'
[3.834s] Level 1:colcon.colcon_core.environment:checking '/home/zkl/chapt7/chapt7_ws/src/install/autopatrol_interfaces/bin'
[3.834s] Level 1:colcon.colcon_core.environment:checking '/home/zkl/chapt7/chapt7_ws/src/install/autopatrol_interfaces/lib/pkgconfig/autopatrol_interfaces.pc'
[3.835s] Level 1:colcon.colcon_core.environment:checking '/home/zkl/chapt7/chapt7_ws/src/install/autopatrol_interfaces/lib/python3.10/site-packages'
[3.835s] Level 1:colcon.colcon_core.environment:checking '/home/zkl/chapt7/chapt7_ws/src/install/autopatrol_interfaces/bin'
[3.835s] INFO:colcon.colcon_core.shell:Creating package script '/home/zkl/chapt7/chapt7_ws/src/install/autopatrol_interfaces/share/autopatrol_interfaces/package.ps1'
[3.836s] INFO:colcon.colcon_core.shell:Creating package descriptor '/home/zkl/chapt7/chapt7_ws/src/install/autopatrol_interfaces/share/autopatrol_interfaces/package.dsv'
[3.836s] INFO:colcon.colcon_core.shell:Creating package script '/home/zkl/chapt7/chapt7_ws/src/install/autopatrol_interfaces/share/autopatrol_interfaces/package.sh'
[3.837s] INFO:colcon.colcon_core.shell:Creating package script '/home/zkl/chapt7/chapt7_ws/src/install/autopatrol_interfaces/share/autopatrol_interfaces/package.bash'
[3.837s] INFO:colcon.colcon_core.shell:Creating package script '/home/zkl/chapt7/chapt7_ws/src/install/autopatrol_interfaces/share/autopatrol_interfaces/package.zsh'
[3.838s] Level 1:colcon.colcon_core.environment:create_file_with_runtime_dependencies(/home/zkl/chapt7/chapt7_ws/src/install/autopatrol_interfaces/share/colcon-core/packages/autopatrol_interfaces)
[3.838s] DEBUG:colcon.colcon_parallel_executor.executor.parallel:closing loop
[3.839s] DEBUG:colcon.colcon_parallel_executor.executor.parallel:loop closed
[3.839s] DEBUG:colcon.colcon_parallel_executor.executor.parallel:run_until_complete finished with '0'
[3.839s] DEBUG:colcon.colcon_core.event_reactor:joining thread
[3.845s] INFO:colcon.colcon_core.plugin_system:Skipping extension 'colcon_notification.desktop_notification.terminal_notifier': Not used on non-Darwin systems
[3.845s] INFO:colcon.colcon_core.plugin_system:Skipping extension 'colcon_notification.desktop_notification.win32': Not used on non-Windows systems
[3.845s] INFO:colcon.colcon_notification.desktop_notification:Sending desktop notification using 'notify2'
[3.861s] DEBUG:colcon.colcon_core.event_reactor:joined thread
[3.861s] INFO:colcon.colcon_core.shell:Creating prefix script '/home/zkl/chapt7/chapt7_ws/src/install/local_setup.ps1'
[3.862s] INFO:colcon.colcon_core.shell:Creating prefix util module '/home/zkl/chapt7/chapt7_ws/src/install/_local_setup_util_ps1.py'
[3.863s] INFO:colcon.colcon_core.shell:Creating prefix chain script '/home/zkl/chapt7/chapt7_ws/src/install/setup.ps1'
[3.864s] INFO:colcon.colcon_core.shell:Creating prefix script '/home/zkl/chapt7/chapt7_ws/src/install/local_setup.sh'
[3.864s] INFO:colcon.colcon_core.shell:Creating prefix util module '/home/zkl/chapt7/chapt7_ws/src/install/_local_setup_util_sh.py'
[3.864s] INFO:colcon.colcon_core.shell:Creating prefix chain script '/home/zkl/chapt7/chapt7_ws/src/install/setup.sh'
[3.865s] INFO:colcon.colcon_core.shell:Creating prefix script '/home/zkl/chapt7/chapt7_ws/src/install/local_setup.bash'
[3.865s] INFO:colcon.colcon_core.shell:Creating prefix chain script '/home/zkl/chapt7/chapt7_ws/src/install/setup.bash'
[3.866s] INFO:colcon.colcon_core.shell:Creating prefix script '/home/zkl/chapt7/chapt7_ws/src/install/local_setup.zsh'
[3.866s] INFO:colcon.colcon_core.shell:Creating prefix chain script '/home/zkl/chapt7/chapt7_ws/src/install/setup.zsh'
