[0.898s] Invoking command in '/home/zkl/chapt7/chapt7_ws/src/autopatrol_robot': PYTHONPATH=/home/zkl/chapt7/chapt7_ws/src/build/autopatrol_robot/prefix_override:/usr/lib/python3/dist-packages/colcon_core/task/python/colcon_distutils_commands:/home/zkl/chapt7/chapt7_ws/src/install/autopatrol_robot/lib/python3.10/site-packages:${PYTHONPATH} /usr/bin/python3 -W ignore:setup.py install is deprecated setup.py egg_info --egg-base ../build/autopatrol_robot build --build-base /home/zkl/chapt7/chapt7_ws/src/build/autopatrol_robot/build install --record /home/zkl/chapt7/chapt7_ws/src/build/autopatrol_robot/install.log --single-version-externally-managed install_data
[1.068s] running egg_info
[1.069s] writing ../build/autopatrol_robot/autopatrol_robot.egg-info/PKG-INFO
[1.069s] writing dependency_links to ../build/autopatrol_robot/autopatrol_robot.egg-info/dependency_links.txt
[1.070s] writing entry points to ../build/autopatrol_robot/autopatrol_robot.egg-info/entry_points.txt
[1.070s] writing requirements to ../build/autopatrol_robot/autopatrol_robot.egg-info/requires.txt
[1.070s] writing top-level names to ../build/autopatrol_robot/autopatrol_robot.egg-info/top_level.txt
[1.071s] reading manifest file '../build/autopatrol_robot/autopatrol_robot.egg-info/SOURCES.txt'
[1.071s] writing manifest file '../build/autopatrol_robot/autopatrol_robot.egg-info/SOURCES.txt'
[1.072s] running build
[1.072s] running build_py
[1.072s] running install
[1.074s] running install_lib
[1.074s] running install_data
[1.076s] copying launch/autopatrol.launch.py -> /home/zkl/chapt7/chapt7_ws/src/install/autopatrol_robot/share/autopatrol_robot/launch
[1.076s] running install_egg_info
[1.076s] removing '/home/zkl/chapt7/chapt7_ws/src/install/autopatrol_robot/lib/python3.10/site-packages/autopatrol_robot-0.0.0-py3.10.egg-info' (and everything under it)
[1.076s] Copying ../build/autopatrol_robot/autopatrol_robot.egg-info to /home/zkl/chapt7/chapt7_ws/src/install/autopatrol_robot/lib/python3.10/site-packages/autopatrol_robot-0.0.0-py3.10.egg-info
[1.077s] running install_scripts
[1.096s] Installing patrol_node script to /home/zkl/chapt7/chapt7_ws/src/install/autopatrol_robot/lib/autopatrol_robot
[1.096s] Installing speaker script to /home/zkl/chapt7/chapt7_ws/src/install/autopatrol_robot/lib/autopatrol_robot
[1.096s] writing list of installed files to '/home/zkl/chapt7/chapt7_ws/src/build/autopatrol_robot/install.log'
[1.114s] Invoked command in '/home/zkl/chapt7/chapt7_ws/src/autopatrol_robot' returned '0': PYTHONPATH=/home/zkl/chapt7/chapt7_ws/src/build/autopatrol_robot/prefix_override:/usr/lib/python3/dist-packages/colcon_core/task/python/colcon_distutils_commands:/home/zkl/chapt7/chapt7_ws/src/install/autopatrol_robot/lib/python3.10/site-packages:${PYTHONPATH} /usr/bin/python3 -W ignore:setup.py install is deprecated setup.py egg_info --egg-base ../build/autopatrol_robot build --build-base /home/zkl/chapt7/chapt7_ws/src/build/autopatrol_robot/build install --record /home/zkl/chapt7/chapt7_ws/src/build/autopatrol_robot/install.log --single-version-externally-managed install_data
