[0.815s] Invoking command in '/home/zkl/chapt7/chapt7_ws/src/fishbot_application': PYTHONPATH=/home/zkl/chapt7/chapt7_ws/src/build/fishbot_application/prefix_override:/usr/lib/python3/dist-packages/colcon_core/task/python/colcon_distutils_commands:/home/zkl/chapt7/chapt7_ws/src/install/fishbot_application/lib/python3.10/site-packages:${PYTHONPATH} /usr/bin/python3 -W ignore:setup.py install is deprecated setup.py egg_info --egg-base ../build/fishbot_application build --build-base /home/zkl/chapt7/chapt7_ws/src/build/fishbot_application/build install --record /home/zkl/chapt7/chapt7_ws/src/build/fishbot_application/install.log --single-version-externally-managed install_data
[0.976s] running egg_info
[0.976s] writing ../build/fishbot_application/fishbot_application.egg-info/PKG-INFO
[0.976s] writing dependency_links to ../build/fishbot_application/fishbot_application.egg-info/dependency_links.txt
[0.976s] writing entry points to ../build/fishbot_application/fishbot_application.egg-info/entry_points.txt
[0.977s] writing requirements to ../build/fishbot_application/fishbot_application.egg-info/requires.txt
[0.977s] writing top-level names to ../build/fishbot_application/fishbot_application.egg-info/top_level.txt
[0.978s] reading manifest file '../build/fishbot_application/fishbot_application.egg-info/SOURCES.txt'
[0.978s] writing manifest file '../build/fishbot_application/fishbot_application.egg-info/SOURCES.txt'
[0.978s] running build
[0.978s] running build_py
[0.979s] running install
[0.979s] running install_lib
[0.980s] running install_data
[0.980s] running install_egg_info
[0.982s] removing '/home/zkl/chapt7/chapt7_ws/src/install/fishbot_application/lib/python3.10/site-packages/fishbot_application-0.0.0-py3.10.egg-info' (and everything under it)
[0.982s] Copying ../build/fishbot_application/fishbot_application.egg-info to /home/zkl/chapt7/chapt7_ws/src/install/fishbot_application/lib/python3.10/site-packages/fishbot_application-0.0.0-py3.10.egg-info
[0.982s] running install_scripts
[0.996s] Installing get_robot_pose script to /home/zkl/chapt7/chapt7_ws/src/install/fishbot_application/lib/fishbot_application
[0.996s] Installing init_robot_pose script to /home/zkl/chapt7/chapt7_ws/src/install/fishbot_application/lib/fishbot_application
[0.996s] Installing nav_to_pose script to /home/zkl/chapt7/chapt7_ws/src/install/fishbot_application/lib/fishbot_application
[0.996s] Installing waypoint_follower script to /home/zkl/chapt7/chapt7_ws/src/install/fishbot_application/lib/fishbot_application
[0.997s] writing list of installed files to '/home/zkl/chapt7/chapt7_ws/src/build/fishbot_application/install.log'
[1.014s] Invoked command in '/home/zkl/chapt7/chapt7_ws/src/fishbot_application' returned '0': PYTHONPATH=/home/zkl/chapt7/chapt7_ws/src/build/fishbot_application/prefix_override:/usr/lib/python3/dist-packages/colcon_core/task/python/colcon_distutils_commands:/home/zkl/chapt7/chapt7_ws/src/install/fishbot_application/lib/python3.10/site-packages:${PYTHONPATH} /usr/bin/python3 -W ignore:setup.py install is deprecated setup.py egg_info --egg-base ../build/fishbot_application build --build-base /home/zkl/chapt7/chapt7_ws/src/build/fishbot_application/build install --record /home/zkl/chapt7/chapt7_ws/src/build/fishbot_application/install.log --single-version-externally-managed install_data
