-- Install configuration: ""
-- Up-to-date: /home/zkl/chapt6/chapt6_ws/src/fishbot_description/install/fishbot_description/share/fishbot_description/launch
-- Installing: /home/zkl/chapt6/chapt6_ws/src/fishbot_description/install/fishbot_description/share/fishbot_description/launch/display_robot.launch.py
-- Up-to-date: /home/zkl/chapt6/chapt6_ws/src/fishbot_description/install/fishbot_description/share/fishbot_description/urdf
-- Up-to-date: /home/zkl/chapt6/chapt6_ws/src/fishbot_description/install/fishbot_description/share/fishbot_description/urdf/first_robot.pdf
-- Installing: /home/zkl/chapt6/chapt6_ws/src/fishbot_description/install/fishbot_description/share/fishbot_description/urdf/first_robot.urdf.xacro
-- Up-to-date: /home/zkl/chapt6/chapt6_ws/src/fishbot_description/install/fishbot_description/share/fishbot_description/urdf/first_robot.gv
-- Installing: /home/zkl/chapt6/chapt6_ws/src/fishbot_description/install/fishbot_description/share/fishbot_description/urdf/build
-- Installing: /home/zkl/chapt6/chapt6_ws/src/fishbot_description/install/fishbot_description/share/fishbot_description/urdf/build/COLCON_IGNORE
-- Installing: /home/zkl/chapt6/chapt6_ws/src/fishbot_description/install/fishbot_description/share/fishbot_description/urdf/build/.built_by
-- Up-to-date: /home/zkl/chapt6/chapt6_ws/src/fishbot_description/install/fishbot_description/share/fishbot_description/urdf/first_robot.urdf
-- Installing: /home/zkl/chapt6/chapt6_ws/src/fishbot_description/install/fishbot_description/share/fishbot_description/urdf/log
-- Installing: /home/zkl/chapt6/chapt6_ws/src/fishbot_description/install/fishbot_description/share/fishbot_description/urdf/log/latest_build
-- Installing: /home/zkl/chapt6/chapt6_ws/src/fishbot_description/install/fishbot_description/share/fishbot_description/urdf/log/COLCON_IGNORE
-- Installing: /home/zkl/chapt6/chapt6_ws/src/fishbot_description/install/fishbot_description/share/fishbot_description/urdf/log/build_2024-10-10_14-55-51
-- Installing: /home/zkl/chapt6/chapt6_ws/src/fishbot_description/install/fishbot_description/share/fishbot_description/urdf/log/build_2024-10-10_14-55-51/events.log
-- Installing: /home/zkl/chapt6/chapt6_ws/src/fishbot_description/install/fishbot_description/share/fishbot_description/urdf/log/build_2024-10-10_14-55-51/logger_all.log
-- Installing: /home/zkl/chapt6/chapt6_ws/src/fishbot_description/install/fishbot_description/share/fishbot_description/urdf/log/latest
-- Installing: /home/zkl/chapt6/chapt6_ws/src/fishbot_description/install/fishbot_description/share/fishbot_description/urdf/install
-- Installing: /home/zkl/chapt6/chapt6_ws/src/fishbot_description/install/fishbot_description/share/fishbot_description/urdf/install/setup.ps1
-- Installing: /home/zkl/chapt6/chapt6_ws/src/fishbot_description/install/fishbot_description/share/fishbot_description/urdf/install/COLCON_IGNORE
-- Installing: /home/zkl/chapt6/chapt6_ws/src/fishbot_description/install/fishbot_description/share/fishbot_description/urdf/install/.colcon_install_layout
-- Installing: /home/zkl/chapt6/chapt6_ws/src/fishbot_description/install/fishbot_description/share/fishbot_description/urdf/install/_local_setup_util_sh.py
-- Installing: /home/zkl/chapt6/chapt6_ws/src/fishbot_description/install/fishbot_description/share/fishbot_description/urdf/install/local_setup.sh
-- Installing: /home/zkl/chapt6/chapt6_ws/src/fishbot_description/install/fishbot_description/share/fishbot_description/urdf/install/setup.sh
-- Installing: /home/zkl/chapt6/chapt6_ws/src/fishbot_description/install/fishbot_description/share/fishbot_description/urdf/install/local_setup.zsh
-- Installing: /home/zkl/chapt6/chapt6_ws/src/fishbot_description/install/fishbot_description/share/fishbot_description/urdf/install/local_setup.bash
-- Installing: /home/zkl/chapt6/chapt6_ws/src/fishbot_description/install/fishbot_description/share/fishbot_description/urdf/install/local_setup.ps1
-- Installing: /home/zkl/chapt6/chapt6_ws/src/fishbot_description/install/fishbot_description/share/fishbot_description/urdf/install/_local_setup_util_ps1.py
-- Installing: /home/zkl/chapt6/chapt6_ws/src/fishbot_description/install/fishbot_description/share/fishbot_description/urdf/install/setup.zsh
-- Installing: /home/zkl/chapt6/chapt6_ws/src/fishbot_description/install/fishbot_description/share/fishbot_description/urdf/install/setup.bash
-- Up-to-date: /home/zkl/chapt6/chapt6_ws/src/fishbot_description/install/fishbot_description/share/ament_index/resource_index/package_run_dependencies/fishbot_description
-- Up-to-date: /home/zkl/chapt6/chapt6_ws/src/fishbot_description/install/fishbot_description/share/ament_index/resource_index/parent_prefix_path/fishbot_description
-- Up-to-date: /home/zkl/chapt6/chapt6_ws/src/fishbot_description/install/fishbot_description/share/fishbot_description/environment/ament_prefix_path.sh
-- Up-to-date: /home/zkl/chapt6/chapt6_ws/src/fishbot_description/install/fishbot_description/share/fishbot_description/environment/ament_prefix_path.dsv
-- Up-to-date: /home/zkl/chapt6/chapt6_ws/src/fishbot_description/install/fishbot_description/share/fishbot_description/environment/path.sh
-- Up-to-date: /home/zkl/chapt6/chapt6_ws/src/fishbot_description/install/fishbot_description/share/fishbot_description/environment/path.dsv
-- Up-to-date: /home/zkl/chapt6/chapt6_ws/src/fishbot_description/install/fishbot_description/share/fishbot_description/local_setup.bash
-- Up-to-date: /home/zkl/chapt6/chapt6_ws/src/fishbot_description/install/fishbot_description/share/fishbot_description/local_setup.sh
-- Up-to-date: /home/zkl/chapt6/chapt6_ws/src/fishbot_description/install/fishbot_description/share/fishbot_description/local_setup.zsh
-- Up-to-date: /home/zkl/chapt6/chapt6_ws/src/fishbot_description/install/fishbot_description/share/fishbot_description/local_setup.dsv
-- Installing: /home/zkl/chapt6/chapt6_ws/src/fishbot_description/install/fishbot_description/share/fishbot_description/package.dsv
-- Up-to-date: /home/zkl/chapt6/chapt6_ws/src/fishbot_description/install/fishbot_description/share/ament_index/resource_index/packages/fishbot_description
-- Up-to-date: /home/zkl/chapt6/chapt6_ws/src/fishbot_description/install/fishbot_description/share/fishbot_description/cmake/fishbot_descriptionConfig.cmake
-- Up-to-date: /home/zkl/chapt6/chapt6_ws/src/fishbot_description/install/fishbot_description/share/fishbot_description/cmake/fishbot_descriptionConfig-version.cmake
-- Up-to-date: /home/zkl/chapt6/chapt6_ws/src/fishbot_description/install/fishbot_description/share/fishbot_description/package.xml
