[0.008s] Invoking command in '/home/zkl/chapt6/chapt6_ws/src/fishbot_description/build/fishbot_description': CMAKE_PREFIX_PATH=${CMAKE_PREFIX_PATH}:/opt/ros/humble /usr/bin/cmake --build /home/zkl/chapt6/chapt6_ws/src/fishbot_description/build/fishbot_description -- -j20 -l20
[0.033s] Invoked command in '/home/zkl/chapt6/chapt6_ws/src/fishbot_description/build/fishbot_description' returned '0': CMAKE_PREFIX_PATH=${CMAKE_PREFIX_PATH}:/opt/ros/humble /usr/bin/cmake --build /home/zkl/chapt6/chapt6_ws/src/fishbot_description/build/fishbot_description -- -j20 -l20
[0.056s] Invoking command in '/home/zkl/chapt6/chapt6_ws/src/fishbot_description/build/fishbot_description': CMAKE_PREFIX_PATH=${CMAKE_PREFIX_PATH}:/opt/ros/humble /usr/bin/cmake --install /home/zkl/chapt6/chapt6_ws/src/fishbot_description/build/fishbot_description
[0.061s] -- Install configuration: ""
[0.061s] -- Up-to-date: /home/zkl/chapt6/chapt6_ws/src/fishbot_description/install/fishbot_description/share/fishbot_description/launch
[0.061s] -- Installing: /home/zkl/chapt6/chapt6_ws/src/fishbot_description/install/fishbot_description/share/fishbot_description/launch/display_robot.launch.py
[0.061s] -- Up-to-date: /home/zkl/chapt6/chapt6_ws/src/fishbot_description/install/fishbot_description/share/fishbot_description/urdf
[0.062s] -- Up-to-date: /home/zkl/chapt6/chapt6_ws/src/fishbot_description/install/fishbot_description/share/fishbot_description/urdf/first_robot.pdf
[0.062s] -- Installing: /home/zkl/chapt6/chapt6_ws/src/fishbot_description/install/fishbot_description/share/fishbot_description/urdf/first_robot.urdf.xacro
[0.062s] -- Up-to-date: /home/zkl/chapt6/chapt6_ws/src/fishbot_description/install/fishbot_description/share/fishbot_description/urdf/first_robot.gv
[0.062s] -- Installing: /home/zkl/chapt6/chapt6_ws/src/fishbot_description/install/fishbot_description/share/fishbot_description/urdf/build
[0.063s] -- Installing: /home/zkl/chapt6/chapt6_ws/src/fishbot_description/install/fishbot_description/share/fishbot_description/urdf/build/COLCON_IGNORE
[0.063s] -- Installing: /home/zkl/chapt6/chapt6_ws/src/fishbot_description/install/fishbot_description/share/fishbot_description/urdf/build/.built_by
[0.063s] -- Up-to-date: /home/zkl/chapt6/chapt6_ws/src/fishbot_description/install/fishbot_description/share/fishbot_description/urdf/first_robot.urdf
[0.063s] -- Installing: /home/zkl/chapt6/chapt6_ws/src/fishbot_description/install/fishbot_description/share/fishbot_description/urdf/log
[0.063s] -- Installing: /home/zkl/chapt6/chapt6_ws/src/fishbot_description/install/fishbot_description/share/fishbot_description/urdf/log/latest_build
[0.063s] -- Installing: /home/zkl/chapt6/chapt6_ws/src/fishbot_description/install/fishbot_description/share/fishbot_description/urdf/log/COLCON_IGNORE
[0.063s] -- Installing: /home/zkl/chapt6/chapt6_ws/src/fishbot_description/install/fishbot_description/share/fishbot_description/urdf/log/build_2024-10-10_14-55-51
[0.063s] -- Installing: /home/zkl/chapt6/chapt6_ws/src/fishbot_description/install/fishbot_description/share/fishbot_description/urdf/log/build_2024-10-10_14-55-51/events.log
[0.063s] -- Installing: /home/zkl/chapt6/chapt6_ws/src/fishbot_description/install/fishbot_description/share/fishbot_description/urdf/log/build_2024-10-10_14-55-51/logger_all.log
[0.063s] -- Installing: /home/zkl/chapt6/chapt6_ws/src/fishbot_description/install/fishbot_description/share/fishbot_description/urdf/log/latest
[0.063s] -- Installing: /home/zkl/chapt6/chapt6_ws/src/fishbot_description/install/fishbot_description/share/fishbot_description/urdf/install
[0.063s] -- Installing: /home/zkl/chapt6/chapt6_ws/src/fishbot_description/install/fishbot_description/share/fishbot_description/urdf/install/setup.ps1
[0.063s] -- Installing: /home/zkl/chapt6/chapt6_ws/src/fishbot_description/install/fishbot_description/share/fishbot_description/urdf/install/COLCON_IGNORE
[0.063s] -- Installing: /home/zkl/chapt6/chapt6_ws/src/fishbot_description/install/fishbot_description/share/fishbot_description/urdf/install/.colcon_install_layout
[0.063s] -- Installing: /home/zkl/chapt6/chapt6_ws/src/fishbot_description/install/fishbot_description/share/fishbot_description/urdf/install/_local_setup_util_sh.py
[0.063s] -- Installing: /home/zkl/chapt6/chapt6_ws/src/fishbot_description/install/fishbot_description/share/fishbot_description/urdf/install/local_setup.sh
[0.063s] -- Installing: /home/zkl/chapt6/chapt6_ws/src/fishbot_description/install/fishbot_description/share/fishbot_description/urdf/install/setup.sh
[0.063s] -- Installing: /home/zkl/chapt6/chapt6_ws/src/fishbot_description/install/fishbot_description/share/fishbot_description/urdf/install/local_setup.zsh
[0.064s] -- Installing: /home/zkl/chapt6/chapt6_ws/src/fishbot_description/install/fishbot_description/share/fishbot_description/urdf/install/local_setup.bash
[0.064s] -- Installing: /home/zkl/chapt6/chapt6_ws/src/fishbot_description/install/fishbot_description/share/fishbot_description/urdf/install/local_setup.ps1
[0.064s] -- Installing: /home/zkl/chapt6/chapt6_ws/src/fishbot_description/install/fishbot_description/share/fishbot_description/urdf/install/_local_setup_util_ps1.py
[0.064s] -- Installing: /home/zkl/chapt6/chapt6_ws/src/fishbot_description/install/fishbot_description/share/fishbot_description/urdf/install/setup.zsh
[0.064s] -- Installing: /home/zkl/chapt6/chapt6_ws/src/fishbot_description/install/fishbot_description/share/fishbot_description/urdf/install/setup.bash
[0.064s] -- Up-to-date: /home/zkl/chapt6/chapt6_ws/src/fishbot_description/install/fishbot_description/share/ament_index/resource_index/package_run_dependencies/fishbot_description
[0.065s] -- Up-to-date: /home/zkl/chapt6/chapt6_ws/src/fishbot_description/install/fishbot_description/share/ament_index/resource_index/parent_prefix_path/fishbot_description
[0.065s] -- Up-to-date: /home/zkl/chapt6/chapt6_ws/src/fishbot_description/install/fishbot_description/share/fishbot_description/environment/ament_prefix_path.sh
[0.065s] -- Up-to-date: /home/zkl/chapt6/chapt6_ws/src/fishbot_description/install/fishbot_description/share/fishbot_description/environment/ament_prefix_path.dsv
[0.065s] -- Up-to-date: /home/zkl/chapt6/chapt6_ws/src/fishbot_description/install/fishbot_description/share/fishbot_description/environment/path.sh
[0.065s] -- Up-to-date: /home/zkl/chapt6/chapt6_ws/src/fishbot_description/install/fishbot_description/share/fishbot_description/environment/path.dsv
[0.065s] -- Up-to-date: /home/zkl/chapt6/chapt6_ws/src/fishbot_description/install/fishbot_description/share/fishbot_description/local_setup.bash
[0.065s] -- Up-to-date: /home/zkl/chapt6/chapt6_ws/src/fishbot_description/install/fishbot_description/share/fishbot_description/local_setup.sh
[0.065s] -- Up-to-date: /home/zkl/chapt6/chapt6_ws/src/fishbot_description/install/fishbot_description/share/fishbot_description/local_setup.zsh
[0.065s] -- Up-to-date: /home/zkl/chapt6/chapt6_ws/src/fishbot_description/install/fishbot_description/share/fishbot_description/local_setup.dsv
[0.065s] -- Installing: /home/zkl/chapt6/chapt6_ws/src/fishbot_description/install/fishbot_description/share/fishbot_description/package.dsv
[0.065s] -- Up-to-date: /home/zkl/chapt6/chapt6_ws/src/fishbot_description/install/fishbot_description/share/ament_index/resource_index/packages/fishbot_description
[0.065s] -- Up-to-date: /home/zkl/chapt6/chapt6_ws/src/fishbot_description/install/fishbot_description/share/fishbot_description/cmake/fishbot_descriptionConfig.cmake
[0.065s] -- Up-to-date: /home/zkl/chapt6/chapt6_ws/src/fishbot_description/install/fishbot_description/share/fishbot_description/cmake/fishbot_descriptionConfig-version.cmake
[0.065s] -- Up-to-date: /home/zkl/chapt6/chapt6_ws/src/fishbot_description/install/fishbot_description/share/fishbot_description/package.xml
[0.066s] Invoked command in '/home/zkl/chapt6/chapt6_ws/src/fishbot_description/build/fishbot_description' returned '0': CMAKE_PREFIX_PATH=${CMAKE_PREFIX_PATH}:/opt/ros/humble /usr/bin/cmake --install /home/zkl/chapt6/chapt6_ws/src/fishbot_description/build/fishbot_description
