[0.077s] DEBUG:colcon:Command line arguments: ['/usr/bin/colcon', 'build']
[0.077s] DEBUG:colcon:Parsed command line arguments: Namespace(log_base=None, log_level=None, verb_name='build', build_base='build', install_base='install', merge_install=False, symlink_install=False, test_result_base=None, continue_on_error=False, executor='parallel', parallel_workers=20, event_handlers=None, ignore_user_meta=False, metas=['./colcon.meta'], base_paths=['.'], packages_ignore=None, packages_ignore_regex=None, paths=None, packages_up_to=None, packages_up_to_regex=None, packages_above=None, packages_above_and_dependencies=None, packages_above_depth=None, packages_select_by_dep=None, packages_skip_by_dep=None, packages_skip_up_to=None, packages_select_build_failed=False, packages_skip_build_finished=False, packages_select_test_failures=False, packages_skip_test_passed=False, packages_select=None, packages_skip=None, packages_select_regex=None, packages_skip_regex=None, packages_start=None, packages_end=None, allow_overriding=[], cmake_args=None, cmake_target=None, cmake_target_skip_unavailable=False, cmake_clean_cache=False, cmake_clean_first=False, cmake_force_configure=False, ament_cmake_args=None, catkin_cmake_args=None, catkin_skip_building_tests=False, verb_parser=<colcon_defaults.argument_parser.defaults.DefaultArgumentsDecorator object at 0x7f3dd07f4940>, verb_extension=<colcon_core.verb.build.BuildVerb object at 0x7f3dd07f4160>, main=<bound method BuildVerb.main of <colcon_core.verb.build.BuildVerb object at 0x7f3dd07f4160>>)
[0.185s] Level 1:colcon.colcon_core.package_discovery:discover_packages(colcon_meta) check parameters
[0.185s] Level 1:colcon.colcon_core.package_discovery:discover_packages(recursive) check parameters
[0.185s] Level 1:colcon.colcon_core.package_discovery:discover_packages(ignore) check parameters
[0.185s] Level 1:colcon.colcon_core.package_discovery:discover_packages(path) check parameters
[0.185s] Level 1:colcon.colcon_core.package_discovery:discover_packages(colcon_meta) discover
[0.185s] Level 1:colcon.colcon_core.package_discovery:discover_packages(recursive) discover
[0.185s] INFO:colcon.colcon_core.package_discovery:Crawling recursively for packages in '/home/zkl/chapt7/chapt7_ws/src'
[0.185s] Level 1:colcon.colcon_core.package_identification:_identify(.) by extensions ['ignore', 'ignore_ament_install']
[0.185s] Level 1:colcon.colcon_core.package_identification:_identify(.) by extension 'ignore'
[0.185s] Level 1:colcon.colcon_core.package_identification:_identify(.) by extension 'ignore_ament_install'
[0.185s] Level 1:colcon.colcon_core.package_identification:_identify(.) by extensions ['colcon_pkg']
[0.185s] Level 1:colcon.colcon_core.package_identification:_identify(.) by extension 'colcon_pkg'
[0.185s] Level 1:colcon.colcon_core.package_identification:_identify(.) by extensions ['colcon_meta']
[0.186s] Level 1:colcon.colcon_core.package_identification:_identify(.) by extension 'colcon_meta'
[0.186s] Level 1:colcon.colcon_core.package_identification:_identify(.) by extensions ['ros']
[0.186s] Level 1:colcon.colcon_core.package_identification:_identify(.) by extension 'ros'
[0.193s] Level 1:colcon.colcon_core.package_identification:_identify(.) by extensions ['cmake', 'python']
[0.193s] Level 1:colcon.colcon_core.package_identification:_identify(.) by extension 'cmake'
[0.193s] Level 1:colcon.colcon_core.package_identification:_identify(.) by extension 'python'
[0.193s] Level 1:colcon.colcon_core.package_identification:_identify(.) by extensions ['python_setup_py']
[0.193s] Level 1:colcon.colcon_core.package_identification:_identify(.) by extension 'python_setup_py'
[0.193s] Level 1:colcon.colcon_core.package_identification:_identify(autopatrol_interfaces) by extensions ['ignore', 'ignore_ament_install']
[0.193s] Level 1:colcon.colcon_core.package_identification:_identify(autopatrol_interfaces) by extension 'ignore'
[0.193s] Level 1:colcon.colcon_core.package_identification:_identify(autopatrol_interfaces) by extension 'ignore_ament_install'
[0.193s] Level 1:colcon.colcon_core.package_identification:_identify(autopatrol_interfaces) by extensions ['colcon_pkg']
[0.193s] Level 1:colcon.colcon_core.package_identification:_identify(autopatrol_interfaces) by extension 'colcon_pkg'
[0.193s] Level 1:colcon.colcon_core.package_identification:_identify(autopatrol_interfaces) by extensions ['colcon_meta']
[0.193s] Level 1:colcon.colcon_core.package_identification:_identify(autopatrol_interfaces) by extension 'colcon_meta'
[0.193s] Level 1:colcon.colcon_core.package_identification:_identify(autopatrol_interfaces) by extensions ['ros']
[0.193s] Level 1:colcon.colcon_core.package_identification:_identify(autopatrol_interfaces) by extension 'ros'
[0.194s] DEBUG:colcon.colcon_core.package_identification:Package 'autopatrol_interfaces' with type 'ros.ament_cmake' and name 'autopatrol_interfaces'
[0.195s] Level 1:colcon.colcon_core.package_identification:_identify(autopatrol_robot) by extensions ['ignore', 'ignore_ament_install']
[0.195s] Level 1:colcon.colcon_core.package_identification:_identify(autopatrol_robot) by extension 'ignore'
[0.195s] Level 1:colcon.colcon_core.package_identification:_identify(autopatrol_robot) by extension 'ignore_ament_install'
[0.195s] Level 1:colcon.colcon_core.package_identification:_identify(autopatrol_robot) by extensions ['colcon_pkg']
[0.195s] Level 1:colcon.colcon_core.package_identification:_identify(autopatrol_robot) by extension 'colcon_pkg'
[0.195s] Level 1:colcon.colcon_core.package_identification:_identify(autopatrol_robot) by extensions ['colcon_meta']
[0.195s] Level 1:colcon.colcon_core.package_identification:_identify(autopatrol_robot) by extension 'colcon_meta'
[0.195s] Level 1:colcon.colcon_core.package_identification:_identify(autopatrol_robot) by extensions ['ros']
[0.195s] Level 1:colcon.colcon_core.package_identification:_identify(autopatrol_robot) by extension 'ros'
[0.196s] DEBUG:colcon.colcon_core.package_identification:Package 'autopatrol_robot' with type 'ros.ament_python' and name 'autopatrol_robot'
[0.196s] Level 1:colcon.colcon_core.package_identification:_identify(build) by extensions ['ignore', 'ignore_ament_install']
[0.196s] Level 1:colcon.colcon_core.package_identification:_identify(build) by extension 'ignore'
[0.196s] Level 1:colcon.colcon_core.package_identification:_identify(build) ignored
[0.196s] Level 1:colcon.colcon_core.package_identification:_identify(fishbot_application) by extensions ['ignore', 'ignore_ament_install']
[0.196s] Level 1:colcon.colcon_core.package_identification:_identify(fishbot_application) by extension 'ignore'
[0.196s] Level 1:colcon.colcon_core.package_identification:_identify(fishbot_application) by extension 'ignore_ament_install'
[0.196s] Level 1:colcon.colcon_core.package_identification:_identify(fishbot_application) by extensions ['colcon_pkg']
[0.196s] Level 1:colcon.colcon_core.package_identification:_identify(fishbot_application) by extension 'colcon_pkg'
[0.196s] Level 1:colcon.colcon_core.package_identification:_identify(fishbot_application) by extensions ['colcon_meta']
[0.196s] Level 1:colcon.colcon_core.package_identification:_identify(fishbot_application) by extension 'colcon_meta'
[0.196s] Level 1:colcon.colcon_core.package_identification:_identify(fishbot_application) by extensions ['ros']
[0.196s] Level 1:colcon.colcon_core.package_identification:_identify(fishbot_application) by extension 'ros'
[0.197s] DEBUG:colcon.colcon_core.package_identification:Package 'fishbot_application' with type 'ros.ament_python' and name 'fishbot_application'
[0.197s] Level 1:colcon.colcon_core.package_identification:_identify(fishbot_description) by extensions ['ignore', 'ignore_ament_install']
[0.197s] Level 1:colcon.colcon_core.package_identification:_identify(fishbot_description) by extension 'ignore'
[0.197s] Level 1:colcon.colcon_core.package_identification:_identify(fishbot_description) by extension 'ignore_ament_install'
[0.198s] Level 1:colcon.colcon_core.package_identification:_identify(fishbot_description) by extensions ['colcon_pkg']
[0.198s] Level 1:colcon.colcon_core.package_identification:_identify(fishbot_description) by extension 'colcon_pkg'
[0.198s] Level 1:colcon.colcon_core.package_identification:_identify(fishbot_description) by extensions ['colcon_meta']
[0.198s] Level 1:colcon.colcon_core.package_identification:_identify(fishbot_description) by extension 'colcon_meta'
[0.198s] Level 1:colcon.colcon_core.package_identification:_identify(fishbot_description) by extensions ['ros']
[0.198s] Level 1:colcon.colcon_core.package_identification:_identify(fishbot_description) by extension 'ros'
[0.198s] DEBUG:colcon.colcon_core.package_identification:Package 'fishbot_description' with type 'ros.ament_cmake' and name 'fishbot_description'
[0.199s] Level 1:colcon.colcon_core.package_identification:_identify(fishbot_navigation2) by extensions ['ignore', 'ignore_ament_install']
[0.199s] Level 1:colcon.colcon_core.package_identification:_identify(fishbot_navigation2) by extension 'ignore'
[0.199s] Level 1:colcon.colcon_core.package_identification:_identify(fishbot_navigation2) by extension 'ignore_ament_install'
[0.199s] Level 1:colcon.colcon_core.package_identification:_identify(fishbot_navigation2) by extensions ['colcon_pkg']
[0.199s] Level 1:colcon.colcon_core.package_identification:_identify(fishbot_navigation2) by extension 'colcon_pkg'
[0.199s] Level 1:colcon.colcon_core.package_identification:_identify(fishbot_navigation2) by extensions ['colcon_meta']
[0.199s] Level 1:colcon.colcon_core.package_identification:_identify(fishbot_navigation2) by extension 'colcon_meta'
[0.199s] Level 1:colcon.colcon_core.package_identification:_identify(fishbot_navigation2) by extensions ['ros']
[0.199s] Level 1:colcon.colcon_core.package_identification:_identify(fishbot_navigation2) by extension 'ros'
[0.199s] DEBUG:colcon.colcon_core.package_identification:Package 'fishbot_navigation2' with type 'ros.ament_cmake' and name 'fishbot_navigation2'
[0.199s] Level 1:colcon.colcon_core.package_identification:_identify(install) by extensions ['ignore', 'ignore_ament_install']
[0.200s] Level 1:colcon.colcon_core.package_identification:_identify(install) by extension 'ignore'
[0.200s] Level 1:colcon.colcon_core.package_identification:_identify(install) ignored
[0.200s] Level 1:colcon.colcon_core.package_identification:_identify(log) by extensions ['ignore', 'ignore_ament_install']
[0.200s] Level 1:colcon.colcon_core.package_identification:_identify(log) by extension 'ignore'
[0.200s] Level 1:colcon.colcon_core.package_identification:_identify(log) ignored
[0.200s] Level 1:colcon.colcon_core.package_discovery:discover_packages(recursive) using defaults
[0.200s] Level 1:colcon.colcon_core.package_discovery:discover_packages(ignore) discover
[0.200s] Level 1:colcon.colcon_core.package_discovery:discover_packages(ignore) using defaults
[0.200s] Level 1:colcon.colcon_core.package_discovery:discover_packages(path) discover
[0.200s] Level 1:colcon.colcon_core.package_discovery:discover_packages(path) using defaults
[0.214s] Level 1:colcon.colcon_core.package_discovery:discover_packages(prefix_path) check parameters
[0.214s] Level 1:colcon.colcon_core.package_discovery:discover_packages(prefix_path) discover
[0.215s] DEBUG:colcon.colcon_installed_package_information.package_discovery:Found 5 installed packages in /home/zkl/chapt7/chapt7_ws/src/install
[0.216s] DEBUG:colcon.colcon_installed_package_information.package_discovery:Found 4 installed packages in /home/zkl/chapt7/chapt7_ws/install
[0.217s] DEBUG:colcon.colcon_installed_package_information.package_discovery:Found 363 installed packages in /opt/ros/humble
[0.219s] Level 1:colcon.colcon_core.package_discovery:discover_packages(prefix_path) using defaults
[0.256s] Level 5:colcon.colcon_core.verb:set package 'autopatrol_interfaces' build argument 'cmake_args' from command line to 'None'
[0.256s] Level 5:colcon.colcon_core.verb:set package 'autopatrol_interfaces' build argument 'cmake_target' from command line to 'None'
[0.256s] Level 5:colcon.colcon_core.verb:set package 'autopatrol_interfaces' build argument 'cmake_target_skip_unavailable' from command line to 'False'
[0.256s] Level 5:colcon.colcon_core.verb:set package 'autopatrol_interfaces' build argument 'cmake_clean_cache' from command line to 'False'
[0.256s] Level 5:colcon.colcon_core.verb:set package 'autopatrol_interfaces' build argument 'cmake_clean_first' from command line to 'False'
[0.256s] Level 5:colcon.colcon_core.verb:set package 'autopatrol_interfaces' build argument 'cmake_force_configure' from command line to 'False'
[0.256s] Level 5:colcon.colcon_core.verb:set package 'autopatrol_interfaces' build argument 'ament_cmake_args' from command line to 'None'
[0.256s] Level 5:colcon.colcon_core.verb:set package 'autopatrol_interfaces' build argument 'catkin_cmake_args' from command line to 'None'
[0.256s] Level 5:colcon.colcon_core.verb:set package 'autopatrol_interfaces' build argument 'catkin_skip_building_tests' from command line to 'False'
[0.256s] DEBUG:colcon.colcon_core.verb:Building package 'autopatrol_interfaces' with the following arguments: {'ament_cmake_args': None, 'build_base': '/home/zkl/chapt7/chapt7_ws/src/build/autopatrol_interfaces', 'catkin_cmake_args': None, 'catkin_skip_building_tests': False, 'cmake_args': None, 'cmake_clean_cache': False, 'cmake_clean_first': False, 'cmake_force_configure': False, 'cmake_target': None, 'cmake_target_skip_unavailable': False, 'install_base': '/home/zkl/chapt7/chapt7_ws/src/install/autopatrol_interfaces', 'merge_install': False, 'path': '/home/zkl/chapt7/chapt7_ws/src/autopatrol_interfaces', 'symlink_install': False, 'test_result_base': None}
[0.256s] Level 5:colcon.colcon_core.verb:set package 'autopatrol_robot' build argument 'cmake_args' from command line to 'None'
[0.256s] Level 5:colcon.colcon_core.verb:set package 'autopatrol_robot' build argument 'cmake_target' from command line to 'None'
[0.256s] Level 5:colcon.colcon_core.verb:set package 'autopatrol_robot' build argument 'cmake_target_skip_unavailable' from command line to 'False'
[0.256s] Level 5:colcon.colcon_core.verb:set package 'autopatrol_robot' build argument 'cmake_clean_cache' from command line to 'False'
[0.256s] Level 5:colcon.colcon_core.verb:set package 'autopatrol_robot' build argument 'cmake_clean_first' from command line to 'False'
[0.256s] Level 5:colcon.colcon_core.verb:set package 'autopatrol_robot' build argument 'cmake_force_configure' from command line to 'False'
[0.256s] Level 5:colcon.colcon_core.verb:set package 'autopatrol_robot' build argument 'ament_cmake_args' from command line to 'None'
[0.256s] Level 5:colcon.colcon_core.verb:set package 'autopatrol_robot' build argument 'catkin_cmake_args' from command line to 'None'
[0.256s] Level 5:colcon.colcon_core.verb:set package 'autopatrol_robot' build argument 'catkin_skip_building_tests' from command line to 'False'
[0.256s] DEBUG:colcon.colcon_core.verb:Building package 'autopatrol_robot' with the following arguments: {'ament_cmake_args': None, 'build_base': '/home/zkl/chapt7/chapt7_ws/src/build/autopatrol_robot', 'catkin_cmake_args': None, 'catkin_skip_building_tests': False, 'cmake_args': None, 'cmake_clean_cache': False, 'cmake_clean_first': False, 'cmake_force_configure': False, 'cmake_target': None, 'cmake_target_skip_unavailable': False, 'install_base': '/home/zkl/chapt7/chapt7_ws/src/install/autopatrol_robot', 'merge_install': False, 'path': '/home/zkl/chapt7/chapt7_ws/src/autopatrol_robot', 'symlink_install': False, 'test_result_base': None}
[0.257s] Level 5:colcon.colcon_core.verb:set package 'fishbot_application' build argument 'cmake_args' from command line to 'None'
[0.257s] Level 5:colcon.colcon_core.verb:set package 'fishbot_application' build argument 'cmake_target' from command line to 'None'
[0.257s] Level 5:colcon.colcon_core.verb:set package 'fishbot_application' build argument 'cmake_target_skip_unavailable' from command line to 'False'
[0.257s] Level 5:colcon.colcon_core.verb:set package 'fishbot_application' build argument 'cmake_clean_cache' from command line to 'False'
[0.257s] Level 5:colcon.colcon_core.verb:set package 'fishbot_application' build argument 'cmake_clean_first' from command line to 'False'
[0.257s] Level 5:colcon.colcon_core.verb:set package 'fishbot_application' build argument 'cmake_force_configure' from command line to 'False'
[0.257s] Level 5:colcon.colcon_core.verb:set package 'fishbot_application' build argument 'ament_cmake_args' from command line to 'None'
[0.257s] Level 5:colcon.colcon_core.verb:set package 'fishbot_application' build argument 'catkin_cmake_args' from command line to 'None'
[0.257s] Level 5:colcon.colcon_core.verb:set package 'fishbot_application' build argument 'catkin_skip_building_tests' from command line to 'False'
[0.257s] DEBUG:colcon.colcon_core.verb:Building package 'fishbot_application' with the following arguments: {'ament_cmake_args': None, 'build_base': '/home/zkl/chapt7/chapt7_ws/src/build/fishbot_application', 'catkin_cmake_args': None, 'catkin_skip_building_tests': False, 'cmake_args': None, 'cmake_clean_cache': False, 'cmake_clean_first': False, 'cmake_force_configure': False, 'cmake_target': None, 'cmake_target_skip_unavailable': False, 'install_base': '/home/zkl/chapt7/chapt7_ws/src/install/fishbot_application', 'merge_install': False, 'path': '/home/zkl/chapt7/chapt7_ws/src/fishbot_application', 'symlink_install': False, 'test_result_base': None}
[0.257s] Level 5:colcon.colcon_core.verb:set package 'fishbot_description' build argument 'cmake_args' from command line to 'None'
[0.257s] Level 5:colcon.colcon_core.verb:set package 'fishbot_description' build argument 'cmake_target' from command line to 'None'
[0.257s] Level 5:colcon.colcon_core.verb:set package 'fishbot_description' build argument 'cmake_target_skip_unavailable' from command line to 'False'
[0.257s] Level 5:colcon.colcon_core.verb:set package 'fishbot_description' build argument 'cmake_clean_cache' from command line to 'False'
[0.257s] Level 5:colcon.colcon_core.verb:set package 'fishbot_description' build argument 'cmake_clean_first' from command line to 'False'
[0.257s] Level 5:colcon.colcon_core.verb:set package 'fishbot_description' build argument 'cmake_force_configure' from command line to 'False'
[0.257s] Level 5:colcon.colcon_core.verb:set package 'fishbot_description' build argument 'ament_cmake_args' from command line to 'None'
[0.257s] Level 5:colcon.colcon_core.verb:set package 'fishbot_description' build argument 'catkin_cmake_args' from command line to 'None'
[0.257s] Level 5:colcon.colcon_core.verb:set package 'fishbot_description' build argument 'catkin_skip_building_tests' from command line to 'False'
[0.257s] DEBUG:colcon.colcon_core.verb:Building package 'fishbot_description' with the following arguments: {'ament_cmake_args': None, 'build_base': '/home/zkl/chapt7/chapt7_ws/src/build/fishbot_description', 'catkin_cmake_args': None, 'catkin_skip_building_tests': False, 'cmake_args': None, 'cmake_clean_cache': False, 'cmake_clean_first': False, 'cmake_force_configure': False, 'cmake_target': None, 'cmake_target_skip_unavailable': False, 'install_base': '/home/zkl/chapt7/chapt7_ws/src/install/fishbot_description', 'merge_install': False, 'path': '/home/zkl/chapt7/chapt7_ws/src/fishbot_description', 'symlink_install': False, 'test_result_base': None}
[0.257s] Level 5:colcon.colcon_core.verb:set package 'fishbot_navigation2' build argument 'cmake_args' from command line to 'None'
[0.257s] Level 5:colcon.colcon_core.verb:set package 'fishbot_navigation2' build argument 'cmake_target' from command line to 'None'
[0.257s] Level 5:colcon.colcon_core.verb:set package 'fishbot_navigation2' build argument 'cmake_target_skip_unavailable' from command line to 'False'
[0.257s] Level 5:colcon.colcon_core.verb:set package 'fishbot_navigation2' build argument 'cmake_clean_cache' from command line to 'False'
[0.257s] Level 5:colcon.colcon_core.verb:set package 'fishbot_navigation2' build argument 'cmake_clean_first' from command line to 'False'
[0.257s] Level 5:colcon.colcon_core.verb:set package 'fishbot_navigation2' build argument 'cmake_force_configure' from command line to 'False'
[0.257s] Level 5:colcon.colcon_core.verb:set package 'fishbot_navigation2' build argument 'ament_cmake_args' from command line to 'None'
[0.257s] Level 5:colcon.colcon_core.verb:set package 'fishbot_navigation2' build argument 'catkin_cmake_args' from command line to 'None'
[0.257s] Level 5:colcon.colcon_core.verb:set package 'fishbot_navigation2' build argument 'catkin_skip_building_tests' from command line to 'False'
[0.257s] DEBUG:colcon.colcon_core.verb:Building package 'fishbot_navigation2' with the following arguments: {'ament_cmake_args': None, 'build_base': '/home/zkl/chapt7/chapt7_ws/src/build/fishbot_navigation2', 'catkin_cmake_args': None, 'catkin_skip_building_tests': False, 'cmake_args': None, 'cmake_clean_cache': False, 'cmake_clean_first': False, 'cmake_force_configure': False, 'cmake_target': None, 'cmake_target_skip_unavailable': False, 'install_base': '/home/zkl/chapt7/chapt7_ws/src/install/fishbot_navigation2', 'merge_install': False, 'path': '/home/zkl/chapt7/chapt7_ws/src/fishbot_navigation2', 'symlink_install': False, 'test_result_base': None}
[0.258s] INFO:colcon.colcon_core.executor:Executing jobs using 'parallel' executor
[0.258s] DEBUG:colcon.colcon_parallel_executor.executor.parallel:run_until_complete
[0.259s] INFO:colcon.colcon_ros.task.ament_cmake.build:Building ROS package in '/home/zkl/chapt7/chapt7_ws/src/autopatrol_interfaces' with build type 'ament_cmake'
[0.259s] INFO:colcon.colcon_cmake.task.cmake.build:Building CMake package in '/home/zkl/chapt7/chapt7_ws/src/autopatrol_interfaces'
[0.260s] INFO:colcon.colcon_core.plugin_system:Skipping extension 'colcon_core.shell.bat': Not used on non-Windows systems
[0.261s] INFO:colcon.colcon_core.shell:Skip shell extension 'powershell' for command environment: Not usable outside of PowerShell
[0.261s] DEBUG:colcon.colcon_core.shell:Skip shell extension 'dsv' for command environment
[0.265s] INFO:colcon.colcon_ros.task.ament_python.build:Building ROS package in '/home/zkl/chapt7/chapt7_ws/src/autopatrol_robot' with build type 'ament_python'
[0.265s] Level 1:colcon.colcon_core.shell:create_environment_hook('autopatrol_robot', 'ament_prefix_path')
[0.265s] INFO:colcon.colcon_core.shell:Creating environment hook '/home/zkl/chapt7/chapt7_ws/src/install/autopatrol_robot/share/autopatrol_robot/hook/ament_prefix_path.ps1'
[0.266s] INFO:colcon.colcon_core.shell:Creating environment descriptor '/home/zkl/chapt7/chapt7_ws/src/install/autopatrol_robot/share/autopatrol_robot/hook/ament_prefix_path.dsv'
[0.267s] INFO:colcon.colcon_core.shell:Creating environment hook '/home/zkl/chapt7/chapt7_ws/src/install/autopatrol_robot/share/autopatrol_robot/hook/ament_prefix_path.sh'
[0.268s] INFO:colcon.colcon_core.shell:Skip shell extension 'powershell' for command environment: Not usable outside of PowerShell
[0.268s] DEBUG:colcon.colcon_core.shell:Skip shell extension 'dsv' for command environment
[0.271s] INFO:colcon.colcon_ros.task.ament_python.build:Building ROS package in '/home/zkl/chapt7/chapt7_ws/src/fishbot_application' with build type 'ament_python'
[0.271s] Level 1:colcon.colcon_core.shell:create_environment_hook('fishbot_application', 'ament_prefix_path')
[0.273s] INFO:colcon.colcon_core.shell:Creating environment hook '/home/zkl/chapt7/chapt7_ws/src/install/fishbot_application/share/fishbot_application/hook/ament_prefix_path.ps1'
[0.273s] INFO:colcon.colcon_core.shell:Creating environment descriptor '/home/zkl/chapt7/chapt7_ws/src/install/fishbot_application/share/fishbot_application/hook/ament_prefix_path.dsv'
[0.273s] INFO:colcon.colcon_core.shell:Creating environment hook '/home/zkl/chapt7/chapt7_ws/src/install/fishbot_application/share/fishbot_application/hook/ament_prefix_path.sh'
[0.274s] INFO:colcon.colcon_core.shell:Skip shell extension 'powershell' for command environment: Not usable outside of PowerShell
[0.274s] DEBUG:colcon.colcon_core.shell:Skip shell extension 'dsv' for command environment
[0.280s] INFO:colcon.colcon_ros.task.ament_cmake.build:Building ROS package in '/home/zkl/chapt7/chapt7_ws/src/fishbot_description' with build type 'ament_cmake'
[0.280s] INFO:colcon.colcon_cmake.task.cmake.build:Building CMake package in '/home/zkl/chapt7/chapt7_ws/src/fishbot_description'
[0.280s] INFO:colcon.colcon_core.shell:Skip shell extension 'powershell' for command environment: Not usable outside of PowerShell
[0.281s] DEBUG:colcon.colcon_core.shell:Skip shell extension 'dsv' for command environment
[0.285s] INFO:colcon.colcon_ros.task.ament_cmake.build:Building ROS package in '/home/zkl/chapt7/chapt7_ws/src/fishbot_navigation2' with build type 'ament_cmake'
[0.285s] INFO:colcon.colcon_cmake.task.cmake.build:Building CMake package in '/home/zkl/chapt7/chapt7_ws/src/fishbot_navigation2'
[0.285s] INFO:colcon.colcon_core.shell:Skip shell extension 'powershell' for command environment: Not usable outside of PowerShell
[0.285s] DEBUG:colcon.colcon_core.shell:Skip shell extension 'dsv' for command environment
[0.299s] DEBUG:colcon.colcon_core.event_handler.log_command:Invoking command in '/home/zkl/chapt7/chapt7_ws/src/build/autopatrol_interfaces': CMAKE_PREFIX_PATH=${CMAKE_PREFIX_PATH}:/home/zkl/chapt7/chapt7_ws/src/install/fishbot_application:/home/zkl/chapt7/chapt7_ws/src/install/autopatrol_robot:/home/zkl/chapt7/chapt7_ws/install/autopatrol_robot:/home/zkl/chapt7/chapt7_ws/install/fishbot_application:/opt/ros/humble /usr/bin/cmake --build /home/zkl/chapt7/chapt7_ws/src/build/autopatrol_interfaces -- -j20 -l20
[0.570s] INFO:colcon.colcon_core.task.python.build:Building Python package in '/home/zkl/chapt7/chapt7_ws/src/autopatrol_robot'
[0.570s] INFO:colcon.colcon_core.shell:Skip shell extension 'powershell' for command environment: Not usable outside of PowerShell
[0.571s] DEBUG:colcon.colcon_core.shell:Skip shell extension 'dsv' for command environment
[0.768s] INFO:colcon.colcon_core.task.python.build:Building Python package in '/home/zkl/chapt7/chapt7_ws/src/fishbot_application'
[0.769s] INFO:colcon.colcon_core.shell:Skip shell extension 'powershell' for command environment: Not usable outside of PowerShell
[0.769s] DEBUG:colcon.colcon_core.shell:Skip shell extension 'dsv' for command environment
[0.775s] DEBUG:colcon.colcon_core.event_handler.log_command:Invoking command in '/home/zkl/chapt7/chapt7_ws/src/build/fishbot_description': CMAKE_PREFIX_PATH=${CMAKE_PREFIX_PATH}:/home/zkl/chapt7/chapt7_ws/src/install/fishbot_application:/home/zkl/chapt7/chapt7_ws/src/install/autopatrol_robot:/home/zkl/chapt7/chapt7_ws/install/autopatrol_robot:/home/zkl/chapt7/chapt7_ws/install/fishbot_application:/opt/ros/humble /usr/bin/cmake --build /home/zkl/chapt7/chapt7_ws/src/build/fishbot_description -- -j20 -l20
[0.785s] DEBUG:colcon.colcon_core.event_handler.log_command:Invoking command in '/home/zkl/chapt7/chapt7_ws/src/build/fishbot_navigation2': CMAKE_PREFIX_PATH=${CMAKE_PREFIX_PATH}:/home/zkl/chapt7/chapt7_ws/src/install/fishbot_application:/home/zkl/chapt7/chapt7_ws/src/install/autopatrol_robot:/home/zkl/chapt7/chapt7_ws/install/autopatrol_robot:/home/zkl/chapt7/chapt7_ws/install/fishbot_application:/opt/ros/humble /usr/bin/cmake --build /home/zkl/chapt7/chapt7_ws/src/build/fishbot_navigation2 -- -j20 -l20
[0.792s] DEBUG:colcon.colcon_core.event_handler.log_command:Invoked command in '/home/zkl/chapt7/chapt7_ws/src/build/autopatrol_interfaces' returned '0': CMAKE_PREFIX_PATH=${CMAKE_PREFIX_PATH}:/home/zkl/chapt7/chapt7_ws/src/install/fishbot_application:/home/zkl/chapt7/chapt7_ws/src/install/autopatrol_robot:/home/zkl/chapt7/chapt7_ws/install/autopatrol_robot:/home/zkl/chapt7/chapt7_ws/install/fishbot_application:/opt/ros/humble /usr/bin/cmake --build /home/zkl/chapt7/chapt7_ws/src/build/autopatrol_interfaces -- -j20 -l20
[0.815s] DEBUG:colcon.colcon_core.event_handler.log_command:Invoked command in '/home/zkl/chapt7/chapt7_ws/src/build/fishbot_description' returned '0': CMAKE_PREFIX_PATH=${CMAKE_PREFIX_PATH}:/home/zkl/chapt7/chapt7_ws/src/install/fishbot_application:/home/zkl/chapt7/chapt7_ws/src/install/autopatrol_robot:/home/zkl/chapt7/chapt7_ws/install/autopatrol_robot:/home/zkl/chapt7/chapt7_ws/install/fishbot_application:/opt/ros/humble /usr/bin/cmake --build /home/zkl/chapt7/chapt7_ws/src/build/fishbot_description -- -j20 -l20
[0.817s] DEBUG:colcon.colcon_core.event_handler.log_command:Invoked command in '/home/zkl/chapt7/chapt7_ws/src/build/fishbot_navigation2' returned '0': CMAKE_PREFIX_PATH=${CMAKE_PREFIX_PATH}:/home/zkl/chapt7/chapt7_ws/src/install/fishbot_application:/home/zkl/chapt7/chapt7_ws/src/install/autopatrol_robot:/home/zkl/chapt7/chapt7_ws/install/autopatrol_robot:/home/zkl/chapt7/chapt7_ws/install/fishbot_application:/opt/ros/humble /usr/bin/cmake --build /home/zkl/chapt7/chapt7_ws/src/build/fishbot_navigation2 -- -j20 -l20
[0.851s] DEBUG:colcon.colcon_core.event_handler.log_command:Invoking command in '/home/zkl/chapt7/chapt7_ws/src/build/fishbot_description': CMAKE_PREFIX_PATH=${CMAKE_PREFIX_PATH}:/home/zkl/chapt7/chapt7_ws/src/install/fishbot_application:/home/zkl/chapt7/chapt7_ws/src/install/autopatrol_robot:/home/zkl/chapt7/chapt7_ws/install/autopatrol_robot:/home/zkl/chapt7/chapt7_ws/install/fishbot_application:/opt/ros/humble /usr/bin/cmake --install /home/zkl/chapt7/chapt7_ws/src/build/fishbot_description
[0.852s] DEBUG:colcon.colcon_core.event_handler.log_command:Invoking command in '/home/zkl/chapt7/chapt7_ws/src/build/fishbot_navigation2': CMAKE_PREFIX_PATH=${CMAKE_PREFIX_PATH}:/home/zkl/chapt7/chapt7_ws/src/install/fishbot_application:/home/zkl/chapt7/chapt7_ws/src/install/autopatrol_robot:/home/zkl/chapt7/chapt7_ws/install/autopatrol_robot:/home/zkl/chapt7/chapt7_ws/install/fishbot_application:/opt/ros/humble /usr/bin/cmake --install /home/zkl/chapt7/chapt7_ws/src/build/fishbot_navigation2
[0.864s] Level 1:colcon.colcon_core.environment:create_environment_scripts_only(fishbot_description)
[0.881s] DEBUG:colcon.colcon_core.event_handler.log_command:Invoked command in '/home/zkl/chapt7/chapt7_ws/src/build/fishbot_description' returned '0': CMAKE_PREFIX_PATH=${CMAKE_PREFIX_PATH}:/home/zkl/chapt7/chapt7_ws/src/install/fishbot_application:/home/zkl/chapt7/chapt7_ws/src/install/autopatrol_robot:/home/zkl/chapt7/chapt7_ws/install/autopatrol_robot:/home/zkl/chapt7/chapt7_ws/install/fishbot_application:/opt/ros/humble /usr/bin/cmake --install /home/zkl/chapt7/chapt7_ws/src/build/fishbot_description
[0.882s] Level 1:colcon.colcon_core.environment:checking '/home/zkl/chapt7/chapt7_ws/src/install/fishbot_description' for CMake module files
[0.883s] Level 1:colcon.colcon_core.environment:checking '/home/zkl/chapt7/chapt7_ws/src/install/fishbot_description' for CMake config files
[0.884s] Level 1:colcon.colcon_core.shell:create_environment_hook('fishbot_description', 'cmake_prefix_path')
[0.885s] INFO:colcon.colcon_core.shell:Creating environment hook '/home/zkl/chapt7/chapt7_ws/src/install/fishbot_description/share/fishbot_description/hook/cmake_prefix_path.ps1'
[0.885s] INFO:colcon.colcon_core.shell:Creating environment descriptor '/home/zkl/chapt7/chapt7_ws/src/install/fishbot_description/share/fishbot_description/hook/cmake_prefix_path.dsv'
[0.886s] INFO:colcon.colcon_core.shell:Creating environment hook '/home/zkl/chapt7/chapt7_ws/src/install/fishbot_description/share/fishbot_description/hook/cmake_prefix_path.sh'
[0.887s] Level 1:colcon.colcon_core.environment:checking '/home/zkl/chapt7/chapt7_ws/src/install/fishbot_description/bin'
[0.887s] Level 1:colcon.colcon_core.environment:checking '/home/zkl/chapt7/chapt7_ws/src/install/fishbot_description/lib/pkgconfig/fishbot_description.pc'
[0.887s] Level 1:colcon.colcon_core.environment:checking '/home/zkl/chapt7/chapt7_ws/src/install/fishbot_description/lib/python3.10/site-packages'
[0.887s] Level 1:colcon.colcon_core.environment:checking '/home/zkl/chapt7/chapt7_ws/src/install/fishbot_description/bin'
[0.888s] INFO:colcon.colcon_core.shell:Creating package script '/home/zkl/chapt7/chapt7_ws/src/install/fishbot_description/share/fishbot_description/package.ps1'
[0.888s] INFO:colcon.colcon_core.shell:Creating package descriptor '/home/zkl/chapt7/chapt7_ws/src/install/fishbot_description/share/fishbot_description/package.dsv'
[0.889s] INFO:colcon.colcon_core.shell:Creating package script '/home/zkl/chapt7/chapt7_ws/src/install/fishbot_description/share/fishbot_description/package.sh'
[0.890s] INFO:colcon.colcon_core.shell:Creating package script '/home/zkl/chapt7/chapt7_ws/src/install/fishbot_description/share/fishbot_description/package.bash'
[0.890s] INFO:colcon.colcon_core.shell:Creating package script '/home/zkl/chapt7/chapt7_ws/src/install/fishbot_description/share/fishbot_description/package.zsh'
[0.890s] Level 1:colcon.colcon_core.environment:create_file_with_runtime_dependencies(/home/zkl/chapt7/chapt7_ws/src/install/fishbot_description/share/colcon-core/packages/fishbot_description)
[0.892s] Level 1:colcon.colcon_core.environment:create_environment_scripts_only(fishbot_navigation2)
[0.892s] Level 1:colcon.colcon_core.environment:checking '/home/zkl/chapt7/chapt7_ws/src/install/fishbot_navigation2' for CMake module files
[0.893s] DEBUG:colcon.colcon_core.event_handler.log_command:Invoked command in '/home/zkl/chapt7/chapt7_ws/src/build/fishbot_navigation2' returned '0': CMAKE_PREFIX_PATH=${CMAKE_PREFIX_PATH}:/home/zkl/chapt7/chapt7_ws/src/install/fishbot_application:/home/zkl/chapt7/chapt7_ws/src/install/autopatrol_robot:/home/zkl/chapt7/chapt7_ws/install/autopatrol_robot:/home/zkl/chapt7/chapt7_ws/install/fishbot_application:/opt/ros/humble /usr/bin/cmake --install /home/zkl/chapt7/chapt7_ws/src/build/fishbot_navigation2
[0.893s] Level 1:colcon.colcon_core.environment:checking '/home/zkl/chapt7/chapt7_ws/src/install/fishbot_navigation2' for CMake config files
[0.894s] Level 1:colcon.colcon_core.shell:create_environment_hook('fishbot_navigation2', 'cmake_prefix_path')
[0.894s] INFO:colcon.colcon_core.shell:Creating environment hook '/home/zkl/chapt7/chapt7_ws/src/install/fishbot_navigation2/share/fishbot_navigation2/hook/cmake_prefix_path.ps1'
[0.895s] INFO:colcon.colcon_core.shell:Creating environment descriptor '/home/zkl/chapt7/chapt7_ws/src/install/fishbot_navigation2/share/fishbot_navigation2/hook/cmake_prefix_path.dsv'
[0.896s] INFO:colcon.colcon_core.shell:Creating environment hook '/home/zkl/chapt7/chapt7_ws/src/install/fishbot_navigation2/share/fishbot_navigation2/hook/cmake_prefix_path.sh'
[0.897s] Level 1:colcon.colcon_core.environment:checking '/home/zkl/chapt7/chapt7_ws/src/install/fishbot_navigation2/bin'
[0.897s] Level 1:colcon.colcon_core.environment:checking '/home/zkl/chapt7/chapt7_ws/src/install/fishbot_navigation2/lib/pkgconfig/fishbot_navigation2.pc'
[0.897s] Level 1:colcon.colcon_core.environment:checking '/home/zkl/chapt7/chapt7_ws/src/install/fishbot_navigation2/lib/python3.10/site-packages'
[0.897s] Level 1:colcon.colcon_core.environment:checking '/home/zkl/chapt7/chapt7_ws/src/install/fishbot_navigation2/bin'
[0.897s] INFO:colcon.colcon_core.shell:Creating package script '/home/zkl/chapt7/chapt7_ws/src/install/fishbot_navigation2/share/fishbot_navigation2/package.ps1'
[0.898s] INFO:colcon.colcon_core.shell:Creating package descriptor '/home/zkl/chapt7/chapt7_ws/src/install/fishbot_navigation2/share/fishbot_navigation2/package.dsv'
[0.899s] INFO:colcon.colcon_core.shell:Creating package script '/home/zkl/chapt7/chapt7_ws/src/install/fishbot_navigation2/share/fishbot_navigation2/package.sh'
[0.899s] INFO:colcon.colcon_core.shell:Creating package script '/home/zkl/chapt7/chapt7_ws/src/install/fishbot_navigation2/share/fishbot_navigation2/package.bash'
[0.899s] INFO:colcon.colcon_core.shell:Creating package script '/home/zkl/chapt7/chapt7_ws/src/install/fishbot_navigation2/share/fishbot_navigation2/package.zsh'
[0.900s] Level 1:colcon.colcon_core.environment:create_file_with_runtime_dependencies(/home/zkl/chapt7/chapt7_ws/src/install/fishbot_navigation2/share/colcon-core/packages/fishbot_navigation2)
[0.904s] DEBUG:colcon.colcon_core.event_handler.log_command:Invoking command in '/home/zkl/chapt7/chapt7_ws/src/build/autopatrol_interfaces': CMAKE_PREFIX_PATH=${CMAKE_PREFIX_PATH}:/home/zkl/chapt7/chapt7_ws/src/install/fishbot_application:/home/zkl/chapt7/chapt7_ws/src/install/autopatrol_robot:/home/zkl/chapt7/chapt7_ws/install/autopatrol_robot:/home/zkl/chapt7/chapt7_ws/install/fishbot_application:/opt/ros/humble /usr/bin/cmake --install /home/zkl/chapt7/chapt7_ws/src/build/autopatrol_interfaces
[0.921s] Level 1:colcon.colcon_core.environment:create_environment_scripts_only(fishbot_description)
[0.923s] Level 1:colcon.colcon_core.environment:checking '/home/zkl/chapt7/chapt7_ws/src/install/fishbot_description' for CMake module files
[0.927s] Level 1:colcon.colcon_core.environment:checking '/home/zkl/chapt7/chapt7_ws/src/install/fishbot_description' for CMake config files
[0.931s] Level 1:colcon.colcon_core.shell:create_environment_hook('fishbot_description', 'cmake_prefix_path')
[0.931s] INFO:colcon.colcon_core.shell:Creating environment hook '/home/zkl/chapt7/chapt7_ws/src/install/fishbot_description/share/fishbot_description/hook/cmake_prefix_path.ps1'
[0.932s] INFO:colcon.colcon_core.shell:Creating environment descriptor '/home/zkl/chapt7/chapt7_ws/src/install/fishbot_description/share/fishbot_description/hook/cmake_prefix_path.dsv'
[0.932s] INFO:colcon.colcon_core.shell:Creating environment hook '/home/zkl/chapt7/chapt7_ws/src/install/fishbot_description/share/fishbot_description/hook/cmake_prefix_path.sh'
[0.933s] Level 1:colcon.colcon_core.environment:checking '/home/zkl/chapt7/chapt7_ws/src/install/fishbot_description/bin'
[0.933s] Level 1:colcon.colcon_core.environment:checking '/home/zkl/chapt7/chapt7_ws/src/install/fishbot_description/lib/pkgconfig/fishbot_description.pc'
[0.933s] Level 1:colcon.colcon_core.environment:checking '/home/zkl/chapt7/chapt7_ws/src/install/fishbot_description/lib/python3.10/site-packages'
[0.934s] Level 1:colcon.colcon_core.environment:checking '/home/zkl/chapt7/chapt7_ws/src/install/fishbot_description/bin'
[0.934s] INFO:colcon.colcon_core.shell:Creating package script '/home/zkl/chapt7/chapt7_ws/src/install/fishbot_description/share/fishbot_description/package.ps1'
[0.934s] INFO:colcon.colcon_core.shell:Creating package descriptor '/home/zkl/chapt7/chapt7_ws/src/install/fishbot_description/share/fishbot_description/package.dsv'
[0.935s] INFO:colcon.colcon_core.shell:Creating package script '/home/zkl/chapt7/chapt7_ws/src/install/fishbot_description/share/fishbot_description/package.sh'
[0.935s] INFO:colcon.colcon_core.shell:Creating package script '/home/zkl/chapt7/chapt7_ws/src/install/fishbot_description/share/fishbot_description/package.bash'
[0.936s] INFO:colcon.colcon_core.shell:Creating package script '/home/zkl/chapt7/chapt7_ws/src/install/fishbot_description/share/fishbot_description/package.zsh'
[0.936s] Level 1:colcon.colcon_core.environment:create_file_with_runtime_dependencies(/home/zkl/chapt7/chapt7_ws/src/install/fishbot_description/share/colcon-core/packages/fishbot_description)
[0.937s] Level 1:colcon.colcon_core.environment:create_environment_scripts_only(fishbot_navigation2)
[0.937s] Level 1:colcon.colcon_core.environment:checking '/home/zkl/chapt7/chapt7_ws/src/install/fishbot_navigation2' for CMake module files
[0.939s] Level 1:colcon.colcon_core.environment:checking '/home/zkl/chapt7/chapt7_ws/src/install/fishbot_navigation2' for CMake config files
[0.939s] Level 1:colcon.colcon_core.shell:create_environment_hook('fishbot_navigation2', 'cmake_prefix_path')
[0.940s] INFO:colcon.colcon_core.shell:Creating environment hook '/home/zkl/chapt7/chapt7_ws/src/install/fishbot_navigation2/share/fishbot_navigation2/hook/cmake_prefix_path.ps1'
[0.940s] INFO:colcon.colcon_core.shell:Creating environment descriptor '/home/zkl/chapt7/chapt7_ws/src/install/fishbot_navigation2/share/fishbot_navigation2/hook/cmake_prefix_path.dsv'
[0.940s] INFO:colcon.colcon_core.shell:Creating environment hook '/home/zkl/chapt7/chapt7_ws/src/install/fishbot_navigation2/share/fishbot_navigation2/hook/cmake_prefix_path.sh'
[0.941s] Level 1:colcon.colcon_core.environment:checking '/home/zkl/chapt7/chapt7_ws/src/install/fishbot_navigation2/bin'
[0.941s] Level 1:colcon.colcon_core.environment:checking '/home/zkl/chapt7/chapt7_ws/src/install/fishbot_navigation2/lib/pkgconfig/fishbot_navigation2.pc'
[0.941s] Level 1:colcon.colcon_core.environment:checking '/home/zkl/chapt7/chapt7_ws/src/install/fishbot_navigation2/lib/python3.10/site-packages'
[0.941s] Level 1:colcon.colcon_core.environment:checking '/home/zkl/chapt7/chapt7_ws/src/install/fishbot_navigation2/bin'
[0.941s] INFO:colcon.colcon_core.shell:Creating package script '/home/zkl/chapt7/chapt7_ws/src/install/fishbot_navigation2/share/fishbot_navigation2/package.ps1'
[0.942s] INFO:colcon.colcon_core.shell:Creating package descriptor '/home/zkl/chapt7/chapt7_ws/src/install/fishbot_navigation2/share/fishbot_navigation2/package.dsv'
[0.942s] INFO:colcon.colcon_core.shell:Creating package script '/home/zkl/chapt7/chapt7_ws/src/install/fishbot_navigation2/share/fishbot_navigation2/package.sh'
[0.943s] INFO:colcon.colcon_core.shell:Creating package script '/home/zkl/chapt7/chapt7_ws/src/install/fishbot_navigation2/share/fishbot_navigation2/package.bash'
[0.943s] INFO:colcon.colcon_core.shell:Creating package script '/home/zkl/chapt7/chapt7_ws/src/install/fishbot_navigation2/share/fishbot_navigation2/package.zsh'
[0.944s] Level 1:colcon.colcon_core.environment:create_file_with_runtime_dependencies(/home/zkl/chapt7/chapt7_ws/src/install/fishbot_navigation2/share/colcon-core/packages/fishbot_navigation2)
[0.986s] Level 1:colcon.colcon_core.environment:create_environment_scripts_only(autopatrol_interfaces)
[0.987s] Level 1:colcon.colcon_core.environment:checking '/home/zkl/chapt7/chapt7_ws/src/install/autopatrol_interfaces' for CMake module files
[0.987s] DEBUG:colcon.colcon_core.event_handler.log_command:Invoked command in '/home/zkl/chapt7/chapt7_ws/src/build/autopatrol_interfaces' returned '0': CMAKE_PREFIX_PATH=${CMAKE_PREFIX_PATH}:/home/zkl/chapt7/chapt7_ws/src/install/fishbot_application:/home/zkl/chapt7/chapt7_ws/src/install/autopatrol_robot:/home/zkl/chapt7/chapt7_ws/install/autopatrol_robot:/home/zkl/chapt7/chapt7_ws/install/fishbot_application:/opt/ros/humble /usr/bin/cmake --install /home/zkl/chapt7/chapt7_ws/src/build/autopatrol_interfaces
[0.987s] Level 1:colcon.colcon_core.environment:checking '/home/zkl/chapt7/chapt7_ws/src/install/autopatrol_interfaces' for CMake config files
[0.988s] Level 1:colcon.colcon_core.shell:create_environment_hook('autopatrol_interfaces', 'cmake_prefix_path')
[0.988s] INFO:colcon.colcon_core.shell:Creating environment hook '/home/zkl/chapt7/chapt7_ws/src/install/autopatrol_interfaces/share/autopatrol_interfaces/hook/cmake_prefix_path.ps1'
[0.988s] INFO:colcon.colcon_core.shell:Creating environment descriptor '/home/zkl/chapt7/chapt7_ws/src/install/autopatrol_interfaces/share/autopatrol_interfaces/hook/cmake_prefix_path.dsv'
[0.989s] INFO:colcon.colcon_core.shell:Creating environment hook '/home/zkl/chapt7/chapt7_ws/src/install/autopatrol_interfaces/share/autopatrol_interfaces/hook/cmake_prefix_path.sh'
[0.990s] Level 1:colcon.colcon_core.environment:checking '/home/zkl/chapt7/chapt7_ws/src/install/autopatrol_interfaces/lib'
[0.990s] Level 1:colcon.colcon_core.shell:create_environment_hook('autopatrol_interfaces', 'ld_library_path_lib')
[0.990s] INFO:colcon.colcon_core.shell:Creating environment hook '/home/zkl/chapt7/chapt7_ws/src/install/autopatrol_interfaces/share/autopatrol_interfaces/hook/ld_library_path_lib.ps1'
[0.991s] INFO:colcon.colcon_core.shell:Creating environment descriptor '/home/zkl/chapt7/chapt7_ws/src/install/autopatrol_interfaces/share/autopatrol_interfaces/hook/ld_library_path_lib.dsv'
[0.991s] INFO:colcon.colcon_core.shell:Creating environment hook '/home/zkl/chapt7/chapt7_ws/src/install/autopatrol_interfaces/share/autopatrol_interfaces/hook/ld_library_path_lib.sh'
[0.991s] Level 1:colcon.colcon_core.environment:checking '/home/zkl/chapt7/chapt7_ws/src/install/autopatrol_interfaces/bin'
[0.992s] Level 1:colcon.colcon_core.environment:checking '/home/zkl/chapt7/chapt7_ws/src/install/autopatrol_interfaces/lib/pkgconfig/autopatrol_interfaces.pc'
[0.992s] Level 1:colcon.colcon_core.environment:checking '/home/zkl/chapt7/chapt7_ws/src/install/autopatrol_interfaces/lib/python3.10/site-packages'
[0.992s] Level 1:colcon.colcon_core.environment:checking '/home/zkl/chapt7/chapt7_ws/src/install/autopatrol_interfaces/bin'
[0.992s] INFO:colcon.colcon_core.shell:Creating package script '/home/zkl/chapt7/chapt7_ws/src/install/autopatrol_interfaces/share/autopatrol_interfaces/package.ps1'
[0.992s] INFO:colcon.colcon_core.shell:Creating package descriptor '/home/zkl/chapt7/chapt7_ws/src/install/autopatrol_interfaces/share/autopatrol_interfaces/package.dsv'
[0.993s] INFO:colcon.colcon_core.shell:Creating package script '/home/zkl/chapt7/chapt7_ws/src/install/autopatrol_interfaces/share/autopatrol_interfaces/package.sh'
[0.993s] INFO:colcon.colcon_core.shell:Creating package script '/home/zkl/chapt7/chapt7_ws/src/install/autopatrol_interfaces/share/autopatrol_interfaces/package.bash'
[0.993s] INFO:colcon.colcon_core.shell:Creating package script '/home/zkl/chapt7/chapt7_ws/src/install/autopatrol_interfaces/share/autopatrol_interfaces/package.zsh'
[0.994s] Level 1:colcon.colcon_core.environment:create_file_with_runtime_dependencies(/home/zkl/chapt7/chapt7_ws/src/install/autopatrol_interfaces/share/colcon-core/packages/autopatrol_interfaces)
[1.056s] Level 1:colcon.colcon_core.environment:create_environment_scripts_only(autopatrol_interfaces)
[1.056s] Level 1:colcon.colcon_core.environment:checking '/home/zkl/chapt7/chapt7_ws/src/install/autopatrol_interfaces' for CMake module files
[1.057s] Level 1:colcon.colcon_core.environment:checking '/home/zkl/chapt7/chapt7_ws/src/install/autopatrol_interfaces' for CMake config files
[1.057s] Level 1:colcon.colcon_core.shell:create_environment_hook('autopatrol_interfaces', 'cmake_prefix_path')
[1.058s] INFO:colcon.colcon_core.shell:Creating environment hook '/home/zkl/chapt7/chapt7_ws/src/install/autopatrol_interfaces/share/autopatrol_interfaces/hook/cmake_prefix_path.ps1'
[1.059s] INFO:colcon.colcon_core.shell:Creating environment descriptor '/home/zkl/chapt7/chapt7_ws/src/install/autopatrol_interfaces/share/autopatrol_interfaces/hook/cmake_prefix_path.dsv'
[1.059s] INFO:colcon.colcon_core.shell:Creating environment hook '/home/zkl/chapt7/chapt7_ws/src/install/autopatrol_interfaces/share/autopatrol_interfaces/hook/cmake_prefix_path.sh'
[1.059s] Level 1:colcon.colcon_core.environment:checking '/home/zkl/chapt7/chapt7_ws/src/install/autopatrol_interfaces/lib'
[1.060s] Level 1:colcon.colcon_core.shell:create_environment_hook('autopatrol_interfaces', 'ld_library_path_lib')
[1.060s] INFO:colcon.colcon_core.shell:Creating environment hook '/home/zkl/chapt7/chapt7_ws/src/install/autopatrol_interfaces/share/autopatrol_interfaces/hook/ld_library_path_lib.ps1'
[1.060s] INFO:colcon.colcon_core.shell:Creating environment descriptor '/home/zkl/chapt7/chapt7_ws/src/install/autopatrol_interfaces/share/autopatrol_interfaces/hook/ld_library_path_lib.dsv'
[1.060s] INFO:colcon.colcon_core.shell:Creating environment hook '/home/zkl/chapt7/chapt7_ws/src/install/autopatrol_interfaces/share/autopatrol_interfaces/hook/ld_library_path_lib.sh'
[1.061s] Level 1:colcon.colcon_core.environment:checking '/home/zkl/chapt7/chapt7_ws/src/install/autopatrol_interfaces/bin'
[1.061s] Level 1:colcon.colcon_core.environment:checking '/home/zkl/chapt7/chapt7_ws/src/install/autopatrol_interfaces/lib/pkgconfig/autopatrol_interfaces.pc'
[1.061s] Level 1:colcon.colcon_core.environment:checking '/home/zkl/chapt7/chapt7_ws/src/install/autopatrol_interfaces/lib/python3.10/site-packages'
[1.062s] Level 1:colcon.colcon_core.environment:checking '/home/zkl/chapt7/chapt7_ws/src/install/autopatrol_interfaces/bin'
[1.062s] INFO:colcon.colcon_core.shell:Creating package script '/home/zkl/chapt7/chapt7_ws/src/install/autopatrol_interfaces/share/autopatrol_interfaces/package.ps1'
[1.063s] INFO:colcon.colcon_core.shell:Creating package descriptor '/home/zkl/chapt7/chapt7_ws/src/install/autopatrol_interfaces/share/autopatrol_interfaces/package.dsv'
[1.064s] INFO:colcon.colcon_core.shell:Creating package script '/home/zkl/chapt7/chapt7_ws/src/install/autopatrol_interfaces/share/autopatrol_interfaces/package.sh'
[1.064s] INFO:colcon.colcon_core.shell:Creating package script '/home/zkl/chapt7/chapt7_ws/src/install/autopatrol_interfaces/share/autopatrol_interfaces/package.bash'
[1.065s] INFO:colcon.colcon_core.shell:Creating package script '/home/zkl/chapt7/chapt7_ws/src/install/autopatrol_interfaces/share/autopatrol_interfaces/package.zsh'
[1.065s] Level 1:colcon.colcon_core.environment:create_file_with_runtime_dependencies(/home/zkl/chapt7/chapt7_ws/src/install/autopatrol_interfaces/share/colcon-core/packages/autopatrol_interfaces)
[1.163s] DEBUG:colcon.colcon_core.event_handler.log_command:Invoking command in '/home/zkl/chapt7/chapt7_ws/src/autopatrol_robot': PYTHONPATH=/home/zkl/chapt7/chapt7_ws/src/build/autopatrol_robot/prefix_override:/usr/lib/python3/dist-packages/colcon_core/task/python/colcon_distutils_commands:/home/zkl/chapt7/chapt7_ws/src/install/autopatrol_robot/lib/python3.10/site-packages:${PYTHONPATH} /usr/bin/python3 -W ignore:setup.py install is deprecated setup.py egg_info --egg-base ../build/autopatrol_robot build --build-base /home/zkl/chapt7/chapt7_ws/src/build/autopatrol_robot/build install --record /home/zkl/chapt7/chapt7_ws/src/build/autopatrol_robot/install.log --single-version-externally-managed install_data
[1.169s] DEBUG:colcon.colcon_core.event_handler.log_command:Invoking command in '/home/zkl/chapt7/chapt7_ws/src/fishbot_application': PYTHONPATH=/home/zkl/chapt7/chapt7_ws/src/build/fishbot_application/prefix_override:/usr/lib/python3/dist-packages/colcon_core/task/python/colcon_distutils_commands:/home/zkl/chapt7/chapt7_ws/src/install/fishbot_application/lib/python3.10/site-packages:${PYTHONPATH} /usr/bin/python3 -W ignore:setup.py install is deprecated setup.py egg_info --egg-base ../build/fishbot_application build --build-base /home/zkl/chapt7/chapt7_ws/src/build/fishbot_application/build install --record /home/zkl/chapt7/chapt7_ws/src/build/fishbot_application/install.log --single-version-externally-managed install_data
[1.379s] Level 1:colcon.colcon_core.environment:checking '/home/zkl/chapt7/chapt7_ws/src/install/autopatrol_robot' for CMake module files
[1.379s] DEBUG:colcon.colcon_core.event_handler.log_command:Invoked command in '/home/zkl/chapt7/chapt7_ws/src/autopatrol_robot' returned '0': PYTHONPATH=/home/zkl/chapt7/chapt7_ws/src/build/autopatrol_robot/prefix_override:/usr/lib/python3/dist-packages/colcon_core/task/python/colcon_distutils_commands:/home/zkl/chapt7/chapt7_ws/src/install/autopatrol_robot/lib/python3.10/site-packages:${PYTHONPATH} /usr/bin/python3 -W ignore:setup.py install is deprecated setup.py egg_info --egg-base ../build/autopatrol_robot build --build-base /home/zkl/chapt7/chapt7_ws/src/build/autopatrol_robot/build install --record /home/zkl/chapt7/chapt7_ws/src/build/autopatrol_robot/install.log --single-version-externally-managed install_data
[1.380s] Level 1:colcon.colcon_core.environment:checking '/home/zkl/chapt7/chapt7_ws/src/install/autopatrol_robot' for CMake config files
[1.381s] Level 1:colcon.colcon_core.environment:checking '/home/zkl/chapt7/chapt7_ws/src/install/autopatrol_robot/lib'
[1.381s] Level 1:colcon.colcon_core.environment:checking '/home/zkl/chapt7/chapt7_ws/src/install/autopatrol_robot/bin'
[1.381s] Level 1:colcon.colcon_core.environment:checking '/home/zkl/chapt7/chapt7_ws/src/install/autopatrol_robot/lib/pkgconfig/autopatrol_robot.pc'
[1.381s] Level 1:colcon.colcon_core.environment:checking '/home/zkl/chapt7/chapt7_ws/src/install/autopatrol_robot/lib/python3.10/site-packages'
[1.381s] Level 1:colcon.colcon_core.shell:create_environment_hook('autopatrol_robot', 'pythonpath')
[1.381s] INFO:colcon.colcon_core.shell:Creating environment hook '/home/zkl/chapt7/chapt7_ws/src/install/autopatrol_robot/share/autopatrol_robot/hook/pythonpath.ps1'
[1.382s] INFO:colcon.colcon_core.shell:Creating environment descriptor '/home/zkl/chapt7/chapt7_ws/src/install/autopatrol_robot/share/autopatrol_robot/hook/pythonpath.dsv'
[1.382s] INFO:colcon.colcon_core.shell:Creating environment hook '/home/zkl/chapt7/chapt7_ws/src/install/autopatrol_robot/share/autopatrol_robot/hook/pythonpath.sh'
[1.383s] Level 1:colcon.colcon_core.environment:checking '/home/zkl/chapt7/chapt7_ws/src/install/autopatrol_robot/bin'
[1.383s] Level 1:colcon.colcon_core.environment:create_environment_scripts_only(autopatrol_robot)
[1.383s] INFO:colcon.colcon_core.shell:Creating package script '/home/zkl/chapt7/chapt7_ws/src/install/autopatrol_robot/share/autopatrol_robot/package.ps1'
[1.384s] INFO:colcon.colcon_core.shell:Creating package descriptor '/home/zkl/chapt7/chapt7_ws/src/install/autopatrol_robot/share/autopatrol_robot/package.dsv'
[1.384s] INFO:colcon.colcon_core.shell:Creating package script '/home/zkl/chapt7/chapt7_ws/src/install/autopatrol_robot/share/autopatrol_robot/package.sh'
[1.385s] INFO:colcon.colcon_core.shell:Creating package script '/home/zkl/chapt7/chapt7_ws/src/install/autopatrol_robot/share/autopatrol_robot/package.bash'
[1.385s] INFO:colcon.colcon_core.shell:Creating package script '/home/zkl/chapt7/chapt7_ws/src/install/autopatrol_robot/share/autopatrol_robot/package.zsh'
[1.386s] Level 1:colcon.colcon_core.environment:create_file_with_runtime_dependencies(/home/zkl/chapt7/chapt7_ws/src/install/autopatrol_robot/share/colcon-core/packages/autopatrol_robot)
[1.388s] Level 1:colcon.colcon_core.environment:checking '/home/zkl/chapt7/chapt7_ws/src/install/fishbot_application' for CMake module files
[1.388s] DEBUG:colcon.colcon_core.event_handler.log_command:Invoked command in '/home/zkl/chapt7/chapt7_ws/src/fishbot_application' returned '0': PYTHONPATH=/home/zkl/chapt7/chapt7_ws/src/build/fishbot_application/prefix_override:/usr/lib/python3/dist-packages/colcon_core/task/python/colcon_distutils_commands:/home/zkl/chapt7/chapt7_ws/src/install/fishbot_application/lib/python3.10/site-packages:${PYTHONPATH} /usr/bin/python3 -W ignore:setup.py install is deprecated setup.py egg_info --egg-base ../build/fishbot_application build --build-base /home/zkl/chapt7/chapt7_ws/src/build/fishbot_application/build install --record /home/zkl/chapt7/chapt7_ws/src/build/fishbot_application/install.log --single-version-externally-managed install_data
[1.389s] Level 1:colcon.colcon_core.environment:checking '/home/zkl/chapt7/chapt7_ws/src/install/fishbot_application' for CMake config files
[1.389s] Level 1:colcon.colcon_core.environment:checking '/home/zkl/chapt7/chapt7_ws/src/install/fishbot_application/lib'
[1.389s] Level 1:colcon.colcon_core.environment:checking '/home/zkl/chapt7/chapt7_ws/src/install/fishbot_application/bin'
[1.389s] Level 1:colcon.colcon_core.environment:checking '/home/zkl/chapt7/chapt7_ws/src/install/fishbot_application/lib/pkgconfig/fishbot_application.pc'
[1.389s] Level 1:colcon.colcon_core.environment:checking '/home/zkl/chapt7/chapt7_ws/src/install/fishbot_application/lib/python3.10/site-packages'
[1.389s] Level 1:colcon.colcon_core.shell:create_environment_hook('fishbot_application', 'pythonpath')
[1.390s] INFO:colcon.colcon_core.shell:Creating environment hook '/home/zkl/chapt7/chapt7_ws/src/install/fishbot_application/share/fishbot_application/hook/pythonpath.ps1'
[1.390s] INFO:colcon.colcon_core.shell:Creating environment descriptor '/home/zkl/chapt7/chapt7_ws/src/install/fishbot_application/share/fishbot_application/hook/pythonpath.dsv'
[1.391s] INFO:colcon.colcon_core.shell:Creating environment hook '/home/zkl/chapt7/chapt7_ws/src/install/fishbot_application/share/fishbot_application/hook/pythonpath.sh'
[1.391s] Level 1:colcon.colcon_core.environment:checking '/home/zkl/chapt7/chapt7_ws/src/install/fishbot_application/bin'
[1.391s] Level 1:colcon.colcon_core.environment:create_environment_scripts_only(fishbot_application)
[1.391s] INFO:colcon.colcon_core.shell:Creating package script '/home/zkl/chapt7/chapt7_ws/src/install/fishbot_application/share/fishbot_application/package.ps1'
[1.392s] INFO:colcon.colcon_core.shell:Creating package descriptor '/home/zkl/chapt7/chapt7_ws/src/install/fishbot_application/share/fishbot_application/package.dsv'
[1.392s] INFO:colcon.colcon_core.shell:Creating package script '/home/zkl/chapt7/chapt7_ws/src/install/fishbot_application/share/fishbot_application/package.sh'
[1.392s] INFO:colcon.colcon_core.shell:Creating package script '/home/zkl/chapt7/chapt7_ws/src/install/fishbot_application/share/fishbot_application/package.bash'
[1.392s] INFO:colcon.colcon_core.shell:Creating package script '/home/zkl/chapt7/chapt7_ws/src/install/fishbot_application/share/fishbot_application/package.zsh'
[1.393s] Level 1:colcon.colcon_core.environment:create_file_with_runtime_dependencies(/home/zkl/chapt7/chapt7_ws/src/install/fishbot_application/share/colcon-core/packages/fishbot_application)
[1.393s] DEBUG:colcon.colcon_parallel_executor.executor.parallel:closing loop
[1.393s] DEBUG:colcon.colcon_parallel_executor.executor.parallel:loop closed
[1.393s] DEBUG:colcon.colcon_parallel_executor.executor.parallel:run_until_complete finished with '0'
[1.393s] DEBUG:colcon.colcon_core.event_reactor:joining thread
[1.398s] INFO:colcon.colcon_core.plugin_system:Skipping extension 'colcon_notification.desktop_notification.terminal_notifier': Not used on non-Darwin systems
[1.398s] INFO:colcon.colcon_core.plugin_system:Skipping extension 'colcon_notification.desktop_notification.win32': Not used on non-Windows systems
[1.398s] INFO:colcon.colcon_notification.desktop_notification:Sending desktop notification using 'notify2'
[1.409s] DEBUG:colcon.colcon_core.event_reactor:joined thread
[1.409s] INFO:colcon.colcon_core.shell:Creating prefix script '/home/zkl/chapt7/chapt7_ws/src/install/local_setup.ps1'
[1.410s] INFO:colcon.colcon_core.shell:Creating prefix util module '/home/zkl/chapt7/chapt7_ws/src/install/_local_setup_util_ps1.py'
[1.411s] INFO:colcon.colcon_core.shell:Creating prefix chain script '/home/zkl/chapt7/chapt7_ws/src/install/setup.ps1'
[1.412s] INFO:colcon.colcon_core.shell:Creating prefix script '/home/zkl/chapt7/chapt7_ws/src/install/local_setup.sh'
[1.412s] INFO:colcon.colcon_core.shell:Creating prefix util module '/home/zkl/chapt7/chapt7_ws/src/install/_local_setup_util_sh.py'
[1.412s] INFO:colcon.colcon_core.shell:Creating prefix chain script '/home/zkl/chapt7/chapt7_ws/src/install/setup.sh'
[1.414s] INFO:colcon.colcon_core.shell:Creating prefix script '/home/zkl/chapt7/chapt7_ws/src/install/local_setup.bash'
[1.414s] INFO:colcon.colcon_core.shell:Creating prefix chain script '/home/zkl/chapt7/chapt7_ws/src/install/setup.bash'
[1.415s] INFO:colcon.colcon_core.shell:Creating prefix script '/home/zkl/chapt7/chapt7_ws/src/install/local_setup.zsh'
[1.415s] INFO:colcon.colcon_core.shell:Creating prefix chain script '/home/zkl/chapt7/chapt7_ws/src/install/setup.zsh'
