[0.005s] Invoking command in '/home/zkl/chapt6/chapt6_ws/src/fishbot_description/build/fishbot_description': CMAKE_PREFIX_PATH=${CMAKE_PREFIX_PATH}:/opt/ros/humble /usr/bin/cmake --build /home/zkl/chapt6/chapt6_ws/src/fishbot_description/build/fishbot_description -- -j20 -l20
[0.052s] -- Found ament_cmake: 1.3.10 (/opt/ros/humble/share/ament_cmake/cmake)
[0.290s] -- Found ament_lint_auto: 0.12.11 (/opt/ros/humble/share/ament_lint_auto/cmake)
[0.345s] -- Added test 'cppcheck' to perform static code analysis on C / C++ code
[0.345s] -- Configured cppcheck include dirs: 
[0.345s] -- Configured cppcheck exclude dirs and/or files: 
[0.345s] -- Added test 'flake8' to check Python code syntax and style conventions
[0.347s] -- Added test 'lint_cmake' to check CMake code style
[0.348s] -- Added test 'pep257' to check Python code against some of the docstring style conventions in PEP 257
[0.352s] -- Added test 'uncrustify' to check C / C++ code style
[0.352s] -- Configured uncrustify additional arguments: 
[0.352s] -- Added test 'xmllint' to check XML markup files
[0.353s] -- Configuring done
[0.355s] -- Generating done
[0.355s] -- Build files have been written to: /home/zkl/chapt6/chapt6_ws/src/fishbot_description/build/fishbot_description
[0.368s] Invoked command in '/home/zkl/chapt6/chapt6_ws/src/fishbot_description/build/fishbot_description' returned '0': CMAKE_PREFIX_PATH=${CMAKE_PREFIX_PATH}:/opt/ros/humble /usr/bin/cmake --build /home/zkl/chapt6/chapt6_ws/src/fishbot_description/build/fishbot_description -- -j20 -l20
[0.411s] Invoking command in '/home/zkl/chapt6/chapt6_ws/src/fishbot_description/build/fishbot_description': CMAKE_PREFIX_PATH=${CMAKE_PREFIX_PATH}:/opt/ros/humble /usr/bin/cmake --install /home/zkl/chapt6/chapt6_ws/src/fishbot_description/build/fishbot_description
[0.415s] -- Install configuration: ""
[0.415s] -- Up-to-date: /home/zkl/chapt6/chapt6_ws/src/fishbot_description/install/fishbot_description/share/fishbot_description/launch
[0.415s] -- Installing: /home/zkl/chapt6/chapt6_ws/src/fishbot_description/install/fishbot_description/share/fishbot_description/launch/display_robot.launch.py
[0.415s] -- Up-to-date: /home/zkl/chapt6/chapt6_ws/src/fishbot_description/install/fishbot_description/share/fishbot_description/urdf
[0.415s] -- Up-to-date: /home/zkl/chapt6/chapt6_ws/src/fishbot_description/install/fishbot_description/share/fishbot_description/urdf/first_robot.pdf
[0.415s] -- Up-to-date: /home/zkl/chapt6/chapt6_ws/src/fishbot_description/install/fishbot_description/share/fishbot_description/urdf/first_robot.gv
[0.415s] -- Up-to-date: /home/zkl/chapt6/chapt6_ws/src/fishbot_description/install/fishbot_description/share/fishbot_description/urdf/first_robot.urdf
[0.415s] -- Up-to-date: /home/zkl/chapt6/chapt6_ws/src/fishbot_description/install/fishbot_description/share/ament_index/resource_index/package_run_dependencies/fishbot_description
[0.415s] -- Installing: /home/zkl/chapt6/chapt6_ws/src/fishbot_description/install/fishbot_description/share/ament_index/resource_index/parent_prefix_path/fishbot_description
[0.415s] -- Up-to-date: /home/zkl/chapt6/chapt6_ws/src/fishbot_description/install/fishbot_description/share/fishbot_description/environment/ament_prefix_path.sh
[0.415s] -- Installing: /home/zkl/chapt6/chapt6_ws/src/fishbot_description/install/fishbot_description/share/fishbot_description/environment/ament_prefix_path.dsv
[0.416s] -- Up-to-date: /home/zkl/chapt6/chapt6_ws/src/fishbot_description/install/fishbot_description/share/fishbot_description/environment/path.sh
[0.416s] -- Installing: /home/zkl/chapt6/chapt6_ws/src/fishbot_description/install/fishbot_description/share/fishbot_description/environment/path.dsv
[0.416s] -- Up-to-date: /home/zkl/chapt6/chapt6_ws/src/fishbot_description/install/fishbot_description/share/fishbot_description/local_setup.bash
[0.416s] -- Up-to-date: /home/zkl/chapt6/chapt6_ws/src/fishbot_description/install/fishbot_description/share/fishbot_description/local_setup.sh
[0.416s] -- Up-to-date: /home/zkl/chapt6/chapt6_ws/src/fishbot_description/install/fishbot_description/share/fishbot_description/local_setup.zsh
[0.416s] -- Installing: /home/zkl/chapt6/chapt6_ws/src/fishbot_description/install/fishbot_description/share/fishbot_description/local_setup.dsv
[0.416s] -- Installing: /home/zkl/chapt6/chapt6_ws/src/fishbot_description/install/fishbot_description/share/fishbot_description/package.dsv
[0.416s] -- Up-to-date: /home/zkl/chapt6/chapt6_ws/src/fishbot_description/install/fishbot_description/share/ament_index/resource_index/packages/fishbot_description
[0.416s] -- Up-to-date: /home/zkl/chapt6/chapt6_ws/src/fishbot_description/install/fishbot_description/share/fishbot_description/cmake/fishbot_descriptionConfig.cmake
[0.416s] -- Up-to-date: /home/zkl/chapt6/chapt6_ws/src/fishbot_description/install/fishbot_description/share/fishbot_description/cmake/fishbot_descriptionConfig-version.cmake
[0.416s] -- Up-to-date: /home/zkl/chapt6/chapt6_ws/src/fishbot_description/install/fishbot_description/share/fishbot_description/package.xml
[0.417s] Invoked command in '/home/zkl/chapt6/chapt6_ws/src/fishbot_description/build/fishbot_description' returned '0': CMAKE_PREFIX_PATH=${CMAKE_PREFIX_PATH}:/opt/ros/humble /usr/bin/cmake --install /home/zkl/chapt6/chapt6_ws/src/fishbot_description/build/fishbot_description
